This file contains any messages produced by compilers while
running configure, to aid debugging if configure makes a mistake.

It was created by Yices configure 2, which was
generated by GNU Autoconf 2.68.  Invocation command line was

  $ ./configure --enable-mcsat

## --------- ##
## Platform. ##
## --------- ##

hostname = muhammad-HP-EliteBook-8470p
uname -m = x86_64
uname -r = 4.10.0-38-generic
uname -s = Linux
uname -v = #42~16.04.1-Ubuntu SMP Tue Oct 10 16:32:20 UTC 2017

/usr/bin/uname -p = unknown
/bin/uname -X     = unknown

/bin/arch              = unknown
/usr/bin/arch -k       = unknown
/usr/convex/getsysinfo = unknown
/usr/bin/hostinfo      = unknown
/bin/machine           = unknown
/usr/bin/oslevel       = unknown
/bin/universe          = unknown

PATH: /home/muhammad/bin
PATH: /home/muhammad/.local/bin
PATH: /usr/local/sbin
PATH: /usr/local/bin
PATH: /usr/sbin
PATH: /usr/bin
PATH: /sbin
PATH: /bin
PATH: /usr/games
PATH: /usr/local/games
PATH: /snap/bin


## ----------- ##
## Core tests. ##
## ----------- ##

configure:1907: checking build system type
configure:1921: result: x86_64-unknown-linux-gnu
configure:1952: checking whether make sets $(MAKE)
configure:1974: result: yes
configure:1985: checking for a sed that does not truncate output
configure:2049: result: /bin/sed
configure:2054: checking whether ln -s works
configure:2058: result: yes
configure:2065: checking for a thread-safe mkdir -p
configure:2104: result: /bin/mkdir -p
configure:2121: checking for a BSD-compatible install
configure:2189: result: /usr/bin/install -c
configure:2249: checking for gcc
configure:2276: result: wllvm
configure:2505: checking for C compiler version
configure:2514: wllvm --version >&5
clang version 3.8.0-2ubuntu4 (tags/RELEASE_380/final)
Target: x86_64-pc-linux-gnu
Thread model: posix
InstalledDir: /usr/bin
configure:2525: $? = 0
configure:2514: wllvm -v >&5
clang version 3.8.0-2ubuntu4 (tags/RELEASE_380/final)
Target: x86_64-pc-linux-gnu
Thread model: posix
InstalledDir: /usr/bin
Found candidate GCC installation: /usr/bin/../lib/gcc/x86_64-linux-gnu/5.4.0
Found candidate GCC installation: /usr/bin/../lib/gcc/x86_64-linux-gnu/6.0.0
Found candidate GCC installation: /usr/lib/gcc/x86_64-linux-gnu/5.4.0
Found candidate GCC installation: /usr/lib/gcc/x86_64-linux-gnu/6.0.0
Selected GCC installation: /usr/bin/../lib/gcc/x86_64-linux-gnu/5.4.0
Candidate multilib: .;@m64
... rest of stderr output deleted ...
configure:2525: $? = 0
configure:2514: wllvm -V >&5
WARNING:Did not recognize the compiler flag "-V"
clang: error: argument to '-V' is missing (expected 1 value)
clang: error: no input files
configure:2525: $? = 1
configure:2514: wllvm -qversion >&5
WARNING:Did not recognize the compiler flag "-qversion"
clang: error: unknown argument: '-qversion'
clang: error: no input files
configure:2525: $? = 1
configure:2545: checking whether the C compiler works
configure:2567: wllvm    conftest.c  >&5
configure:2571: $? = 0
configure:2619: result: yes
configure:2622: checking for C compiler default output file name
configure:2624: result: a.out
configure:2630: checking for suffix of executables
configure:2637: wllvm -o conftest    conftest.c  >&5
configure:2641: $? = 0
configure:2663: result: 
configure:2685: checking whether we are cross compiling
configure:2693: wllvm -o conftest    conftest.c  >&5
configure:2697: $? = 0
configure:2704: ./conftest
configure:2708: $? = 0
configure:2723: result: no
configure:2728: checking for suffix of object files
configure:2750: wllvm -c   conftest.c >&5
configure:2754: $? = 0
configure:2775: result: o
configure:2779: checking whether we are using the GNU C compiler
configure:2798: wllvm -c   conftest.c >&5
configure:2798: $? = 0
configure:2807: result: yes
configure:2816: checking whether wllvm accepts -g
configure:2836: wllvm -c -g  conftest.c >&5
configure:2836: $? = 0
configure:2877: result: yes
configure:2894: checking for wllvm option to accept ISO C89
configure:2958: wllvm  -c -g -O0  conftest.c >&5
configure:2958: $? = 0
configure:2971: result: none needed
configure:2991: checking for wllvm option to accept ISO C99
configure:3140: wllvm  -c -g -O0  conftest.c >&5
configure:3140: $? = 0
configure:3153: result: none needed
configure:3212: checking for ranlib
configure:3228: found /usr/bin/ranlib
configure:3239: result: ranlib
configure:3261: checking for grep that handles long lines and -e
configure:3319: result: /bin/grep
configure:3324: checking for egrep
configure:3386: result: /bin/grep -E
configure:3434: checking for ld
configure:3450: found /usr/bin/ld
configure:3461: result: ld
configure:3526: checking for ar
configure:3542: found /usr/bin/ar
configure:3553: result: ar
configure:3618: checking for strip
configure:3634: found /usr/bin/strip
configure:3645: result: strip
configure:3674: checking for gperf
configure:3690: found /usr/bin/gperf
configure:3702: result: gperf
configure:3722: checking gperf version
configure:3732: result: 3.0.4
configure:3749: checking whether wllvm accepts option -fno-stack-protector
configure:3753: result: yes
configure:3826: Enabling support for MCSAT
configure:3957: Trying to find a usable libgmp.a
configure:4039: Searching in  /usr/local/lib/x86_64-linux-gnu /lib/x86_64-linux-gnu /usr/lib/x86_64-linux-gnu /usr/local/lib64 /lib64 /usr/lib64 /usr/local/lib /lib /usr/lib /usr/x86_64-linux-gnu/lib64 /usr/x86_64-linux-gnu/lib /usr/local/lib /usr/lib /lib
configure:4042: checking for libgmp.a in /usr/local/lib/x86_64-linux-gnu
configure:4114: result: no
configure:4042: checking for libgmp.a in /lib/x86_64-linux-gnu
configure:4114: result: no
configure:4042: checking for libgmp.a in /usr/lib/x86_64-linux-gnu
configure:4045: result: found
configure:4059: checking whether /usr/lib/x86_64-linux-gnu/libgmp.a is usable
configure:4091: wllvm -o conftest -g -O0   conftest.c /usr/lib/x86_64-linux-gnu/libgmp.a -lm >&5
configure:4091: $? = 0
configure:4091: ./conftest
configure:4091: $? = 0
configure:4100: result: yes
configure:4340: Searching for a usable libpoly.a
configure:4422: Searching in  /usr/local/lib/x86_64-linux-gnu /lib/x86_64-linux-gnu /usr/lib/x86_64-linux-gnu /usr/local/lib64 /lib64 /usr/lib64 /usr/local/lib /lib /usr/lib /usr/x86_64-linux-gnu/lib64 /usr/x86_64-linux-gnu/lib /usr/local/lib /usr/lib /lib
configure:4425: checking for libpoly.a in /usr/local/lib/x86_64-linux-gnu
configure:4503: result: no
configure:4425: checking for libpoly.a in /lib/x86_64-linux-gnu
configure:4503: result: no
configure:4425: checking for libpoly.a in /usr/lib/x86_64-linux-gnu
configure:4503: result: no
configure:4425: checking for libpoly.a in /usr/local/lib64
configure:4503: result: no
configure:4425: checking for libpoly.a in /lib64
configure:4503: result: no
configure:4425: checking for libpoly.a in /usr/lib64
configure:4503: result: no
configure:4425: checking for libpoly.a in /usr/local/lib
configure:4503: result: no
configure:4425: checking for libpoly.a in /lib
configure:4428: result: found
configure:4445: checking whether /lib/libpoly.a is usable
configure:4480: wllvm -o conftest -g -O0   conftest.c /lib/libpoly.a /usr/lib/x86_64-linux-gnu/libgmp.a >&5
configure:4480: $? = 0
configure:4480: ./conftest
configure:4480: $? = 0
configure:4489: result: yes
configure:4927: checking for __gmpz_cmp in -lgmp
configure:4952: wllvm -o conftest -g -O0   conftest.c -lgmp   >&5
configure:4952: $? = 0
configure:4961: result: yes
configure:4980: checking for lp_polynomial_new in -lpoly
configure:5005: wllvm -o conftest -g -O0   conftest.c -lpoly  -lgmp  >&5
configure:5005: $? = 0
configure:5014: result: yes
configure:5207: creating ./config.status

## ---------------------- ##
## Running config.status. ##
## ---------------------- ##

This file was extended by Yices config.status 2, which was
generated by GNU Autoconf 2.68.  Invocation command line was

  CONFIG_FILES    = 
  CONFIG_HEADERS  = 
  CONFIG_LINKS    = 
  CONFIG_COMMANDS = 
  $ ./config.status 

on muhammad-HP-EliteBook-8470p

config.status:763: creating make.include
configure:6245: Moving make.include to configs/make.include.x86_64-unknown-linux-gnu

## ---------------- ##
## Cache variables. ##
## ---------------- ##

ac_cv_build=x86_64-unknown-linux-gnu
ac_cv_c_compiler_gnu=yes
ac_cv_env_CC_set=set
ac_cv_env_CC_value=wllvm
ac_cv_env_CFLAGS_set=
ac_cv_env_CFLAGS_value=
ac_cv_env_CPPFLAGS_set=
ac_cv_env_CPPFLAGS_value=
ac_cv_env_LDFLAGS_set=
ac_cv_env_LDFLAGS_value=
ac_cv_env_LIBS_set=
ac_cv_env_LIBS_value=
ac_cv_env_build_alias_set=
ac_cv_env_build_alias_value=
ac_cv_env_host_alias_set=
ac_cv_env_host_alias_value=
ac_cv_env_target_alias_set=
ac_cv_env_target_alias_value=
ac_cv_lib_gmp___gmpz_cmp=yes
ac_cv_lib_poly_lp_polynomial_new=yes
ac_cv_objext=o
ac_cv_path_EGREP='/bin/grep -E'
ac_cv_path_GREP=/bin/grep
ac_cv_path_SED=/bin/sed
ac_cv_path_install='/usr/bin/install -c'
ac_cv_path_mkdir=/bin/mkdir
ac_cv_prog_GPERF=gperf
ac_cv_prog_ac_ct_AR=ar
ac_cv_prog_ac_ct_CC=wllvm
ac_cv_prog_ac_ct_LD=ld
ac_cv_prog_ac_ct_RANLIB=ranlib
ac_cv_prog_ac_ct_STRIP=strip
ac_cv_prog_cc_c89=
ac_cv_prog_cc_c99=
ac_cv_prog_cc_g=yes
ac_cv_prog_make_make_set=yes

## ----------------- ##
## Output variables. ##
## ----------------- ##

AR='ar'
ARCH=''
CC='wllvm'
CFLAGS=''
CPPFLAGS=''
DEFS='-DPACKAGE_NAME=\"Yices\" -DPACKAGE_TARNAME=\"yices\" -DPACKAGE_VERSION=\"2\" -DPACKAGE_STRING=\"Yices\ 2\" -DPACKAGE_BUGREPORT=\"\" -DPACKAGE_URL=\"\" -DHAVE_LIBGMP=1 -DHAVE_LIBPOLY=1'
ECHO_C=''
ECHO_N='-n'
ECHO_T=''
EGREP='/bin/grep -E'
ENABLE_MCSAT='yes'
EXEEXT=''
GPERF='gperf'
GREP='/bin/grep'
INSTALL_DATA='${INSTALL} -m 644'
INSTALL_PROGRAM='${INSTALL}'
INSTALL_SCRIPT='${INSTALL}'
LD='ld'
LDFLAGS=''
LIBOBJS=''
LIBS='-lpoly -lgmp '
LN_S='ln -s'
LTLIBOBJS=''
MKDIR_P='/bin/mkdir -p'
NO_STACK_PROTECTOR='-fno-stack-protector'
OBJEXT='o'
PACKAGE_BUGREPORT=''
PACKAGE_NAME='Yices'
PACKAGE_STRING='Yices 2'
PACKAGE_TARNAME='yices'
PACKAGE_URL=''
PACKAGE_VERSION='2'
PATH_SEPARATOR=':'
PIC_GMP='/usr/lib/x86_64-linux-gnu/libgmp.a'
PIC_GMP_INCLUDE_DIR=''
PIC_LIBPOLY='/lib/libpoly.a'
PIC_LIBPOLY_INCLUDE_DIR=''
POSIXOS=''
RANLIB='ranlib'
SED='/bin/sed'
SET_MAKE=''
SHELL='/bin/bash'
STATIC_GMP='/usr/lib/x86_64-linux-gnu/libgmp.a'
STATIC_GMP_INCLUDE_DIR=''
STATIC_LIBPOLY='/lib/libpoly.a'
STATIC_LIBPOLY_INCLUDE_DIR=''
STRIP='strip'
ac_ct_CC='wllvm'
bindir='${exec_prefix}/bin'
build='x86_64-unknown-linux-gnu'
build_alias=''
build_cpu='x86_64'
build_os='linux-gnu'
build_vendor='unknown'
datadir='${datarootdir}'
datarootdir='${prefix}/share'
docdir='${datarootdir}/doc/${PACKAGE_TARNAME}'
dvidir='${docdir}'
exec_prefix='${prefix}'
host_alias=''
htmldir='${docdir}'
includedir='${prefix}/include'
infodir='${datarootdir}/info'
libdir='${exec_prefix}/lib'
libexecdir='${exec_prefix}/libexec'
localedir='${datarootdir}/locale'
localstatedir='${prefix}/var'
mandir='${datarootdir}/man'
oldincludedir='/usr/include'
pdfdir='${docdir}'
prefix='/usr/local'
program_transform_name='s,x,x,'
psdir='${docdir}'
sbindir='${exec_prefix}/sbin'
sharedstatedir='${prefix}/com'
sysconfdir='${prefix}/etc'
target_alias=''

## ----------- ##
## confdefs.h. ##
## ----------- ##

/* confdefs.h */
#define PACKAGE_NAME "Yices"
#define PACKAGE_TARNAME "yices"
#define PACKAGE_VERSION "2"
#define PACKAGE_STRING "Yices 2"
#define PACKAGE_BUGREPORT ""
#define PACKAGE_URL ""
#define HAVE_LIBGMP 1
#define HAVE_LIBPOLY 1

configure: exit 0
