This file contains any messages produced by compilers while
running configure, to aid debugging if configure makes a mistake.

It was created by configure, which was
generated by GNU Autoconf 2.57.  Invocation command line was

  $ ./configure 

## --------- ##
## Platform. ##
## --------- ##

hostname = ubuntu
uname -m = x86_64
uname -r = 4.15.0-47-generic
uname -s = Linux
uname -v = #50~16.04.1-Ubuntu SMP Fri Mar 15 16:06:21 UTC 2019

/usr/bin/uname -p = unknown
/bin/uname -X     = unknown

/bin/arch              = unknown
/usr/bin/arch -k       = unknown
/usr/convex/getsysinfo = unknown
hostinfo               = unknown
/bin/machine           = unknown
/usr/bin/oslevel       = unknown
/bin/universe          = unknown

PATH: /home/aatiranum/bin
PATH: /home/aatiranum/.local/bin
PATH: /usr/local/sbin
PATH: /usr/local/bin
PATH: /usr/sbin
PATH: /usr/bin
PATH: /sbin
PATH: /bin
PATH: /usr/games
PATH: /usr/local/games
PATH: /snap/bin
PATH: /usr/lib/jvm/java-8-oracle/bin
PATH: /usr/lib/jvm/java-8-oracle/db/bin
PATH: /usr/lib/jvm/java-8-oracle/jre/bin


## ----------- ##
## Core tests. ##
## ----------- ##

configure:1300: checking "IPv6 transport support"
configure:1319: result: "enabled"
configure:1324: checking "IPv4 transport support"
configure:1341: result: "enabled"
configure:1346: checking "6to4 reverse lookup support"
configure:1362: result: "disabled"
configure:1367: checking "scoped address rewriting support"
configure:1384: result: "enabled"
configure:1389: checking "http reconfiguration and management support"
configure:1407: result: "disabled"
configure:1458: checking for gcc
configure:1474: found /usr/bin/gcc
configure:1484: result: gcc
configure:1728: checking for C compiler version
configure:1731: gcc --version </dev/null >&5
gcc (Ubuntu 5.4.0-6ubuntu1~16.04.11) 5.4.0 20160609
Copyright (C) 2015 Free Software Foundation, Inc.
This is free software; see the source for copying conditions.  There is NO
warranty; not even for MERCHANTABILITY or FITNESS FOR A PARTICULAR PURPOSE.

configure:1734: $? = 0
configure:1736: gcc -v </dev/null >&5
Using built-in specs.
COLLECT_GCC=gcc
COLLECT_LTO_WRAPPER=/usr/lib/gcc/x86_64-linux-gnu/5/lto-wrapper
Target: x86_64-linux-gnu
Configured with: ../src/configure -v --with-pkgversion='Ubuntu 5.4.0-6ubuntu1~16.04.11' --with-bugurl=file:///usr/share/doc/gcc-5/README.Bugs --enable-languages=c,ada,c++,java,go,d,fortran,objc,obj-c++ --prefix=/usr --program-suffix=-5 --enable-shared --enable-linker-build-id --libexecdir=/usr/lib --without-included-gettext --enable-threads=posix --libdir=/usr/lib --enable-nls --with-sysroot=/ --enable-clocale=gnu --enable-libstdcxx-debug --enable-libstdcxx-time=yes --with-default-libstdcxx-abi=new --enable-gnu-unique-object --disable-vtable-verify --enable-libmpx --enable-plugin --with-system-zlib --disable-browser-plugin --enable-java-awt=gtk --enable-gtk-cairo --with-java-home=/usr/lib/jvm/java-1.5.0-gcj-5-amd64/jre --enable-java-home --with-jvm-root-dir=/usr/lib/jvm/java-1.5.0-gcj-5-amd64 --with-jvm-jar-dir=/usr/lib/jvm-exports/java-1.5.0-gcj-5-amd64 --with-arch-directory=amd64 --with-ecj-jar=/usr/share/java/eclipse-ecj.jar --enable-objc-gc --enable-multiarch --disable-werror --with-arch-32=i686 --with-abi=m64 --with-multilib-list=m32,m64,mx32 --enable-multilib --with-tune=generic --enable-checking=release --build=x86_64-linux-gnu --host=x86_64-linux-gnu --target=x86_64-linux-gnu
Thread model: posix
gcc version 5.4.0 20160609 (Ubuntu 5.4.0-6ubuntu1~16.04.11) 
configure:1739: $? = 0
configure:1741: gcc -V </dev/null >&5
gcc: error: unrecognized command line option '-V'
gcc: fatal error: no input files
compilation terminated.
configure:1744: $? = 1
configure:1768: checking for C compiler default output
configure:1771: gcc    conftest.c  >&5
configure:1774: $? = 0
configure:1820: result: a.out
configure:1825: checking whether the C compiler works
configure:1831: ./a.out
configure:1834: $? = 0
configure:1851: result: yes
configure:1858: checking whether we are cross compiling
configure:1860: result: no
configure:1863: checking for suffix of executables
configure:1865: gcc -o conftest    conftest.c  >&5
configure:1868: $? = 0
configure:1893: result: 
configure:1899: checking for suffix of object files
configure:1921: gcc -c   conftest.c >&5
configure:1924: $? = 0
configure:1946: result: o
configure:1950: checking whether we are using the GNU C compiler
configure:1975: gcc -c   conftest.c >&5
configure:1978: $? = 0
configure:1981: test -s conftest.o
configure:1984: $? = 0
configure:1997: result: yes
configure:2003: checking whether gcc accepts -g
configure:2025: gcc -c -g  conftest.c >&5
configure:2028: $? = 0
configure:2031: test -s conftest.o
configure:2034: $? = 0
configure:2045: result: yes
configure:2062: checking for gcc option to accept ANSI C
configure:2123: gcc  -c -g -O2  conftest.c >&5
configure:2126: $? = 0
configure:2129: test -s conftest.o
configure:2132: $? = 0
configure:2150: result: none needed
configure:2168: gcc -c -g -O2  conftest.c >&5
conftest.c:2:3: error: unknown type name 'choke'
   choke me
   ^
conftest.c:2:3: error: expected '=', ',', ';', 'asm' or '__attribute__' at end of input
configure:2171: $? = 1
configure: failed program was:
| #ifndef __cplusplus
|   choke me
| #endif
configure:2285: checking how to run the C preprocessor
configure:2321: gcc -E  conftest.c
configure:2327: $? = 0
configure:2359: gcc -E  conftest.c
configure:2358:28: fatal error: ac_nonexistent.h: No such file or directory
compilation terminated.
configure:2365: $? = 1
configure: failed program was:
| #line 2350 "configure"
| /* confdefs.h.  */
| 
| #define PACKAGE_NAME ""
| #define PACKAGE_TARNAME ""
| #define PACKAGE_VERSION ""
| #define PACKAGE_STRING ""
| #define PACKAGE_BUGREPORT ""
| /* end confdefs.h.  */
| #include <ac_nonexistent.h>
configure:2403: result: gcc -E
configure:2428: gcc -E  conftest.c
configure:2434: $? = 0
configure:2466: gcc -E  conftest.c
configure:2465:28: fatal error: ac_nonexistent.h: No such file or directory
compilation terminated.
configure:2472: $? = 1
configure: failed program was:
| #line 2457 "configure"
| /* confdefs.h.  */
| 
| #define PACKAGE_NAME ""
| #define PACKAGE_TARNAME ""
| #define PACKAGE_VERSION ""
| #define PACKAGE_STRING ""
| #define PACKAGE_BUGREPORT ""
| /* end confdefs.h.  */
| #include <ac_nonexistent.h>
configure:2515: checking operating system specific definitions...
configure:2561: result: Linux
configure:2573: checking for egrep
configure:2583: result: grep -E
configure:2588: checking for ANSI C header files
configure:2614: gcc -c -g -O2  conftest.c >&5
configure:2617: $? = 0
configure:2620: test -s conftest.o
configure:2623: $? = 0
configure:2715: gcc -o conftest -g -O2   conftest.c  >&5
configure: In function 'main':
configure:2710:7: warning: implicit declaration of function 'exit' [-Wimplicit-function-declaration]
       exit(2);
       ^
configure:2710:7: warning: incompatible implicit declaration of built-in function 'exit'
configure:2710:7: note: include '<stdlib.h>' or provide a declaration of 'exit'
configure:2711:3: warning: incompatible implicit declaration of built-in function 'exit'
   exit (0);
   ^
configure:2711:3: note: include '<stdlib.h>' or provide a declaration of 'exit'
configure:2718: $? = 0
configure:2720: ./conftest
configure:2723: $? = 0
configure:2738: result: yes
configure:2762: checking for sys/types.h
configure:2779: gcc -c -g -O2  conftest.c >&5
configure:2782: $? = 0
configure:2785: test -s conftest.o
configure:2788: $? = 0
configure:2799: result: yes
configure:2762: checking for sys/stat.h
configure:2779: gcc -c -g -O2  conftest.c >&5
configure:2782: $? = 0
configure:2785: test -s conftest.o
configure:2788: $? = 0
configure:2799: result: yes
configure:2762: checking for stdlib.h
configure:2779: gcc -c -g -O2  conftest.c >&5
configure:2782: $? = 0
configure:2785: test -s conftest.o
configure:2788: $? = 0
configure:2799: result: yes
configure:2762: checking for string.h
configure:2779: gcc -c -g -O2  conftest.c >&5
configure:2782: $? = 0
configure:2785: test -s conftest.o
configure:2788: $? = 0
configure:2799: result: yes
configure:2762: checking for memory.h
configure:2779: gcc -c -g -O2  conftest.c >&5
configure:2782: $? = 0
configure:2785: test -s conftest.o
configure:2788: $? = 0
configure:2799: result: yes
configure:2762: checking for strings.h
configure:2779: gcc -c -g -O2  conftest.c >&5
configure:2782: $? = 0
configure:2785: test -s conftest.o
configure:2788: $? = 0
configure:2799: result: yes
configure:2762: checking for inttypes.h
configure:2779: gcc -c -g -O2  conftest.c >&5
configure:2782: $? = 0
configure:2785: test -s conftest.o
configure:2788: $? = 0
configure:2799: result: yes
configure:2762: checking for stdint.h
configure:2779: gcc -c -g -O2  conftest.c >&5
configure:2782: $? = 0
configure:2785: test -s conftest.o
configure:2788: $? = 0
configure:2799: result: yes
configure:2762: checking for unistd.h
configure:2779: gcc -c -g -O2  conftest.c >&5
configure:2782: $? = 0
configure:2785: test -s conftest.o
configure:2788: $? = 0
configure:2799: result: yes
configure:2834: checking fcntl.h usability
configure:2847: gcc -c -g -O2  conftest.c >&5
configure:2850: $? = 0
configure:2853: test -s conftest.o
configure:2856: $? = 0
configure:2866: result: yes
configure:2870: checking fcntl.h presence
configure:2881: gcc -E  conftest.c
configure:2887: $? = 0
configure:2906: result: yes
configure:2942: checking for fcntl.h
configure:2949: result: yes
configure:2834: checking limits.h usability
configure:2847: gcc -c -g -O2  conftest.c >&5
configure:2850: $? = 0
configure:2853: test -s conftest.o
configure:2856: $? = 0
configure:2866: result: yes
configure:2870: checking limits.h presence
configure:2881: gcc -E  conftest.c
configure:2887: $? = 0
configure:2906: result: yes
configure:2942: checking for limits.h
configure:2949: result: yes
configure:2834: checking sys/ioctl.h usability
configure:2847: gcc -c -g -O2  conftest.c >&5
configure:2850: $? = 0
configure:2853: test -s conftest.o
configure:2856: $? = 0
configure:2866: result: yes
configure:2870: checking sys/ioctl.h presence
configure:2881: gcc -E  conftest.c
configure:2887: $? = 0
configure:2906: result: yes
configure:2942: checking for sys/ioctl.h
configure:2949: result: yes
configure:2834: checking sys/time.h usability
configure:2847: gcc -c -g -O2  conftest.c >&5
configure:2850: $? = 0
configure:2853: test -s conftest.o
configure:2856: $? = 0
configure:2866: result: yes
configure:2870: checking sys/time.h presence
configure:2881: gcc -E  conftest.c
configure:2887: $? = 0
configure:2906: result: yes
configure:2942: checking for sys/time.h
configure:2949: result: yes
configure:2834: checking syslog.h usability
configure:2847: gcc -c -g -O2  conftest.c >&5
configure:2850: $? = 0
configure:2853: test -s conftest.o
configure:2856: $? = 0
configure:2866: result: yes
configure:2870: checking syslog.h presence
configure:2881: gcc -E  conftest.c
configure:2887: $? = 0
configure:2906: result: yes
configure:2942: checking for syslog.h
configure:2949: result: yes
configure:2825: checking for unistd.h
configure:2830: result: yes
configure:2834: checking sys/cdefs.h usability
configure:2847: gcc -c -g -O2  conftest.c >&5
configure:2850: $? = 0
configure:2853: test -s conftest.o
configure:2856: $? = 0
configure:2866: result: yes
configure:2870: checking sys/cdefs.h presence
configure:2881: gcc -E  conftest.c
configure:2887: $? = 0
configure:2906: result: yes
configure:2942: checking for sys/cdefs.h
configure:2949: result: yes
configure:2834: checking sys/filio.h usability
configure:2847: gcc -c -g -O2  conftest.c >&5
configure:2897:23: fatal error: sys/filio.h: No such file or directory
 if test -z "$ac_cpp_err"; then
                       ^
compilation terminated.
configure:2850: $? = 1
configure: failed program was:
| #line 2836 "configure"
| /* confdefs.h.  */
| 
| #define PACKAGE_NAME ""
| #define PACKAGE_TARNAME ""
| #define PACKAGE_VERSION ""
| #define PACKAGE_STRING ""
| #define PACKAGE_BUGREPORT ""
| #define NEEDSV4MAPPED 1
| #define WILDCARDONLY 1
| #define STDC_HEADERS 1
| #define HAVE_SYS_TYPES_H 1
| #define HAVE_SYS_STAT_H 1
| #define HAVE_STDLIB_H 1
| #define HAVE_STRING_H 1
| #define HAVE_MEMORY_H 1
| #define HAVE_STRINGS_H 1
| #define HAVE_INTTYPES_H 1
| #define HAVE_STDINT_H 1
| #define HAVE_UNISTD_H 1
| #define HAVE_FCNTL_H 1
| #define HAVE_LIMITS_H 1
| #define HAVE_SYS_IOCTL_H 1
| #define HAVE_SYS_TIME_H 1
| #define HAVE_SYSLOG_H 1
| #define HAVE_UNISTD_H 1
| #define HAVE_SYS_CDEFS_H 1
| /* end confdefs.h.  */
| #include <stdio.h>
| #if HAVE_SYS_TYPES_H
| # include <sys/types.h>
| #endif
| #if HAVE_SYS_STAT_H
| # include <sys/stat.h>
| #endif
| #if STDC_HEADERS
| # include <stdlib.h>
| # include <stddef.h>
| #else
| # if HAVE_STDLIB_H
| #  include <stdlib.h>
| # endif
| #endif
| #if HAVE_STRING_H
| # if !STDC_HEADERS && HAVE_MEMORY_H
| #  include <memory.h>
| # endif
| # include <string.h>
| #endif
| #if HAVE_STRINGS_H
| # include <strings.h>
| #endif
| #if HAVE_INTTYPES_H
| # include <inttypes.h>
| #else
| # if HAVE_STDINT_H
| #  include <stdint.h>
| # endif
| #endif
| #if HAVE_UNISTD_H
| # include <unistd.h>
| #endif
| #include <sys/filio.h>
configure:2866: result: no
configure:2870: checking sys/filio.h presence
configure:2881: gcc -E  conftest.c
configure:2899:23: fatal error: sys/filio.h: No such file or directory
compilation terminated.
configure:2887: $? = 1
configure: failed program was:
| #line 2872 "configure"
| /* confdefs.h.  */
| 
| #define PACKAGE_NAME ""
| #define PACKAGE_TARNAME ""
| #define PACKAGE_VERSION ""
| #define PACKAGE_STRING ""
| #define PACKAGE_BUGREPORT ""
| #define NEEDSV4MAPPED 1
| #define WILDCARDONLY 1
| #define STDC_HEADERS 1
| #define HAVE_SYS_TYPES_H 1
| #define HAVE_SYS_STAT_H 1
| #define HAVE_STDLIB_H 1
| #define HAVE_STRING_H 1
| #define HAVE_MEMORY_H 1
| #define HAVE_STRINGS_H 1
| #define HAVE_INTTYPES_H 1
| #define HAVE_STDINT_H 1
| #define HAVE_UNISTD_H 1
| #define HAVE_FCNTL_H 1
| #define HAVE_LIMITS_H 1
| #define HAVE_SYS_IOCTL_H 1
| #define HAVE_SYS_TIME_H 1
| #define HAVE_SYSLOG_H 1
| #define HAVE_UNISTD_H 1
| #define HAVE_SYS_CDEFS_H 1
| /* end confdefs.h.  */
| #include <sys/filio.h>
configure:2906: result: no
configure:2942: checking for sys/filio.h
configure:2949: result: no
configure:2834: checking sys/sockio.h usability
configure:2847: gcc -c -g -O2  conftest.c >&5
configure:2897:24: fatal error: sys/sockio.h: No such file or directory
 if test -z "$ac_cpp_err"; then
                        ^
compilation terminated.
configure:2850: $? = 1
configure: failed program was:
| #line 2836 "configure"
| /* confdefs.h.  */
| 
| #define PACKAGE_NAME ""
| #define PACKAGE_TARNAME ""
| #define PACKAGE_VERSION ""
| #define PACKAGE_STRING ""
| #define PACKAGE_BUGREPORT ""
| #define NEEDSV4MAPPED 1
| #define WILDCARDONLY 1
| #define STDC_HEADERS 1
| #define HAVE_SYS_TYPES_H 1
| #define HAVE_SYS_STAT_H 1
| #define HAVE_STDLIB_H 1
| #define HAVE_STRING_H 1
| #define HAVE_MEMORY_H 1
| #define HAVE_STRINGS_H 1
| #define HAVE_INTTYPES_H 1
| #define HAVE_STDINT_H 1
| #define HAVE_UNISTD_H 1
| #define HAVE_FCNTL_H 1
| #define HAVE_LIMITS_H 1
| #define HAVE_SYS_IOCTL_H 1
| #define HAVE_SYS_TIME_H 1
| #define HAVE_SYSLOG_H 1
| #define HAVE_UNISTD_H 1
| #define HAVE_SYS_CDEFS_H 1
| /* end confdefs.h.  */
| #include <stdio.h>
| #if HAVE_SYS_TYPES_H
| # include <sys/types.h>
| #endif
| #if HAVE_SYS_STAT_H
| # include <sys/stat.h>
| #endif
| #if STDC_HEADERS
| # include <stdlib.h>
| # include <stddef.h>
| #else
| # if HAVE_STDLIB_H
| #  include <stdlib.h>
| # endif
| #endif
| #if HAVE_STRING_H
| # if !STDC_HEADERS && HAVE_MEMORY_H
| #  include <memory.h>
| # endif
| # include <string.h>
| #endif
| #if HAVE_STRINGS_H
| # include <strings.h>
| #endif
| #if HAVE_INTTYPES_H
| # include <inttypes.h>
| #else
| # if HAVE_STDINT_H
| #  include <stdint.h>
| # endif
| #endif
| #if HAVE_UNISTD_H
| # include <unistd.h>
| #endif
| #include <sys/sockio.h>
configure:2866: result: no
configure:2870: checking sys/sockio.h presence
configure:2881: gcc -E  conftest.c
configure:2899:24: fatal error: sys/sockio.h: No such file or directory
compilation terminated.
configure:2887: $? = 1
configure: failed program was:
| #line 2872 "configure"
| /* confdefs.h.  */
| 
| #define PACKAGE_NAME ""
| #define PACKAGE_TARNAME ""
| #define PACKAGE_VERSION ""
| #define PACKAGE_STRING ""
| #define PACKAGE_BUGREPORT ""
| #define NEEDSV4MAPPED 1
| #define WILDCARDONLY 1
| #define STDC_HEADERS 1
| #define HAVE_SYS_TYPES_H 1
| #define HAVE_SYS_STAT_H 1
| #define HAVE_STDLIB_H 1
| #define HAVE_STRING_H 1
| #define HAVE_MEMORY_H 1
| #define HAVE_STRINGS_H 1
| #define HAVE_INTTYPES_H 1
| #define HAVE_STDINT_H 1
| #define HAVE_UNISTD_H 1
| #define HAVE_FCNTL_H 1
| #define HAVE_LIMITS_H 1
| #define HAVE_SYS_IOCTL_H 1
| #define HAVE_SYS_TIME_H 1
| #define HAVE_SYSLOG_H 1
| #define HAVE_UNISTD_H 1
| #define HAVE_SYS_CDEFS_H 1
| /* end confdefs.h.  */
| #include <sys/sockio.h>
configure:2906: result: no
configure:2942: checking for sys/sockio.h
configure:2949: result: no
configure:2825: checking for stdint.h
configure:2830: result: yes
configure:2965: checking for gethostbyname in -lnsl
configure:2996: gcc -o conftest -g -O2   conftest.c -lnsl   >&5
configure:2999: $? = 0
configure:3002: test -s conftest
configure:3005: $? = 0
configure:3017: result: yes
configure:3029: checking for bind in -lsocket
configure:3060: gcc -o conftest -g -O2   conftest.c -lsocket  -lnsl  >&5
/usr/bin/ld: cannot find -lsocket
collect2: error: ld returned 1 exit status
configure:3063: $? = 1
configure: failed program was:
| #line 3036 "configure"
| /* confdefs.h.  */
| 
| #define PACKAGE_NAME ""
| #define PACKAGE_TARNAME ""
| #define PACKAGE_VERSION ""
| #define PACKAGE_STRING ""
| #define PACKAGE_BUGREPORT ""
| #define NEEDSV4MAPPED 1
| #define WILDCARDONLY 1
| #define STDC_HEADERS 1
| #define HAVE_SYS_TYPES_H 1
| #define HAVE_SYS_STAT_H 1
| #define HAVE_STDLIB_H 1
| #define HAVE_STRING_H 1
| #define HAVE_MEMORY_H 1
| #define HAVE_STRINGS_H 1
| #define HAVE_INTTYPES_H 1
| #define HAVE_STDINT_H 1
| #define HAVE_UNISTD_H 1
| #define HAVE_FCNTL_H 1
| #define HAVE_LIMITS_H 1
| #define HAVE_SYS_IOCTL_H 1
| #define HAVE_SYS_TIME_H 1
| #define HAVE_SYSLOG_H 1
| #define HAVE_UNISTD_H 1
| #define HAVE_SYS_CDEFS_H 1
| #define HAVE_STDINT_H 1
| #define HAVE_LIBNSL 1
| /* end confdefs.h.  */
| 
| /* Override any gcc2 internal prototype to avoid an error.  */
| #ifdef __cplusplus
| extern "C"
| #endif
| /* We use char because int might match the return type of a gcc2
|    builtin and then its argument prototype would still apply.  */
| char bind ();
| int
| main ()
| {
| bind ();
|   ;
|   return 0;
| }
configure:3081: result: no
configure:3093: checking whether SHUT_RD is defined by sys/socket.h
configure:3113: gcc -c -g -O2  conftest.c >&5
configure:3116: $? = 0
configure:3119: test -s conftest.o
configure:3122: $? = 0
configure:3124: result: yes
configure:3147: checking whether struct sockaddr has sa_len
configure:3170: gcc -c -g -O2  conftest.c >&5
configure: In function 'main':
configure:3186:34: error: 'struct sockaddr' has no member named 'sa_len'
configure:3173: $? = 1
configure: failed program was:
| #line 3149 "configure"
| /* confdefs.h.  */
| 
| #define PACKAGE_NAME ""
| #define PACKAGE_TARNAME ""
| #define PACKAGE_VERSION ""
| #define PACKAGE_STRING ""
| #define PACKAGE_BUGREPORT ""
| #define NEEDSV4MAPPED 1
| #define WILDCARDONLY 1
| #define STDC_HEADERS 1
| #define HAVE_SYS_TYPES_H 1
| #define HAVE_SYS_STAT_H 1
| #define HAVE_STDLIB_H 1
| #define HAVE_STRING_H 1
| #define HAVE_MEMORY_H 1
| #define HAVE_STRINGS_H 1
| #define HAVE_INTTYPES_H 1
| #define HAVE_STDINT_H 1
| #define HAVE_UNISTD_H 1
| #define HAVE_FCNTL_H 1
| #define HAVE_LIMITS_H 1
| #define HAVE_SYS_IOCTL_H 1
| #define HAVE_SYS_TIME_H 1
| #define HAVE_SYSLOG_H 1
| #define HAVE_UNISTD_H 1
| #define HAVE_SYS_CDEFS_H 1
| #define HAVE_STDINT_H 1
| #define HAVE_LIBNSL 1
| /* end confdefs.h.  */
| #include <sys/types.h>
| #include <sys/socket.h>
| #include <netinet/in.h>
| 
| int
| main ()
| {
| struct sockaddr_in sa;
| 	int x = ((struct sockaddr *)&sa)->sa_len;
|   ;
|   return 0;
| }
configure:3191: result: no
configure:3196: checking whether struct sockaddr_in6 has sin6_scope_id
configure:3217: gcc -c -g -O2  conftest.c >&5
configure:3220: $? = 0
configure:3223: test -s conftest.o
configure:3226: $? = 0
configure:3228: result: yes
configure:3242: checking for an ANSI C-conforming const
configure:3310: gcc -c -g -O2  conftest.c >&5
configure:3313: $? = 0
configure:3316: test -s conftest.o
configure:3319: $? = 0
configure:3330: result: yes
configure:3340: checking for uid_t in sys/types.h
configure:3364: result: yes
configure:3379: checking for pid_t
configure:3404: gcc -c -g -O2  conftest.c >&5
configure:3407: $? = 0
configure:3410: test -s conftest.o
configure:3413: $? = 0
configure:3424: result: yes
configure:3436: checking for size_t
configure:3461: gcc -c -g -O2  conftest.c >&5
configure:3464: $? = 0
configure:3467: test -s conftest.o
configure:3470: $? = 0
configure:3481: result: yes
configure:3493: checking whether time.h and sys/time.h may both be included
configure:3519: gcc -c -g -O2  conftest.c >&5
configure:3522: $? = 0
configure:3525: test -s conftest.o
configure:3528: $? = 0
configure:3539: result: yes
configure:3551: checking whether gcc needs -traditional
configure:3595: result: no
configure:3602: checking for working memcmp
configure:3651: gcc -o conftest -g -O2   conftest.c -lnsl  >&5
configure: In function 'main':
configure:3648:7: warning: implicit declaration of function 'memcmp' [-Wimplicit-function-declaration]
configure:3649:5: warning: implicit declaration of function 'exit' [-Wimplicit-function-declaration]
 _ACEOF
     ^
configure:3649:5: warning: incompatible implicit declaration of built-in function 'exit'
configure:3649:5: note: include '<stdlib.h>' or provide a declaration of 'exit'
configure:3662:9: warning: implicit declaration of function 'strcpy' [-Wimplicit-function-declaration]
configure:3662:9: warning: incompatible implicit declaration of built-in function 'strcpy'
configure:3662:9: note: include '<string.h>' or provide a declaration of 'strcpy'
configure:3665:11: warning: incompatible implicit declaration of built-in function 'exit'
 sed 's/^/| /' conftest.$ac_ext >&5
           ^
configure:3665:11: note: include '<stdlib.h>' or provide a declaration of 'exit'
configure:3667:5: warning: incompatible implicit declaration of built-in function 'exit'
 ( exit $ac_status )
     ^
configure:3667:5: note: include '<stdlib.h>' or provide a declaration of 'exit'
configure:3654: $? = 0
configure:3656: ./conftest
configure:3659: $? = 0
configure:3673: result: yes
configure:3677: checking return type of signal handlers
configure:3709: gcc -c -g -O2  conftest.c >&5
configure:3712: $? = 0
configure:3715: test -s conftest.o
configure:3718: $? = 0
configure:3729: result: void
configure:3744: checking for strlcpy
configure:3794: gcc -o conftest -g -O2   conftest.c -lnsl  >&5
/tmp/cc8HTpqt.o:(.data+0x0): undefined reference to `strlcpy'
/tmp/cc8HTpqt.o: In function `main':
/home/aatiranum/Downloads/totd/configure:3812: undefined reference to `strlcpy'
collect2: error: ld returned 1 exit status
configure:3797: $? = 1
configure: failed program was:
| #line 3749 "configure"
| /* confdefs.h.  */
| 
| #define PACKAGE_NAME ""
| #define PACKAGE_TARNAME ""
| #define PACKAGE_VERSION ""
| #define PACKAGE_STRING ""
| #define PACKAGE_BUGREPORT ""
| #define NEEDSV4MAPPED 1
| #define WILDCARDONLY 1
| #define STDC_HEADERS 1
| #define HAVE_SYS_TYPES_H 1
| #define HAVE_SYS_STAT_H 1
| #define HAVE_STDLIB_H 1
| #define HAVE_STRING_H 1
| #define HAVE_MEMORY_H 1
| #define HAVE_STRINGS_H 1
| #define HAVE_INTTYPES_H 1
| #define HAVE_STDINT_H 1
| #define HAVE_UNISTD_H 1
| #define HAVE_FCNTL_H 1
| #define HAVE_LIMITS_H 1
| #define HAVE_SYS_IOCTL_H 1
| #define HAVE_SYS_TIME_H 1
| #define HAVE_SYSLOG_H 1
| #define HAVE_UNISTD_H 1
| #define HAVE_SYS_CDEFS_H 1
| #define HAVE_STDINT_H 1
| #define HAVE_LIBNSL 1
| #define HAVE_SIN6_SCOPE_ID 1
| #define TIME_WITH_SYS_TIME 1
| #define RETSIGTYPE void
| /* end confdefs.h.  */
| /* System header to define __stub macros and hopefully few prototypes,
|     which can conflict with char strlcpy (); below.
|     Prefer <limits.h> to <assert.h> if __STDC__ is defined, since
|     <limits.h> exists even on freestanding compilers.  */
| #ifdef __STDC__
| # include <limits.h>
| #else
| # include <assert.h>
| #endif
| /* Override any gcc2 internal prototype to avoid an error.  */
| #ifdef __cplusplus
| extern "C"
| {
| #endif
| /* We use char because int might match the return type of a gcc2
|    builtin and then its argument prototype would still apply.  */
| char strlcpy ();
| /* The GNU C library defines this for functions which it implements
|     to always fail with ENOSYS.  Some functions are actually named
|     something starting with __ and the normal name is an alias.  */
| #if defined (__stub_strlcpy) || defined (__stub___strlcpy)
| choke me
| #else
| char (*f) () = strlcpy;
| #endif
| #ifdef __cplusplus
| }
| #endif
| 
| int
| main ()
| {
| return f != strlcpy;
|   ;
|   return 0;
| }
configure:3814: result: no
configure:3744: checking for strlcat
configure:3794: gcc -o conftest -g -O2   conftest.c -lnsl  >&5
/tmp/cc8tQWSy.o:(.data+0x0): undefined reference to `strlcat'
/tmp/cc8tQWSy.o: In function `main':
/home/aatiranum/Downloads/totd/configure:3812: undefined reference to `strlcat'
collect2: error: ld returned 1 exit status
configure:3797: $? = 1
configure: failed program was:
| #line 3749 "configure"
| /* confdefs.h.  */
| 
| #define PACKAGE_NAME ""
| #define PACKAGE_TARNAME ""
| #define PACKAGE_VERSION ""
| #define PACKAGE_STRING ""
| #define PACKAGE_BUGREPORT ""
| #define NEEDSV4MAPPED 1
| #define WILDCARDONLY 1
| #define STDC_HEADERS 1
| #define HAVE_SYS_TYPES_H 1
| #define HAVE_SYS_STAT_H 1
| #define HAVE_STDLIB_H 1
| #define HAVE_STRING_H 1
| #define HAVE_MEMORY_H 1
| #define HAVE_STRINGS_H 1
| #define HAVE_INTTYPES_H 1
| #define HAVE_STDINT_H 1
| #define HAVE_UNISTD_H 1
| #define HAVE_FCNTL_H 1
| #define HAVE_LIMITS_H 1
| #define HAVE_SYS_IOCTL_H 1
| #define HAVE_SYS_TIME_H 1
| #define HAVE_SYSLOG_H 1
| #define HAVE_UNISTD_H 1
| #define HAVE_SYS_CDEFS_H 1
| #define HAVE_STDINT_H 1
| #define HAVE_LIBNSL 1
| #define HAVE_SIN6_SCOPE_ID 1
| #define TIME_WITH_SYS_TIME 1
| #define RETSIGTYPE void
| /* end confdefs.h.  */
| /* System header to define __stub macros and hopefully few prototypes,
|     which can conflict with char strlcat (); below.
|     Prefer <limits.h> to <assert.h> if __STDC__ is defined, since
|     <limits.h> exists even on freestanding compilers.  */
| #ifdef __STDC__
| # include <limits.h>
| #else
| # include <assert.h>
| #endif
| /* Override any gcc2 internal prototype to avoid an error.  */
| #ifdef __cplusplus
| extern "C"
| {
| #endif
| /* We use char because int might match the return type of a gcc2
|    builtin and then its argument prototype would still apply.  */
| char strlcat ();
| /* The GNU C library defines this for functions which it implements
|     to always fail with ENOSYS.  Some functions are actually named
|     something starting with __ and the normal name is an alias.  */
| #if defined (__stub_strlcat) || defined (__stub___strlcat)
| choke me
| #else
| char (*f) () = strlcat;
| #endif
| #ifdef __cplusplus
| }
| #endif
| 
| int
| main ()
| {
| return f != strlcat;
|   ;
|   return 0;
| }
configure:3814: result: no
configure:3744: checking for daemon
configure:3794: gcc -o conftest -g -O2   conftest.c -lnsl  >&5
configure:3797: $? = 0
configure:3800: test -s conftest
configure:3803: $? = 0
configure:3814: result: yes
configure:3744: checking for inet_aton
configure:3794: gcc -o conftest -g -O2   conftest.c -lnsl  >&5
configure:3797: $? = 0
configure:3800: test -s conftest
configure:3803: $? = 0
configure:3814: result: yes
configure:3921: creating ./config.status

## ---------------------- ##
## Running config.status. ##
## ---------------------- ##

This file was extended by config.status, which was
generated by GNU Autoconf 2.57.  Invocation command line was

  CONFIG_FILES    = 
  CONFIG_HEADERS  = 
  CONFIG_LINKS    = 
  CONFIG_COMMANDS = 
  $ ./config.status 

on ubuntu

config.status:613: creating Makefile
config.status:716: creating config.h

## ---------------- ##
## Cache variables. ##
## ---------------- ##

ac_cv_c_compiler_gnu=yes
ac_cv_c_const=yes
ac_cv_env_CC_set=
ac_cv_env_CC_value=
ac_cv_env_CFLAGS_set=
ac_cv_env_CFLAGS_value=
ac_cv_env_CPPFLAGS_set=
ac_cv_env_CPPFLAGS_value=
ac_cv_env_CPP_set=
ac_cv_env_CPP_value=
ac_cv_env_LDFLAGS_set=
ac_cv_env_LDFLAGS_value=
ac_cv_env_build_alias_set=
ac_cv_env_build_alias_value=
ac_cv_env_host_alias_set=
ac_cv_env_host_alias_value=
ac_cv_env_target_alias_set=
ac_cv_env_target_alias_value=
ac_cv_exeext=
ac_cv_func_daemon=yes
ac_cv_func_inet_aton=yes
ac_cv_func_memcmp_working=yes
ac_cv_func_strlcat=no
ac_cv_func_strlcpy=no
ac_cv_header_fcntl_h=yes
ac_cv_header_inttypes_h=yes
ac_cv_header_limits_h=yes
ac_cv_header_memory_h=yes
ac_cv_header_stdc=yes
ac_cv_header_stdint_h=yes
ac_cv_header_stdlib_h=yes
ac_cv_header_string_h=yes
ac_cv_header_strings_h=yes
ac_cv_header_sys_cdefs_h=yes
ac_cv_header_sys_filio_h=no
ac_cv_header_sys_ioctl_h=yes
ac_cv_header_sys_sockio_h=no
ac_cv_header_sys_stat_h=yes
ac_cv_header_sys_time_h=yes
ac_cv_header_sys_types_h=yes
ac_cv_header_syslog_h=yes
ac_cv_header_time=yes
ac_cv_header_unistd_h=yes
ac_cv_lib_nsl_gethostbyname=yes
ac_cv_lib_socket_bind=no
ac_cv_objext=o
ac_cv_prog_CPP='gcc -E'
ac_cv_prog_ac_ct_CC=gcc
ac_cv_prog_cc_g=yes
ac_cv_prog_cc_stdc=
ac_cv_prog_egrep='grep -E'
ac_cv_prog_gcc_traditional=no
ac_cv_type_pid_t=yes
ac_cv_type_signal=void
ac_cv_type_size_t=yes
ac_cv_type_uid_t=yes

## ----------------- ##
## Output variables. ##
## ----------------- ##

CC='gcc'
CFLAGS='-g -O2'
CPP='gcc -E'
CPPFLAGS=''
DBMALLOC='#'
DBTCP='#'
DEFS='-DHAVE_CONFIG_H'
DOSWILL='#'
ECHO_C=''
ECHO_N='-n'
ECHO_T=''
EGREP='grep -E'
EXEEXT=''
EXTINCLUDE=''
LDFLAGS=''
LIBOBJS=''
LIBS='-lnsl '
LTLIBOBJS=''
OBJEXT='o'
OPTFLAGS='-DSCOPED_REWRITE -DUSE_INET4 -DUSE_INET6 '
PACKAGE_BUGREPORT=''
PACKAGE_NAME=''
PACKAGE_STRING=''
PACKAGE_TARNAME=''
PACKAGE_VERSION=''
PATH_SEPARATOR=':'
SHELL='/bin/bash'
SWILLCONF='--enable-ip6'
ac_ct_CC='gcc'
bindir='${exec_prefix}/bin'
build_alias=''
datadir='${prefix}/share'
exec_prefix='${prefix}'
host_alias=''
includedir='${prefix}/include'
infodir='${prefix}/info'
libdir='${exec_prefix}/lib'
libexecdir='${exec_prefix}/libexec'
localstatedir='${prefix}/var'
mandir='${prefix}/man'
oldincludedir='/usr/include'
prefix='/usr/local'
program_transform_name='s,x,x,'
sbindir='${exec_prefix}/sbin'
sharedstatedir='${prefix}/com'
sysconfdir='${prefix}/etc'
target_alias=''

## ----------- ##
## confdefs.h. ##
## ----------- ##

#define HAVE_DAEMON 1
#define HAVE_FCNTL_H 1
#define HAVE_INET_ATON 1
#define HAVE_INTTYPES_H 1
#define HAVE_LIBNSL 1
#define HAVE_LIMITS_H 1
#define HAVE_MEMORY_H 1
#define HAVE_SIN6_SCOPE_ID 1
#define HAVE_STDINT_H 1
#define HAVE_STDINT_H 1
#define HAVE_STDLIB_H 1
#define HAVE_STRINGS_H 1
#define HAVE_STRING_H 1
#define HAVE_SYSLOG_H 1
#define HAVE_SYS_CDEFS_H 1
#define HAVE_SYS_IOCTL_H 1
#define HAVE_SYS_STAT_H 1
#define HAVE_SYS_TIME_H 1
#define HAVE_SYS_TYPES_H 1
#define HAVE_UNISTD_H 1
#define HAVE_UNISTD_H 1
#define NEEDSV4MAPPED 1
#define PACKAGE_BUGREPORT ""
#define PACKAGE_NAME ""
#define PACKAGE_STRING ""
#define PACKAGE_TARNAME ""
#define PACKAGE_VERSION ""
#define RETSIGTYPE void
#define STDC_HEADERS 1
#define TIME_WITH_SYS_TIME 1
#define WILDCARDONLY 1

configure: exit 0
