This file contains any messages produced by compilers while
running configure, to aid debugging if configure makes a mistake.

It was created by configure, which was
generated by GNU Autoconf 2.61.  Invocation command line was

  $ ./configure 

## --------- ##
## Platform. ##
## --------- ##

hostname = ubuntu
uname -m = x86_64
uname -r = 4.15.0-45-generic
uname -s = Linux
uname -v = #48~16.04.1-Ubuntu SMP Tue Jan 29 18:03:48 UTC 2019

/usr/bin/uname -p = unknown
/bin/uname -X     = unknown

/bin/arch              = unknown
/usr/bin/arch -k       = unknown
/usr/convex/getsysinfo = unknown
/usr/bin/hostinfo      = unknown
/bin/machine           = unknown
/usr/bin/oslevel       = unknown
/bin/universe          = unknown

PATH: /home/abdulrafaenoor/bin
PATH: /home/abdulrafaenoor/.local/bin
PATH: /usr/local/sbin
PATH: /usr/local/bin
PATH: /usr/sbin
PATH: /usr/bin
PATH: /sbin
PATH: /bin
PATH: /usr/games
PATH: /usr/local/games
PATH: /snap/bin


## ----------- ##
## Core tests. ##
## ----------- ##

configure:1970: checking build system type
configure:1988: result: x86_64-unknown-linux-gnu
configure:2010: checking host system type
configure:2025: result: x86_64-unknown-linux-gnu
configure:2047: checking target system type
configure:2062: result: x86_64-unknown-linux-gnu
configure:2106: checking for a BSD-compatible install
configure:2162: result: /usr/bin/install -c
configure:2173: checking whether build environment is sane
configure:2216: result: yes
configure:2240: WARNING: `missing' script is too old or missing
configure:2244: checking for a thread-safe mkdir -p
configure:2283: result: /bin/mkdir -p
configure:2296: checking for gawk
configure:2326: result: no
configure:2296: checking for mawk
configure:2312: found /usr/bin/mawk
configure:2323: result: mawk
configure:2334: checking whether make sets $(MAKE)
configure:2355: result: yes
configure:2594: checking for gcc
configure:2621: result: wllvm
configure:2859: checking for C compiler version
configure:2866: wllvm --version >&5
clang version 4.0.0-1ubuntu1~16.04.2 (tags/RELEASE_400/rc1)
Target: x86_64-pc-linux-gnu
Thread model: posix
InstalledDir: /usr/bin
configure:2869: $? = 0
configure:2876: wllvm -v >&5
clang version 4.0.0-1ubuntu1~16.04.2 (tags/RELEASE_400/rc1)
Target: x86_64-pc-linux-gnu
Thread model: posix
InstalledDir: /usr/bin
Found candidate GCC installation: /usr/bin/../lib/gcc/i686-linux-gnu/6
Found candidate GCC installation: /usr/bin/../lib/gcc/i686-linux-gnu/6.0.0
Found candidate GCC installation: /usr/bin/../lib/gcc/x86_64-linux-gnu/5
Found candidate GCC installation: /usr/bin/../lib/gcc/x86_64-linux-gnu/5.4.0
Found candidate GCC installation: /usr/bin/../lib/gcc/x86_64-linux-gnu/6
Found candidate GCC installation: /usr/bin/../lib/gcc/x86_64-linux-gnu/6.0.0
Found candidate GCC installation: /usr/lib/gcc/i686-linux-gnu/6
Found candidate GCC installation: /usr/lib/gcc/i686-linux-gnu/6.0.0
Found candidate GCC installation: /usr/lib/gcc/x86_64-linux-gnu/5
Found candidate GCC installation: /usr/lib/gcc/x86_64-linux-gnu/5.4.0
Found candidate GCC installation: /usr/lib/gcc/x86_64-linux-gnu/6
Found candidate GCC installation: /usr/lib/gcc/x86_64-linux-gnu/6.0.0
Selected GCC installation: /usr/bin/../lib/gcc/x86_64-linux-gnu/5.4.0
Candidate multilib: .;@m64
Selected multilib: .;@m64
configure:2879: $? = 0
configure:2886: wllvm -V >&5
WARNING:Did not recognize the compiler flag "-V"
clang: error: argument to '-V' is missing (expected 1 value)
clang: error: no input files
ERROR:Failed to compile using given arguments: [-V]
configure:2889: $? = 1
configure:2912: checking for C compiler default output file name
configure:2939: wllvm    conftest.c  >&5
configure:2942: $? = 0
configure:2980: result: a.out
configure:2997: checking whether the C compiler works
configure:3007: ./a.out
configure:3010: $? = 0
configure:3027: result: yes
configure:3034: checking whether we are cross compiling
configure:3036: result: no
configure:3039: checking for suffix of executables
configure:3046: wllvm -o conftest    conftest.c  >&5
configure:3049: $? = 0
configure:3073: result: 
configure:3079: checking for suffix of object files
configure:3105: wllvm -c   conftest.c >&5
configure:3108: $? = 0
configure:3131: result: o
configure:3135: checking whether we are using the GNU C compiler
configure:3164: wllvm -c   conftest.c >&5
configure:3170: $? = 0
configure:3187: result: yes
configure:3192: checking whether wllvm accepts -g
configure:3222: wllvm -c -g  conftest.c >&5
configure:3228: $? = 0
configure:3327: result: yes
configure:3344: checking for wllvm option to accept ISO C89
configure:3418: wllvm  -c -g -O2  conftest.c >&5
configure:3424: $? = 0
configure:3447: result: none needed
configure:3476: checking for style of include used by make
configure:3504: result: GNU
configure:3529: checking dependency style of wllvm
configure:3620: result: none
configure:3708: checking for a sed that does not truncate output
configure:3764: result: /bin/sed
configure:3767: checking for grep that handles long lines and -e
configure:3841: result: /bin/grep
configure:3846: checking for egrep
configure:3924: result: /bin/grep -E
configure:3940: checking for ld used by wllvm
configure:4007: result: /usr/bin/ld
configure:4016: checking if the linker (/usr/bin/ld) is GNU ld
configure:4031: result: yes
configure:4036: checking for /usr/bin/ld option to reload object files
configure:4043: result: -r
configure:4061: checking for BSD-compatible nm
configure:4110: result: /usr/bin/nm -B
configure:4114: checking whether ln -s works
configure:4118: result: yes
configure:4125: checking how to recognize dependent libraries
configure:4311: result: pass_all
configure:4400: wllvm -c -g -O2  conftest.c >&5
configure:4403: $? = 0
configure:4556: checking how to run the C preprocessor
configure:4596: wllvm -E  conftest.c
configure:4602: $? = 0
configure:4633: wllvm -E  conftest.c
conftest.c:10:10: fatal error: 'ac_nonexistent.h' file not found
#include <ac_nonexistent.h>
         ^~~~~~~~~~~~~~~~~~
1 error generated.
ERROR:Failed to compile using given arguments: [-E conftest.c]
configure:4639: $? = 1
configure: failed program was:
| /* confdefs.h.  */
| #define PACKAGE_NAME ""
| #define PACKAGE_TARNAME ""
| #define PACKAGE_VERSION ""
| #define PACKAGE_STRING ""
| #define PACKAGE_BUGREPORT ""
| #define PACKAGE "trickle"
| #define VERSION "1.07"
| /* end confdefs.h.  */
| #include <ac_nonexistent.h>
configure:4672: result: wllvm -E
configure:4701: wllvm -E  conftest.c
configure:4707: $? = 0
configure:4738: wllvm -E  conftest.c
conftest.c:10:10: fatal error: 'ac_nonexistent.h' file not found
#include <ac_nonexistent.h>
         ^~~~~~~~~~~~~~~~~~
1 error generated.
ERROR:Failed to compile using given arguments: [-E conftest.c]
configure:4744: $? = 1
configure: failed program was:
| /* confdefs.h.  */
| #define PACKAGE_NAME ""
| #define PACKAGE_TARNAME ""
| #define PACKAGE_VERSION ""
| #define PACKAGE_STRING ""
| #define PACKAGE_BUGREPORT ""
| #define PACKAGE "trickle"
| #define VERSION "1.07"
| /* end confdefs.h.  */
| #include <ac_nonexistent.h>
configure:4782: checking for ANSI C header files
configure:4812: wllvm -c -g -O2  conftest.c >&5
configure:4818: $? = 0
configure:4917: wllvm -o conftest -g -O2   conftest.c  >&5
configure:4920: $? = 0
configure:4926: ./conftest
configure:4929: $? = 0
configure:4946: result: yes
configure:4970: checking for sys/types.h
configure:4991: wllvm -c -g -O2  conftest.c >&5
configure:4997: $? = 0
configure:5013: result: yes
configure:4970: checking for sys/stat.h
configure:4991: wllvm -c -g -O2  conftest.c >&5
configure:4997: $? = 0
configure:5013: result: yes
configure:4970: checking for stdlib.h
configure:4991: wllvm -c -g -O2  conftest.c >&5
configure:4997: $? = 0
configure:5013: result: yes
configure:4970: checking for string.h
configure:4991: wllvm -c -g -O2  conftest.c >&5
configure:4997: $? = 0
configure:5013: result: yes
configure:4970: checking for memory.h
configure:4991: wllvm -c -g -O2  conftest.c >&5
configure:4997: $? = 0
configure:5013: result: yes
configure:4970: checking for strings.h
configure:4991: wllvm -c -g -O2  conftest.c >&5
configure:4997: $? = 0
configure:5013: result: yes
configure:4970: checking for inttypes.h
configure:4991: wllvm -c -g -O2  conftest.c >&5
configure:4997: $? = 0
configure:5013: result: yes
configure:4970: checking for stdint.h
configure:4991: wllvm -c -g -O2  conftest.c >&5
configure:4997: $? = 0
configure:5013: result: yes
configure:4970: checking for unistd.h
configure:4991: wllvm -c -g -O2  conftest.c >&5
configure:4997: $? = 0
configure:5013: result: yes
configure:5040: checking dlfcn.h usability
configure:5057: wllvm -c -g -O2  conftest.c >&5
configure:5063: $? = 0
configure:5077: result: yes
configure:5081: checking dlfcn.h presence
configure:5096: wllvm -E  conftest.c
configure:5102: $? = 0
configure:5116: result: yes
configure:5144: checking for dlfcn.h
configure:5152: result: yes
configure:5223: checking for g++
configure:5239: found /usr/bin/g++
configure:5250: result: g++
configure:5281: checking for C++ compiler version
configure:5288: g++ --version >&5
g++ (Ubuntu 5.4.0-6ubuntu1~16.04.11) 5.4.0 20160609
Copyright (C) 2015 Free Software Foundation, Inc.
This is free software; see the source for copying conditions.  There is NO
warranty; not even for MERCHANTABILITY or FITNESS FOR A PARTICULAR PURPOSE.

configure:5291: $? = 0
configure:5298: g++ -v >&5
Using built-in specs.
COLLECT_GCC=g++
COLLECT_LTO_WRAPPER=/usr/lib/gcc/x86_64-linux-gnu/5/lto-wrapper
Target: x86_64-linux-gnu
Configured with: ../src/configure -v --with-pkgversion='Ubuntu 5.4.0-6ubuntu1~16.04.11' --with-bugurl=file:///usr/share/doc/gcc-5/README.Bugs --enable-languages=c,ada,c++,java,go,d,fortran,objc,obj-c++ --prefix=/usr --program-suffix=-5 --enable-shared --enable-linker-build-id --libexecdir=/usr/lib --without-included-gettext --enable-threads=posix --libdir=/usr/lib --enable-nls --with-sysroot=/ --enable-clocale=gnu --enable-libstdcxx-debug --enable-libstdcxx-time=yes --with-default-libstdcxx-abi=new --enable-gnu-unique-object --disable-vtable-verify --enable-libmpx --enable-plugin --with-system-zlib --disable-browser-plugin --enable-java-awt=gtk --enable-gtk-cairo --with-java-home=/usr/lib/jvm/java-1.5.0-gcj-5-amd64/jre --enable-java-home --with-jvm-root-dir=/usr/lib/jvm/java-1.5.0-gcj-5-amd64 --with-jvm-jar-dir=/usr/lib/jvm-exports/java-1.5.0-gcj-5-amd64 --with-arch-directory=amd64 --with-ecj-jar=/usr/share/java/eclipse-ecj.jar --enable-objc-gc --enable-multiarch --disable-werror --with-arch-32=i686 --with-abi=m64 --with-multilib-list=m32,m64,mx32 --enable-multilib --with-tune=generic --enable-checking=release --build=x86_64-linux-gnu --host=x86_64-linux-gnu --target=x86_64-linux-gnu
Thread model: posix
gcc version 5.4.0 20160609 (Ubuntu 5.4.0-6ubuntu1~16.04.11) 
configure:5301: $? = 0
configure:5308: g++ -V >&5
g++: error: unrecognized command line option '-V'
g++: fatal error: no input files
compilation terminated.
configure:5311: $? = 1
configure:5314: checking whether we are using the GNU C++ compiler
configure:5343: g++ -c   conftest.cpp >&5
configure:5349: $? = 0
configure:5366: result: yes
configure:5371: checking whether g++ accepts -g
configure:5401: g++ -c -g  conftest.cpp >&5
configure:5407: $? = 0
configure:5506: result: yes
configure:5531: checking dependency style of g++
configure:5622: result: none
configure:5647: checking how to run the C++ preprocessor
configure:5683: g++ -E  conftest.cpp
configure:5689: $? = 0
configure:5720: g++ -E  conftest.cpp
conftest.cpp:21:28: fatal error: ac_nonexistent.h: No such file or directory
compilation terminated.
configure:5726: $? = 1
configure: failed program was:
| /* confdefs.h.  */
| #define PACKAGE_NAME ""
| #define PACKAGE_TARNAME ""
| #define PACKAGE_VERSION ""
| #define PACKAGE_STRING ""
| #define PACKAGE_BUGREPORT ""
| #define PACKAGE "trickle"
| #define VERSION "1.07"
| #define STDC_HEADERS 1
| #define HAVE_SYS_TYPES_H 1
| #define HAVE_SYS_STAT_H 1
| #define HAVE_STDLIB_H 1
| #define HAVE_STRING_H 1
| #define HAVE_MEMORY_H 1
| #define HAVE_STRINGS_H 1
| #define HAVE_INTTYPES_H 1
| #define HAVE_STDINT_H 1
| #define HAVE_UNISTD_H 1
| #define HAVE_DLFCN_H 1
| /* end confdefs.h.  */
| #include <ac_nonexistent.h>
configure:5759: result: g++ -E
configure:5788: g++ -E  conftest.cpp
configure:5794: $? = 0
configure:5825: g++ -E  conftest.cpp
conftest.cpp:21:28: fatal error: ac_nonexistent.h: No such file or directory
compilation terminated.
configure:5831: $? = 1
configure: failed program was:
| /* confdefs.h.  */
| #define PACKAGE_NAME ""
| #define PACKAGE_TARNAME ""
| #define PACKAGE_VERSION ""
| #define PACKAGE_STRING ""
| #define PACKAGE_BUGREPORT ""
| #define PACKAGE "trickle"
| #define VERSION "1.07"
| #define STDC_HEADERS 1
| #define HAVE_SYS_TYPES_H 1
| #define HAVE_SYS_STAT_H 1
| #define HAVE_STDLIB_H 1
| #define HAVE_STRING_H 1
| #define HAVE_MEMORY_H 1
| #define HAVE_STRINGS_H 1
| #define HAVE_INTTYPES_H 1
| #define HAVE_STDINT_H 1
| #define HAVE_UNISTD_H 1
| #define HAVE_DLFCN_H 1
| /* end confdefs.h.  */
| #include <ac_nonexistent.h>
configure:5924: checking for g77
configure:5954: result: no
configure:5924: checking for xlf
configure:5954: result: no
configure:5924: checking for f77
configure:5940: found /usr/bin/f77
configure:5951: result: f77
configure:5981: checking for Fortran 77 compiler version
configure:5988: f77 --version >&5
GNU Fortran (Ubuntu 5.4.0-6ubuntu1~16.04.11) 5.4.0 20160609
Copyright (C) 2015 Free Software Foundation, Inc.

GNU Fortran comes with NO WARRANTY, to the extent permitted by law.
You may redistribute copies of GNU Fortran
under the terms of the GNU General Public License.
For more information about these matters, see the file named COPYING

configure:5991: $? = 0
configure:5998: f77 -v >&5
Using built-in specs.
COLLECT_GCC=f77
COLLECT_LTO_WRAPPER=/usr/lib/gcc/x86_64-linux-gnu/5/lto-wrapper
Target: x86_64-linux-gnu
Configured with: ../src/configure -v --with-pkgversion='Ubuntu 5.4.0-6ubuntu1~16.04.11' --with-bugurl=file:///usr/share/doc/gcc-5/README.Bugs --enable-languages=c,ada,c++,java,go,d,fortran,objc,obj-c++ --prefix=/usr --program-suffix=-5 --enable-shared --enable-linker-build-id --libexecdir=/usr/lib --without-included-gettext --enable-threads=posix --libdir=/usr/lib --enable-nls --with-sysroot=/ --enable-clocale=gnu --enable-libstdcxx-debug --enable-libstdcxx-time=yes --with-default-libstdcxx-abi=new --enable-gnu-unique-object --disable-vtable-verify --enable-libmpx --enable-plugin --with-system-zlib --disable-browser-plugin --enable-java-awt=gtk --enable-gtk-cairo --with-java-home=/usr/lib/jvm/java-1.5.0-gcj-5-amd64/jre --enable-java-home --with-jvm-root-dir=/usr/lib/jvm/java-1.5.0-gcj-5-amd64 --with-jvm-jar-dir=/usr/lib/jvm-exports/java-1.5.0-gcj-5-amd64 --with-arch-directory=amd64 --with-ecj-jar=/usr/share/java/eclipse-ecj.jar --enable-objc-gc --enable-multiarch --disable-werror --with-arch-32=i686 --with-abi=m64 --with-multilib-list=m32,m64,mx32 --enable-multilib --with-tune=generic --enable-checking=release --build=x86_64-linux-gnu --host=x86_64-linux-gnu --target=x86_64-linux-gnu
Thread model: posix
gcc version 5.4.0 20160609 (Ubuntu 5.4.0-6ubuntu1~16.04.11) 
configure:6001: $? = 0
configure:6008: f77 -V >&5
f77: error: unrecognized command line option '-V'
f77: fatal error: no input files
compilation terminated.
configure:6011: $? = 1
configure:6019: checking whether we are using the GNU Fortran 77 compiler
configure:6038: f77 -c  conftest.F >&5
configure:6044: $? = 0
configure:6061: result: yes
configure:6067: checking whether f77 accepts -g
configure:6084: f77 -c -g conftest.f >&5
configure:6090: $? = 0
configure:6106: result: yes
configure:6135: checking the maximum length of command line arguments
configure:6247: result: 1572864
configure:6259: checking command to parse /usr/bin/nm -B output from wllvm object
configure:6364: wllvm -c -g -O2  conftest.c >&5
configure:6367: $? = 0
configure:6371: /usr/bin/nm -B conftest.o \| sed -n -e 's/^.*[ 	]\([ABCDGIRSTW][ABCDGIRSTW]*\)[ 	][ 	]*\([_A-Za-z][_A-Za-z0-9]*\)$/\1 \2 \2/p' \> conftest.nm
configure:6374: $? = 0
configure:6426: wllvm -o conftest -g -O2   conftest.c conftstm.o >&5
configure:6429: $? = 0
configure:6467: result: ok
configure:6471: checking for objdir
configure:6486: result: .libs
configure:6578: checking for ar
configure:6594: found /usr/bin/ar
configure:6605: result: ar
configure:6674: checking for ranlib
configure:6690: found /usr/bin/ranlib
configure:6701: result: ranlib
configure:6770: checking for strip
configure:6786: found /usr/bin/strip
configure:6797: result: strip
configure:7395: checking if wllvm supports -fno-rtti -fno-exceptions
configure:7413: wllvm -c -g -O2  -fno-rtti -fno-exceptions conftest.c >&5
configure:7417: $? = 0
configure:7430: result: yes
configure:7445: checking for wllvm option to produce PIC
configure:7677: result: -fPIC
configure:7685: checking if wllvm PIC flag -fPIC works
configure:7703: wllvm -c -g -O2  -fPIC -DPIC conftest.c >&5
configure:7707: $? = 0
configure:7720: result: yes
configure:7748: checking if wllvm static flag -static works
configure:7776: result: yes
configure:7786: checking if wllvm supports -c -o file.o
configure:7807: wllvm -c -g -O2  -o out/conftest2.o conftest.c >&5
configure:7811: $? = 0
configure:7833: result: yes
configure:7859: checking whether the wllvm linker (/usr/bin/ld -m elf_x86_64) supports shared libraries
configure:8840: result: yes
configure:8861: checking whether -lc should be explicitly linked in
configure:8866: wllvm -c -g -O2  conftest.c >&5
configure:8869: $? = 0
configure:8884: wllvm -shared conftest.o  -v -Wl,-soname -Wl,conftest -o conftest 2\>\&1 \| grep  -lc  \>/dev/null 2\>\&1
configure:8887: $? = 0
configure:8899: result: no
configure:8907: checking dynamic linker characteristics
configure:9521: result: GNU/Linux ld.so
configure:9545: checking how to hardcode library paths into programs
configure:9570: result: immediate
configure:9584: checking whether stripping libraries is possible
configure:9589: result: yes
configure:10391: checking if libtool supports shared libraries
configure:10393: result: yes
configure:10396: checking whether to build shared libraries
configure:10417: result: yes
configure:10420: checking whether to build static libraries
configure:10424: result: yes
configure:10518: creating libtool
configure:11111: checking for ld used by g++
configure:11178: result: /usr/bin/ld -m elf_x86_64
configure:11187: checking if the linker (/usr/bin/ld -m elf_x86_64) is GNU ld
configure:11202: result: yes
configure:11253: checking whether the g++ linker (/usr/bin/ld -m elf_x86_64) supports shared libraries
configure:12199: result: yes
configure:12216: g++ -c -g -O2  conftest.cpp >&5
configure:12219: $? = 0
configure:12375: checking for g++ option to produce PIC
configure:12659: result: -fPIC
configure:12667: checking if g++ PIC flag -fPIC works
configure:12685: g++ -c -g -O2  -fPIC -DPIC conftest.cpp >&5
configure:12689: $? = 0
configure:12702: result: yes
configure:12730: checking if g++ static flag -static works
configure:12758: result: yes
configure:12768: checking if g++ supports -c -o file.o
configure:12789: g++ -c -g -O2  -o out/conftest2.o conftest.cpp >&5
configure:12793: $? = 0
configure:12815: result: yes
configure:12841: checking whether the g++ linker (/usr/bin/ld -m elf_x86_64) supports shared libraries
configure:12870: result: yes
configure:12937: checking dynamic linker characteristics
configure:13499: result: GNU/Linux ld.so
configure:13523: checking how to hardcode library paths into programs
configure:13548: result: immediate
configure:14087: checking if libtool supports shared libraries
configure:14089: result: yes
configure:14092: checking whether to build shared libraries
configure:14112: result: yes
configure:14115: checking whether to build static libraries
configure:14119: result: yes
configure:14129: checking for f77 option to produce PIC
configure:14361: result: -fPIC
configure:14369: checking if f77 PIC flag -fPIC works
configure:14387: f77 -c -g -O2 -fPIC conftest.f >&5
configure:14391: $? = 0
configure:14404: result: yes
configure:14432: checking if f77 static flag -static works
configure:14460: result: yes
configure:14470: checking if f77 supports -c -o file.o
configure:14491: f77 -c -g -O2 -o out/conftest2.o conftest.f >&5
configure:14495: $? = 0
configure:14517: result: yes
configure:14543: checking whether the f77 linker (/usr/bin/ld -m elf_x86_64) supports shared libraries
configure:15504: result: yes
configure:15571: checking dynamic linker characteristics
configure:16133: result: GNU/Linux ld.so
configure:16157: checking how to hardcode library paths into programs
configure:16182: result: immediate
configure:19795: checking whether make sets $(MAKE)
configure:19816: result: yes
configure:19874: checking for ranlib
configure:19901: result: ranlib
configure:19940: checking for a BSD-compatible install
configure:19996: result: /usr/bin/install -c
configure:20019: checking for socket in -lsocket
configure:20054: wllvm -o conftest -g -O2   conftest.c -lsocket   >&5
/usr/bin/ld: cannot find -lsocket
clang: error: linker command failed with exit code 1 (use -v to see invocation)
ERROR:Failed to compile using given arguments: [-o conftest -g -O2 conftest.c -lsocket]
configure:20060: $? = 1
configure: failed program was:
| /* confdefs.h.  */
| #define PACKAGE_NAME ""
| #define PACKAGE_TARNAME ""
| #define PACKAGE_VERSION ""
| #define PACKAGE_STRING ""
| #define PACKAGE_BUGREPORT ""
| #define PACKAGE "trickle"
| #define VERSION "1.07"
| #define STDC_HEADERS 1
| #define HAVE_SYS_TYPES_H 1
| #define HAVE_SYS_STAT_H 1
| #define HAVE_STDLIB_H 1
| #define HAVE_STRING_H 1
| #define HAVE_MEMORY_H 1
| #define HAVE_STRINGS_H 1
| #define HAVE_INTTYPES_H 1
| #define HAVE_STDINT_H 1
| #define HAVE_UNISTD_H 1
| #define HAVE_DLFCN_H 1
| /* end confdefs.h.  */
| 
| /* Override any GCC internal prototype to avoid an error.
|    Use char because int might match the return type of a GCC
|    builtin and then its argument prototype would still apply.  */
| #ifdef __cplusplus
| extern "C"
| #endif
| char socket ();
| int
| main ()
| {
| return socket ();
|   ;
|   return 0;
| }
configure:20078: result: no
configure:20090: checking for gethostbyname in -lnsl
configure:20125: wllvm -o conftest -g -O2   conftest.c -lnsl   >&5
configure:20131: $? = 0
configure:20149: result: yes
configure:20160: checking for dlopen in -ldl
configure:20195: wllvm -o conftest -g -O2   conftest.c -ldl  -lnsl  >&5
configure:20201: $? = 0
configure:20219: result: yes
configure:20227: checking for err in -lc
configure:20262: wllvm -o conftest -g -O2   conftest.c -lc  -lnsl  -ldl >&5
configure:20268: $? = 0
configure:20286: result: yes
configure:20296: checking for ANSI C header files
configure:20460: result: yes
configure:20470: checking for sys/wait.h that is POSIX.1 compatible
configure:20506: wllvm -c -g -O2  conftest.c >&5
configure:20512: $? = 0
configure:20527: result: yes
configure:20538: checking if libc defines __progname
configure:20565: wllvm -o conftest -g -O2   conftest.c -lnsl  -ldl >&5
conftest.c:28:27: warning: implicitly declaring library function 'printf' with type 'int (const char *, ...)' [-Wimplicit-function-declaration]
 extern char *__progname; printf("%s", __progname);
                          ^
conftest.c:28:27: note: include the header <stdio.h> or explicitly provide a declaration for 'printf'
1 warning generated.
conftest.c:28:27: warning: implicitly declaring library function 'printf' with type 'int (const char *, ...)' [-Wimplicit-function-declaration]
 extern char *__progname; printf("%s", __progname);
                          ^
conftest.c:28:27: note: include the header <stdio.h> or explicitly provide a declaration for 'printf'
1 warning generated.
conftest.c:28:27: warning: implicitly declaring library function 'printf' with type 'int (const char *, ...)' [-Wimplicit-function-declaration]
 extern char *__progname; printf("%s", __progname);
                          ^
conftest.c:28:27: note: include the header <stdio.h> or explicitly provide a declaration for 'printf'
1 warning generated.
configure:20571: $? = 0
configure:20590: result: yes
configure:20621: checking sys/ioctl.h usability
configure:20638: wllvm -c -g -O2  conftest.c >&5
configure:20644: $? = 0
configure:20658: result: yes
configure:20662: checking sys/ioctl.h presence
configure:20677: wllvm -E  conftest.c
configure:20683: $? = 0
configure:20697: result: yes
configure:20725: checking for sys/ioctl.h
configure:20733: result: yes
configure:20621: checking sys/time.h usability
configure:20638: wllvm -c -g -O2  conftest.c >&5
configure:20644: $? = 0
configure:20658: result: yes
configure:20662: checking sys/time.h presence
configure:20677: wllvm -E  conftest.c
configure:20683: $? = 0
configure:20697: result: yes
configure:20725: checking for sys/time.h
configure:20733: result: yes
configure:20621: checking err.h usability
configure:20638: wllvm -c -g -O2  conftest.c >&5
configure:20644: $? = 0
configure:20658: result: yes
configure:20662: checking err.h presence
configure:20677: wllvm -E  conftest.c
configure:20683: $? = 0
configure:20697: result: yes
configure:20725: checking for err.h
configure:20733: result: yes
configure:20621: checking time.h usability
configure:20638: wllvm -c -g -O2  conftest.c >&5
configure:20644: $? = 0
configure:20658: result: yes
configure:20662: checking time.h presence
configure:20677: wllvm -E  conftest.c
configure:20683: $? = 0
configure:20697: result: yes
configure:20725: checking for time.h
configure:20733: result: yes
configure:20611: checking for unistd.h
configure:20617: result: yes
configure:20611: checking for stdint.h
configure:20617: result: yes
configure:20621: checking netinet/in.h usability
configure:20638: wllvm -c -g -O2  conftest.c >&5
configure:20644: $? = 0
configure:20658: result: yes
configure:20662: checking netinet/in.h presence
configure:20677: wllvm -E  conftest.c
configure:20683: $? = 0
configure:20697: result: yes
configure:20725: checking for netinet/in.h
configure:20733: result: yes
configure:20621: checking asm/poll.h usability
configure:20638: wllvm -c -g -O2  conftest.c >&5
configure:20644: $? = 0
configure:20658: result: yes
configure:20662: checking asm/poll.h presence
configure:20677: wllvm -E  conftest.c
configure:20683: $? = 0
configure:20697: result: yes
configure:20725: checking for asm/poll.h
configure:20733: result: yes
configure:20747: checking for an ANSI C-conforming const
configure:20822: wllvm -c -g -O2  conftest.c >&5
configure:20828: $? = 0
configure:20843: result: yes
configure:20853: checking for pid_t
configure:20883: wllvm -c -g -O2  conftest.c >&5
configure:20889: $? = 0
configure:20904: result: yes
configure:20916: checking for size_t
configure:20946: wllvm -c -g -O2  conftest.c >&5
configure:20952: $? = 0
configure:20967: result: yes
configure:20979: checking whether time.h and sys/time.h may both be included
configure:21009: wllvm -c -g -O2  conftest.c >&5
configure:21015: $? = 0
configure:21030: result: yes
configure:21040: checking for u_int64_t
configure:21070: wllvm -c -g -O2  conftest.c >&5
configure:21076: $? = 0
configure:21091: result: yes
configure:21103: checking for u_int32_t
configure:21133: wllvm -c -g -O2  conftest.c >&5
configure:21139: $? = 0
configure:21154: result: yes
configure:21166: checking for u_int16_t
configure:21196: wllvm -c -g -O2  conftest.c >&5
configure:21202: $? = 0
configure:21217: result: yes
configure:21229: checking for u_int8_t
configure:21259: wllvm -c -g -O2  conftest.c >&5
configure:21265: $? = 0
configure:21280: result: yes
configure:21292: checking for in_addr_t
configure:21325: wllvm -c -g -O2  conftest.c >&5
configure:21331: $? = 0
configure:21346: result: yes
configure:21358: checking whether wllvm needs -traditional
configure:21400: result: no
configure:21407: checking return type of signal handlers
configure:21435: wllvm -c -g -O2  conftest.c >&5
conftest.c:40:8: error: indirection requires pointer operand ('void' invalid)
return *(signal (0, 0)) (0) == 1;
       ^~~~~~~~~~~~~~~~~~~~
1 error generated.
ERROR:Failed to compile using given arguments: [-c -g -O2 conftest.c]
configure:21441: $? = 1
configure: failed program was:
| /* confdefs.h.  */
| #define PACKAGE_NAME ""
| #define PACKAGE_TARNAME ""
| #define PACKAGE_VERSION ""
| #define PACKAGE_STRING ""
| #define PACKAGE_BUGREPORT ""
| #define PACKAGE "trickle"
| #define VERSION "1.07"
| #define STDC_HEADERS 1
| #define HAVE_SYS_TYPES_H 1
| #define HAVE_SYS_STAT_H 1
| #define HAVE_STDLIB_H 1
| #define HAVE_STRING_H 1
| #define HAVE_MEMORY_H 1
| #define HAVE_STRINGS_H 1
| #define HAVE_INTTYPES_H 1
| #define HAVE_STDINT_H 1
| #define HAVE_UNISTD_H 1
| #define HAVE_DLFCN_H 1
| #define HAVE_LIBNSL 1
| #define STDC_HEADERS 1
| #define HAVE_SYS_WAIT_H 1
| #define HAVE___PROGNAME 1
| #define HAVE_SYS_IOCTL_H 1
| #define HAVE_SYS_TIME_H 1
| #define HAVE_ERR_H 1
| #define HAVE_TIME_H 1
| #define HAVE_UNISTD_H 1
| #define HAVE_STDINT_H 1
| #define HAVE_NETINET_IN_H 1
| #define HAVE_ASM_POLL_H 1
| #define TIME_WITH_SYS_TIME 1
| /* end confdefs.h.  */
| #include <sys/types.h>
| #include <signal.h>
| 
| int
| main ()
| {
| return *(signal (0, 0)) (0) == 1;
|   ;
|   return 0;
| }
configure:21456: result: void
configure:21468: checking for socket
configure:21524: wllvm -o conftest -g -O2   conftest.c -lnsl  -ldl >&5
configure:21530: $? = 0
configure:21548: result: yes
configure:21566: checking for strlcat
configure:21622: wllvm -o conftest -g -O2   conftest.c -lnsl  -ldl >&5
/tmp/conftest-716dee.o: In function `main':
/home/abdulrafaenoor/Desktop/Trimmer/TRIMMER-newmodel/examples/trickle-1.07/conftest.c:70: undefined reference to `strlcat'
clang: error: linker command failed with exit code 1 (use -v to see invocation)
ERROR:Failed to compile using given arguments: [-o conftest -g -O2 conftest.c -lnsl -ldl]
configure:21628: $? = 1
configure: failed program was:
| /* confdefs.h.  */
| #define PACKAGE_NAME ""
| #define PACKAGE_TARNAME ""
| #define PACKAGE_VERSION ""
| #define PACKAGE_STRING ""
| #define PACKAGE_BUGREPORT ""
| #define PACKAGE "trickle"
| #define VERSION "1.07"
| #define STDC_HEADERS 1
| #define HAVE_SYS_TYPES_H 1
| #define HAVE_SYS_STAT_H 1
| #define HAVE_STDLIB_H 1
| #define HAVE_STRING_H 1
| #define HAVE_MEMORY_H 1
| #define HAVE_STRINGS_H 1
| #define HAVE_INTTYPES_H 1
| #define HAVE_STDINT_H 1
| #define HAVE_UNISTD_H 1
| #define HAVE_DLFCN_H 1
| #define HAVE_LIBNSL 1
| #define STDC_HEADERS 1
| #define HAVE_SYS_WAIT_H 1
| #define HAVE___PROGNAME 1
| #define HAVE_SYS_IOCTL_H 1
| #define HAVE_SYS_TIME_H 1
| #define HAVE_ERR_H 1
| #define HAVE_TIME_H 1
| #define HAVE_UNISTD_H 1
| #define HAVE_STDINT_H 1
| #define HAVE_NETINET_IN_H 1
| #define HAVE_ASM_POLL_H 1
| #define TIME_WITH_SYS_TIME 1
| #define RETSIGTYPE void
| #define HAVE_SOCKET 1
| /* end confdefs.h.  */
| /* Define strlcat to an innocuous variant, in case <limits.h> declares strlcat.
|    For example, HP-UX 11i <limits.h> declares gettimeofday.  */
| #define strlcat innocuous_strlcat
| 
| /* System header to define __stub macros and hopefully few prototypes,
|     which can conflict with char strlcat (); below.
|     Prefer <limits.h> to <assert.h> if __STDC__ is defined, since
|     <limits.h> exists even on freestanding compilers.  */
| 
| #ifdef __STDC__
| # include <limits.h>
| #else
| # include <assert.h>
| #endif
| 
| #undef strlcat
| 
| /* Override any GCC internal prototype to avoid an error.
|    Use char because int might match the return type of a GCC
|    builtin and then its argument prototype would still apply.  */
| #ifdef __cplusplus
| extern "C"
| #endif
| char strlcat ();
| /* The GNU C library defines this for functions which it implements
|     to always fail with ENOSYS.  Some functions are actually named
|     something starting with __ and the normal name is an alias.  */
| #if defined __stub_strlcat || defined __stub___strlcat
| choke me
| #endif
| 
| int
| main ()
| {
| return strlcat ();
|   ;
|   return 0;
| }
configure:21646: result: no
configure:21566: checking for strlcpy
configure:21622: wllvm -o conftest -g -O2   conftest.c -lnsl  -ldl >&5
/tmp/conftest-95692a.o: In function `main':
/home/abdulrafaenoor/Desktop/Trimmer/TRIMMER-newmodel/examples/trickle-1.07/conftest.c:70: undefined reference to `strlcpy'
clang: error: linker command failed with exit code 1 (use -v to see invocation)
ERROR:Failed to compile using given arguments: [-o conftest -g -O2 conftest.c -lnsl -ldl]
configure:21628: $? = 1
configure: failed program was:
| /* confdefs.h.  */
| #define PACKAGE_NAME ""
| #define PACKAGE_TARNAME ""
| #define PACKAGE_VERSION ""
| #define PACKAGE_STRING ""
| #define PACKAGE_BUGREPORT ""
| #define PACKAGE "trickle"
| #define VERSION "1.07"
| #define STDC_HEADERS 1
| #define HAVE_SYS_TYPES_H 1
| #define HAVE_SYS_STAT_H 1
| #define HAVE_STDLIB_H 1
| #define HAVE_STRING_H 1
| #define HAVE_MEMORY_H 1
| #define HAVE_STRINGS_H 1
| #define HAVE_INTTYPES_H 1
| #define HAVE_STDINT_H 1
| #define HAVE_UNISTD_H 1
| #define HAVE_DLFCN_H 1
| #define HAVE_LIBNSL 1
| #define STDC_HEADERS 1
| #define HAVE_SYS_WAIT_H 1
| #define HAVE___PROGNAME 1
| #define HAVE_SYS_IOCTL_H 1
| #define HAVE_SYS_TIME_H 1
| #define HAVE_ERR_H 1
| #define HAVE_TIME_H 1
| #define HAVE_UNISTD_H 1
| #define HAVE_STDINT_H 1
| #define HAVE_NETINET_IN_H 1
| #define HAVE_ASM_POLL_H 1
| #define TIME_WITH_SYS_TIME 1
| #define RETSIGTYPE void
| #define HAVE_SOCKET 1
| /* end confdefs.h.  */
| /* Define strlcpy to an innocuous variant, in case <limits.h> declares strlcpy.
|    For example, HP-UX 11i <limits.h> declares gettimeofday.  */
| #define strlcpy innocuous_strlcpy
| 
| /* System header to define __stub macros and hopefully few prototypes,
|     which can conflict with char strlcpy (); below.
|     Prefer <limits.h> to <assert.h> if __STDC__ is defined, since
|     <limits.h> exists even on freestanding compilers.  */
| 
| #ifdef __STDC__
| # include <limits.h>
| #else
| # include <assert.h>
| #endif
| 
| #undef strlcpy
| 
| /* Override any GCC internal prototype to avoid an error.
|    Use char because int might match the return type of a GCC
|    builtin and then its argument prototype would still apply.  */
| #ifdef __cplusplus
| extern "C"
| #endif
| char strlcpy ();
| /* The GNU C library defines this for functions which it implements
|     to always fail with ENOSYS.  Some functions are actually named
|     something starting with __ and the normal name is an alias.  */
| #if defined __stub_strlcpy || defined __stub___strlcpy
| choke me
| #endif
| 
| int
| main ()
| {
| return strlcpy ();
|   ;
|   return 0;
| }
configure:21646: result: no
configure:21566: checking for daemon
configure:21622: wllvm -o conftest -g -O2   conftest.c -lnsl  -ldl >&5
configure:21628: $? = 0
configure:21646: result: yes
configure:21566: checking for setenv
configure:21622: wllvm -o conftest -g -O2   conftest.c -lnsl  -ldl >&5
configure:21628: $? = 0
configure:21646: result: yes
configure:21566: checking for strsep
configure:21622: wllvm -o conftest -g -O2   conftest.c -lnsl  -ldl >&5
configure:21628: $? = 0
configure:21646: result: yes
configure:21669: checking for sendfile
configure:21725: wllvm -o conftest -g -O2   conftest.c -lnsl  -ldl >&5
configure:21731: $? = 0
configure:21749: result: yes
configure:21760: checking for libevent
configure:21804: result: yes
configure:21812: checking if underscores are needed for symbols
configure:21849: wllvm -o conftest -g -O2   conftest.c -lnsl  -ldl >&5
conftest.c:51:3: warning: implicitly declaring library function 'exit' with type 'void (int) __attribute__((noreturn))' [-Wimplicit-function-declaration]
                exit(1);
                ^
conftest.c:51:3: note: include the header <stdlib.h> or explicitly provide a declaration for 'exit'
1 warning generated.
conftest.c:51:3: warning: implicitly declaring library function 'exit' with type 'void (int) __attribute__((noreturn))' [-Wimplicit-function-declaration]
                exit(1);
                ^
conftest.c:51:3: note: include the header <stdlib.h> or explicitly provide a declaration for 'exit'
1 warning generated.
conftest.c:51:3: warning: implicitly declaring library function 'exit' with type 'void (int) __attribute__((noreturn))' [-Wimplicit-function-declaration]
                exit(1);
                ^
conftest.c:51:3: note: include the header <stdlib.h> or explicitly provide a declaration for 'exit'
1 warning generated.
configure:21852: $? = 0
configure:21858: ./conftest
configure:21861: $? = 1
configure: program exited with status 1
configure: failed program was:
| /* confdefs.h.  */
| #define PACKAGE_NAME ""
| #define PACKAGE_TARNAME ""
| #define PACKAGE_VERSION ""
| #define PACKAGE_STRING ""
| #define PACKAGE_BUGREPORT ""
| #define PACKAGE "trickle"
| #define VERSION "1.07"
| #define STDC_HEADERS 1
| #define HAVE_SYS_TYPES_H 1
| #define HAVE_SYS_STAT_H 1
| #define HAVE_STDLIB_H 1
| #define HAVE_STRING_H 1
| #define HAVE_MEMORY_H 1
| #define HAVE_STRINGS_H 1
| #define HAVE_INTTYPES_H 1
| #define HAVE_STDINT_H 1
| #define HAVE_UNISTD_H 1
| #define HAVE_DLFCN_H 1
| #define HAVE_LIBNSL 1
| #define STDC_HEADERS 1
| #define HAVE_SYS_WAIT_H 1
| #define HAVE___PROGNAME 1
| #define HAVE_SYS_IOCTL_H 1
| #define HAVE_SYS_TIME_H 1
| #define HAVE_ERR_H 1
| #define HAVE_TIME_H 1
| #define HAVE_UNISTD_H 1
| #define HAVE_STDINT_H 1
| #define HAVE_NETINET_IN_H 1
| #define HAVE_ASM_POLL_H 1
| #define TIME_WITH_SYS_TIME 1
| #define RETSIGTYPE void
| #define HAVE_SOCKET 1
| #define HAVE_DAEMON 1
| #define HAVE_SETENV 1
| #define HAVE_STRSEP 1
| #define HAVE_SENDFILE 1
| /* end confdefs.h.  */
| #include <dlfcn.h>
| #include <stdio.h>
| 
| int underscoreprobe(void) { return (31415); }
| 
| int
| main(int argc, char **argv)
| {
| 	void *dh;
| 
| 	if ((dh = dlopen(NULL, 0)) == NULL)
| 		exit(1);
| 
| 	if (dlsym(dh, "_underscoreprobe") != NULL)
| 		exit(0);
| 
| 	exit(1);
| }
configure:21875: result: no
configure:21885: checking if we can access libc without dlopen
configure:21919: wllvm -o conftest -g -O2   conftest.c -lnsl  -ldl >&5
conftest.c:51:3: warning: implicitly declaring library function 'exit' with type 'void (int) __attribute__((noreturn))' [-Wimplicit-function-declaration]
                exit(0);
                ^
conftest.c:51:3: note: include the header <stdlib.h> or explicitly provide a declaration for 'exit'
1 warning generated.
conftest.c:51:3: warning: implicitly declaring library function 'exit' with type 'void (int) __attribute__((noreturn))' [-Wimplicit-function-declaration]
                exit(0);
                ^
conftest.c:51:3: note: include the header <stdlib.h> or explicitly provide a declaration for 'exit'
1 warning generated.
conftest.c:51:3: warning: implicitly declaring library function 'exit' with type 'void (int) __attribute__((noreturn))' [-Wimplicit-function-declaration]
                exit(0);
                ^
conftest.c:51:3: note: include the header <stdlib.h> or explicitly provide a declaration for 'exit'
1 warning generated.
configure:21922: $? = 0
configure:21928: ./conftest
configure:21931: $? = 0
configure:21933: result: yes
configure:22069: checking for sendfile
configure:22149: result: yes
configure:22300: creating ./config.status

## ---------------------- ##
## Running config.status. ##
## ---------------------- ##

This file was extended by config.status, which was
generated by GNU Autoconf 2.61.  Invocation command line was

  CONFIG_FILES    = 
  CONFIG_HEADERS  = 
  CONFIG_LINKS    = 
  CONFIG_COMMANDS = 
  $ ./config.status 

on ubuntu

config.status:672: creating Makefile
config.status:672: creating config.h
config.status:922: config.h is unchanged
config.status:969: executing depfiles commands

## ---------------- ##
## Cache variables. ##
## ---------------- ##

ac_cv_build=x86_64-unknown-linux-gnu
ac_cv_c_compiler_gnu=yes
ac_cv_c_const=yes
ac_cv_cxx_compiler_gnu=yes
ac_cv_env_CCC_set=
ac_cv_env_CCC_value=
ac_cv_env_CC_set=set
ac_cv_env_CC_value=wllvm
ac_cv_env_CFLAGS_set=
ac_cv_env_CFLAGS_value=
ac_cv_env_CPPFLAGS_set=
ac_cv_env_CPPFLAGS_value=
ac_cv_env_CPP_set=
ac_cv_env_CPP_value=
ac_cv_env_CXXCPP_set=
ac_cv_env_CXXCPP_value=
ac_cv_env_CXXFLAGS_set=
ac_cv_env_CXXFLAGS_value=
ac_cv_env_CXX_set=
ac_cv_env_CXX_value=
ac_cv_env_F77_set=
ac_cv_env_F77_value=
ac_cv_env_FFLAGS_set=
ac_cv_env_FFLAGS_value=
ac_cv_env_LDFLAGS_set=
ac_cv_env_LDFLAGS_value=
ac_cv_env_LIBS_set=
ac_cv_env_LIBS_value=
ac_cv_env_build_alias_set=
ac_cv_env_build_alias_value=
ac_cv_env_host_alias_set=
ac_cv_env_host_alias_value=
ac_cv_env_target_alias_set=
ac_cv_env_target_alias_value=
ac_cv_f77_compiler_gnu=yes
ac_cv_func_daemon=yes
ac_cv_func_sendfile=yes
ac_cv_func_setenv=yes
ac_cv_func_socket=yes
ac_cv_func_strlcat=no
ac_cv_func_strlcpy=no
ac_cv_func_strsep=yes
ac_cv_header_asm_poll_h=yes
ac_cv_header_dlfcn_h=yes
ac_cv_header_err_h=yes
ac_cv_header_inttypes_h=yes
ac_cv_header_memory_h=yes
ac_cv_header_netinet_in_h=yes
ac_cv_header_stdc=yes
ac_cv_header_stdint_h=yes
ac_cv_header_stdlib_h=yes
ac_cv_header_string_h=yes
ac_cv_header_strings_h=yes
ac_cv_header_sys_ioctl_h=yes
ac_cv_header_sys_stat_h=yes
ac_cv_header_sys_time_h=yes
ac_cv_header_sys_types_h=yes
ac_cv_header_sys_wait_h=yes
ac_cv_header_time=yes
ac_cv_header_time_h=yes
ac_cv_header_unistd_h=yes
ac_cv_host=x86_64-unknown-linux-gnu
ac_cv_lib_c_err=yes
ac_cv_lib_dl_dlopen=yes
ac_cv_lib_nsl_gethostbyname=yes
ac_cv_lib_socket_socket=no
ac_cv_libc_defines___progname=yes
ac_cv_objext=o
ac_cv_path_EGREP='/bin/grep -E'
ac_cv_path_GREP=/bin/grep
ac_cv_path_install='/usr/bin/install -c'
ac_cv_path_mkdir=/bin/mkdir
ac_cv_prog_AWK=mawk
ac_cv_prog_CPP='wllvm -E'
ac_cv_prog_CXXCPP='g++ -E'
ac_cv_prog_ac_ct_AR=ar
ac_cv_prog_ac_ct_CC=wllvm
ac_cv_prog_ac_ct_CXX=g++
ac_cv_prog_ac_ct_F77=f77
ac_cv_prog_ac_ct_RANLIB=ranlib
ac_cv_prog_ac_ct_STRIP=strip
ac_cv_prog_cc_c89=
ac_cv_prog_cc_g=yes
ac_cv_prog_cxx_g=yes
ac_cv_prog_f77_g=yes
ac_cv_prog_gcc_traditional=no
ac_cv_prog_make_make_set=yes
ac_cv_target=x86_64-unknown-linux-gnu
ac_cv_type_in_addr_t=yes
ac_cv_type_pid_t=yes
ac_cv_type_signal=void
ac_cv_type_size_t=yes
ac_cv_type_u_int16_t=yes
ac_cv_type_u_int32_t=yes
ac_cv_type_u_int64_t=yes
ac_cv_type_u_int8_t=yes
am_cv_CC_dependencies_compiler_type=none
am_cv_CXX_dependencies_compiler_type=none
lt_cv_deplibs_check_method=pass_all
lt_cv_file_magic_cmd='$MAGIC_CMD'
lt_cv_file_magic_test_file=
lt_cv_ld_reload_flag=-r
lt_cv_objdir=.libs
lt_cv_path_LD=/usr/bin/ld
lt_cv_path_LDCXX='/usr/bin/ld -m elf_x86_64'
lt_cv_path_NM='/usr/bin/nm -B'
lt_cv_path_SED=/bin/sed
lt_cv_prog_compiler_c_o=yes
lt_cv_prog_compiler_c_o_CXX=yes
lt_cv_prog_compiler_c_o_F77=yes
lt_cv_prog_compiler_pic_works=yes
lt_cv_prog_compiler_pic_works_CXX=yes
lt_cv_prog_compiler_pic_works_F77=yes
lt_cv_prog_compiler_rtti_exceptions=yes
lt_cv_prog_compiler_static_works=yes
lt_cv_prog_compiler_static_works_CXX=yes
lt_cv_prog_compiler_static_works_F77=yes
lt_cv_prog_gnu_ld=yes
lt_cv_prog_gnu_ldcxx=yes
lt_cv_sys_global_symbol_pipe='sed -n -e '\''s/^.*[ 	]\([ABCDGIRSTW][ABCDGIRSTW]*\)[ 	][ 	]*\([_A-Za-z][_A-Za-z0-9]*\)$/\1 \2 \2/p'\'''
lt_cv_sys_global_symbol_to_c_name_address='sed -n -e '\''s/^: \([^ ]*\) $/  {\"\1\", (lt_ptr) 0},/p'\'' -e '\''s/^[BCDEGRST] \([^ ]*\) \([^ ]*\)$/  {"\2", (lt_ptr) \&\2},/p'\'''
lt_cv_sys_global_symbol_to_cdecl='sed -n -e '\''s/^. .* \(.*\)$/extern int \1;/p'\'''
lt_cv_sys_lib_dlsearch_path_spec='/lib /usr/lib /usr/lib/x86_64-linux-gnu/libfakeroot /lib/i386-linux-gnu /usr/lib/i386-linux-gnu /lib/i686-linux-gnu /usr/lib/i686-linux-gnu /usr/local/lib /usr/local/lib /lib/x86_64-linux-gnu /usr/lib/x86_64-linux-gnu /usr/lib/x86_64-linux-gnu/mesa-egl /usr/lib/x86_64-linux-gnu/mesa '
lt_cv_sys_lib_search_path_spec='/usr/lib/llvm-4.0/lib/clang/4.0.0 /usr/lib/gcc/x86_64-linux-gnu/5.4.0 /usr/lib/x86_64-linux-gnu /lib/x86_64-linux-gnu /lib64 /usr/lib /usr/lib/llvm-4.0/lib /lib'
lt_cv_sys_max_cmd_len=1572864
lt_lt_cv_prog_compiler_c_o='"yes"'
lt_lt_cv_prog_compiler_c_o_CXX='"yes"'
lt_lt_cv_prog_compiler_c_o_F77='"yes"'
lt_lt_cv_sys_global_symbol_pipe='"sed -n -e '\''s/^.*[ 	]\\([ABCDGIRSTW][ABCDGIRSTW]*\\)[ 	][ 	]*\\([_A-Za-z][_A-Za-z0-9]*\\)\$/\\1 \\2 \\2/p'\''"'
lt_lt_cv_sys_global_symbol_to_c_name_address='"sed -n -e '\''s/^: \\([^ ]*\\) \$/  {\\\"\\1\\\", (lt_ptr) 0},/p'\'' -e '\''s/^[BCDEGRST] \\([^ ]*\\) \\([^ ]*\\)\$/  {\"\\2\", (lt_ptr) \\&\\2},/p'\''"'
lt_lt_cv_sys_global_symbol_to_cdecl='"sed -n -e '\''s/^. .* \\(.*\\)\$/extern int \\1;/p'\''"'

## ----------------- ##
## Output variables. ##
## ----------------- ##

ACLOCAL='aclocal-1.10'
AMDEPBACKSLASH='\'
AMDEP_FALSE='#'
AMDEP_TRUE=''
AMTAR='tar'
AR='ar'
AUTOCONF='autoconf'
AUTOHEADER='autoheader'
AUTOMAKE='automake-1.10'
AWK='mawk'
CC='wllvm'
CCDEPMODE='depmode=none'
CFLAGS='-g -O2'
CPP='wllvm -E'
CPPFLAGS=''
CXX='g++'
CXXCPP='g++ -E'
CXXDEPMODE='depmode=none'
CXXFLAGS='-g -O2'
CYGPATH_W='echo'
DEFS='-DHAVE_CONFIG_H'
DEPDIR='.deps'
DSYMUTIL=''
ECHO='echo'
ECHO_C=''
ECHO_N='-n'
ECHO_T=''
EGREP='/bin/grep -E'
ERRO=''
EVENTINC=''
EVENTLIB='-levent'
EXEEXT=''
F77='f77'
FFLAGS='-g -O2'
GREP='/bin/grep'
INSTALL_DATA='${INSTALL} -m 644'
INSTALL_PROGRAM='${INSTALL}'
INSTALL_SCRIPT='${INSTALL}'
INSTALL_STRIP_PROGRAM='$(install_sh) -c -s'
LDFLAGS=''
LIBDL='-ldl'
LIBOBJS=' ${LIBOBJDIR}strlcat$U.o ${LIBOBJDIR}strlcpy$U.o'
LIBS='-lnsl  -ldl'
LIBTOOL='$(SHELL) $(top_builddir)/libtool'
LN_S='ln -s'
LTLIBOBJS=' ${LIBOBJDIR}strlcat$U.lo ${LIBOBJDIR}strlcpy$U.lo'
MAKEINFO='makeinfo'
NMEDIT=''
OBJEXT='o'
PACKAGE='trickle'
PACKAGE_BUGREPORT=''
PACKAGE_NAME=''
PACKAGE_STRING=''
PACKAGE_TARNAME=''
PACKAGE_VERSION=''
PATH_SEPARATOR=':'
RANLIB='ranlib'
SED='/bin/sed'
SET_MAKE=''
SHELL='/bin/bash'
STRIP='strip'
VERSION='1.07'
ac_ct_CC='wllvm'
ac_ct_CXX='g++'
ac_ct_F77='f77'
am__fastdepCC_FALSE=''
am__fastdepCC_TRUE='#'
am__fastdepCXX_FALSE=''
am__fastdepCXX_TRUE='#'
am__include='include'
am__isrc=''
am__leading_dot='.'
am__quote=''
am__tar='${AMTAR} chof - "$$tardir"'
am__untar='${AMTAR} xf -'
bindir='${exec_prefix}/bin'
build='x86_64-unknown-linux-gnu'
build_alias=''
build_cpu='x86_64'
build_os='linux-gnu'
build_vendor='unknown'
datadir='${datarootdir}'
datarootdir='${prefix}/share'
docdir='${datarootdir}/doc/${PACKAGE}'
dvidir='${docdir}'
exec_prefix='${prefix}'
host='x86_64-unknown-linux-gnu'
host_alias=''
host_cpu='x86_64'
host_os='linux-gnu'
host_vendor='unknown'
htmldir='${docdir}'
includedir='${prefix}/include'
infodir='${datarootdir}/info'
install_sh='$(SHELL) /home/abdulrafaenoor/Desktop/Trimmer/TRIMMER-newmodel/examples/trickle-1.07/install-sh'
libdir='${exec_prefix}/lib'
libexecdir='${exec_prefix}/libexec'
localedir='${datarootdir}/locale'
localstatedir='${prefix}/var'
mandir='${datarootdir}/man'
mkdir_p='/bin/mkdir -p'
oldincludedir='/usr/include'
pdfdir='${docdir}'
prefix='/usr/local'
program_transform_name='s,x,x,'
psdir='${docdir}'
sbindir='${exec_prefix}/sbin'
sharedstatedir='${prefix}/com'
sysconfdir='${prefix}/etc'
target='x86_64-unknown-linux-gnu'
target_alias=''
target_cpu='x86_64'
target_os='linux-gnu'
target_vendor='unknown'

## ----------- ##
## confdefs.h. ##
## ----------- ##

#define PACKAGE_NAME ""
#define PACKAGE_TARNAME ""
#define PACKAGE_VERSION ""
#define PACKAGE_STRING ""
#define PACKAGE_BUGREPORT ""
#define PACKAGE "trickle"
#define VERSION "1.07"
#define STDC_HEADERS 1
#define HAVE_SYS_TYPES_H 1
#define HAVE_SYS_STAT_H 1
#define HAVE_STDLIB_H 1
#define HAVE_STRING_H 1
#define HAVE_MEMORY_H 1
#define HAVE_STRINGS_H 1
#define HAVE_INTTYPES_H 1
#define HAVE_STDINT_H 1
#define HAVE_UNISTD_H 1
#define HAVE_DLFCN_H 1
#define HAVE_LIBNSL 1
#define STDC_HEADERS 1
#define HAVE_SYS_WAIT_H 1
#define HAVE___PROGNAME 1
#define HAVE_SYS_IOCTL_H 1
#define HAVE_SYS_TIME_H 1
#define HAVE_ERR_H 1
#define HAVE_TIME_H 1
#define HAVE_UNISTD_H 1
#define HAVE_STDINT_H 1
#define HAVE_NETINET_IN_H 1
#define HAVE_ASM_POLL_H 1
#define TIME_WITH_SYS_TIME 1
#define RETSIGTYPE void
#define HAVE_SOCKET 1
#define HAVE_DAEMON 1
#define HAVE_SETENV 1
#define HAVE_STRSEP 1
#define HAVE_SENDFILE 1
#define NODLOPEN 1
#define SYSCONFDIR "${prefix}/etc"
#define LIBDIR "/usr/local/lib/trickle"
#define HAVE_SENDFILE 1
#define HAVE_SENDFILE 1

configure: exit 0
