This file contains any messages produced by compilers while
running configure, to aid debugging if configure makes a mistake.

It was created by sans configure 0.1.0, which was
generated by GNU Autoconf 2.69.  Invocation command line was

  $ ./configure 

## --------- ##
## Platform. ##
## --------- ##

hostname = ubuntu
uname -m = x86_64
uname -r = 4.15.0-47-generic
uname -s = Linux
uname -v = #50~16.04.1-Ubuntu SMP Fri Mar 15 16:06:21 UTC 2019

/usr/bin/uname -p = unknown
/bin/uname -X     = unknown

/bin/arch              = unknown
/usr/bin/arch -k       = unknown
/usr/convex/getsysinfo = unknown
/usr/bin/hostinfo      = unknown
/bin/machine           = unknown
/usr/bin/oslevel       = unknown
/bin/universe          = unknown

PATH: /home/aatiranum/bin
PATH: /home/aatiranum/.local/bin
PATH: /usr/local/sbin
PATH: /usr/local/bin
PATH: /usr/sbin
PATH: /usr/bin
PATH: /sbin
PATH: /bin
PATH: /usr/games
PATH: /usr/local/games
PATH: /snap/bin
PATH: /usr/lib/jvm/java-8-oracle/bin
PATH: /usr/lib/jvm/java-8-oracle/db/bin
PATH: /usr/lib/jvm/java-8-oracle/jre/bin


## ----------- ##
## Core tests. ##
## ----------- ##

configure:2397: checking for a BSD-compatible install
configure:2465: result: /usr/bin/install -c
configure:2476: checking whether build environment is sane
configure:2531: result: yes
configure:2682: checking for a thread-safe mkdir -p
configure:2721: result: /bin/mkdir -p
configure:2728: checking for gawk
configure:2758: result: no
configure:2728: checking for mawk
configure:2744: found /usr/bin/mawk
configure:2755: result: mawk
configure:2766: checking whether make sets $(MAKE)
configure:2788: result: yes
configure:2817: checking whether make supports nested variables
configure:2834: result: yes
configure:2974: checking for style of include used by make
configure:3002: result: GNU
configure:3073: checking for gcc
configure:3089: found /usr/bin/gcc
configure:3100: result: gcc
configure:3329: checking for C compiler version
configure:3338: gcc --version >&5
gcc (Ubuntu 5.4.0-6ubuntu1~16.04.11) 5.4.0 20160609
Copyright (C) 2015 Free Software Foundation, Inc.
This is free software; see the source for copying conditions.  There is NO
warranty; not even for MERCHANTABILITY or FITNESS FOR A PARTICULAR PURPOSE.

configure:3349: $? = 0
configure:3338: gcc -v >&5
Using built-in specs.
COLLECT_GCC=gcc
COLLECT_LTO_WRAPPER=/usr/lib/gcc/x86_64-linux-gnu/5/lto-wrapper
Target: x86_64-linux-gnu
Configured with: ../src/configure -v --with-pkgversion='Ubuntu 5.4.0-6ubuntu1~16.04.11' --with-bugurl=file:///usr/share/doc/gcc-5/README.Bugs --enable-languages=c,ada,c++,java,go,d,fortran,objc,obj-c++ --prefix=/usr --program-suffix=-5 --enable-shared --enable-linker-build-id --libexecdir=/usr/lib --without-included-gettext --enable-threads=posix --libdir=/usr/lib --enable-nls --with-sysroot=/ --enable-clocale=gnu --enable-libstdcxx-debug --enable-libstdcxx-time=yes --with-default-libstdcxx-abi=new --enable-gnu-unique-object --disable-vtable-verify --enable-libmpx --enable-plugin --with-system-zlib --disable-browser-plugin --enable-java-awt=gtk --enable-gtk-cairo --with-java-home=/usr/lib/jvm/java-1.5.0-gcj-5-amd64/jre --enable-java-home --with-jvm-root-dir=/usr/lib/jvm/java-1.5.0-gcj-5-amd64 --with-jvm-jar-dir=/usr/lib/jvm-exports/java-1.5.0-gcj-5-amd64 --with-arch-directory=amd64 --with-ecj-jar=/usr/share/java/eclipse-ecj.jar --enable-objc-gc --enable-multiarch --disable-werror --with-arch-32=i686 --with-abi=m64 --with-multilib-list=m32,m64,mx32 --enable-multilib --with-tune=generic --enable-checking=release --build=x86_64-linux-gnu --host=x86_64-linux-gnu --target=x86_64-linux-gnu
Thread model: posix
gcc version 5.4.0 20160609 (Ubuntu 5.4.0-6ubuntu1~16.04.11) 
configure:3349: $? = 0
configure:3338: gcc -V >&5
gcc: error: unrecognized command line option '-V'
gcc: fatal error: no input files
compilation terminated.
configure:3349: $? = 1
configure:3338: gcc -qversion >&5
gcc: error: unrecognized command line option '-qversion'
gcc: fatal error: no input files
compilation terminated.
configure:3349: $? = 1
configure:3369: checking whether the C compiler works
configure:3391: gcc    conftest.c  >&5
configure:3395: $? = 0
configure:3443: result: yes
configure:3446: checking for C compiler default output file name
configure:3448: result: a.out
configure:3454: checking for suffix of executables
configure:3461: gcc -o conftest    conftest.c  >&5
configure:3465: $? = 0
configure:3487: result: 
configure:3509: checking whether we are cross compiling
configure:3517: gcc -o conftest    conftest.c  >&5
configure:3521: $? = 0
configure:3528: ./conftest
configure:3532: $? = 0
configure:3547: result: no
configure:3552: checking for suffix of object files
configure:3574: gcc -c   conftest.c >&5
configure:3578: $? = 0
configure:3599: result: o
configure:3603: checking whether we are using the GNU C compiler
configure:3622: gcc -c   conftest.c >&5
configure:3622: $? = 0
configure:3631: result: yes
configure:3640: checking whether gcc accepts -g
configure:3660: gcc -c -g  conftest.c >&5
configure:3660: $? = 0
configure:3701: result: yes
configure:3718: checking for gcc option to accept ISO C89
configure:3781: gcc  -c -g -O2  conftest.c >&5
configure:3781: $? = 0
configure:3794: result: none needed
configure:3819: checking whether gcc understands -c and -o together
configure:3841: gcc -c conftest.c -o conftest2.o
configure:3844: $? = 0
configure:3841: gcc -c conftest.c -o conftest2.o
configure:3844: $? = 0
configure:3856: result: yes
configure:3875: checking dependency style of gcc
configure:3986: result: gcc3
configure:4001: checking for gcc option to accept ISO C99
configure:4150: gcc  -c -g -O2  conftest.c >&5
configure:4150: $? = 0
configure:4163: result: none needed
configure:4208: checking build system type
configure:4222: result: x86_64-pc-linux-gnu
configure:4242: checking host system type
configure:4255: result: x86_64-pc-linux-gnu
configure:4296: checking how to print strings
configure:4323: result: printf
configure:4344: checking for a sed that does not truncate output
configure:4408: result: /bin/sed
configure:4426: checking for grep that handles long lines and -e
configure:4484: result: /bin/grep
configure:4489: checking for egrep
configure:4551: result: /bin/grep -E
configure:4556: checking for fgrep
configure:4618: result: /bin/grep -F
configure:4653: checking for ld used by gcc
configure:4720: result: /usr/bin/ld
configure:4727: checking if the linker (/usr/bin/ld) is GNU ld
configure:4742: result: yes
configure:4754: checking for BSD- or MS-compatible name lister (nm)
configure:4808: result: /usr/bin/nm -B
configure:4938: checking the name lister (/usr/bin/nm -B) interface
configure:4945: gcc -c -g -O2  conftest.c >&5
configure:4948: /usr/bin/nm -B "conftest.o"
configure:4951: output
0000000000000000 B some_variable
configure:4958: result: BSD nm
configure:4961: checking whether ln -s works
configure:4965: result: yes
configure:4973: checking the maximum length of command line arguments
configure:5104: result: 1572864
configure:5152: checking how to convert x86_64-pc-linux-gnu file names to x86_64-pc-linux-gnu format
configure:5192: result: func_convert_file_noop
configure:5199: checking how to convert x86_64-pc-linux-gnu file names to toolchain format
configure:5219: result: func_convert_file_noop
configure:5226: checking for /usr/bin/ld option to reload object files
configure:5233: result: -r
configure:5307: checking for objdump
configure:5323: found /usr/bin/objdump
configure:5334: result: objdump
configure:5366: checking how to recognize dependent libraries
configure:5566: result: pass_all
configure:5651: checking for dlltool
configure:5681: result: no
configure:5711: checking how to associate runtime and link libraries
configure:5738: result: printf %s\n
configure:5799: checking for ar
configure:5815: found /usr/bin/ar
configure:5826: result: ar
configure:5863: checking for archiver @FILE support
configure:5880: gcc -c -g -O2  conftest.c >&5
configure:5880: $? = 0
configure:5883: ar cru libconftest.a @conftest.lst >&5
ar: `u' modifier ignored since `D' is the default (see `U')
configure:5886: $? = 0
configure:5891: ar cru libconftest.a @conftest.lst >&5
ar: `u' modifier ignored since `D' is the default (see `U')
ar: conftest.o: No such file or directory
configure:5894: $? = 1
configure:5906: result: @
configure:5964: checking for strip
configure:5980: found /usr/bin/strip
configure:5991: result: strip
configure:6063: checking for ranlib
configure:6079: found /usr/bin/ranlib
configure:6090: result: ranlib
configure:6192: checking command to parse /usr/bin/nm -B output from gcc object
configure:6345: gcc -c -g -O2  conftest.c >&5
configure:6348: $? = 0
configure:6352: /usr/bin/nm -B conftest.o \| sed -n -e 's/^.*[ ]\([ABCDGIRSTW][ABCDGIRSTW]*\)[ ][ ]*\([_A-Za-z][_A-Za-z0-9]*\)$/\1 \2 \2/p' | sed '/ __gnu_lto/d' \> conftest.nm
configure:6355: $? = 0
configure:6421: gcc -o conftest -g -O2   conftest.c conftstm.o >&5
configure:6424: $? = 0
configure:6462: result: ok
configure:6509: checking for sysroot
configure:6539: result: no
configure:6546: checking for a working dd
configure:6584: result: /bin/dd
configure:6588: checking how to truncate binary pipes
configure:6603: result: /bin/dd bs=4096 count=1
configure:6739: gcc -c -g -O2  conftest.c >&5
configure:6742: $? = 0
configure:6932: checking for mt
configure:6948: found /bin/mt
configure:6959: result: mt
configure:6982: checking if mt is a manifest tool
configure:6988: mt '-?'
configure:6996: result: no
configure:7673: checking how to run the C preprocessor
configure:7704: gcc -E  conftest.c
configure:7704: $? = 0
configure:7718: gcc -E  conftest.c
conftest.c:11:28: fatal error: ac_nonexistent.h: No such file or directory
compilation terminated.
configure:7718: $? = 1
configure: failed program was:
| /* confdefs.h */
| #define PACKAGE_NAME "sans"
| #define PACKAGE_TARNAME "sans"
| #define PACKAGE_VERSION "0.1.0"
| #define PACKAGE_STRING "sans 0.1.0"
| #define PACKAGE_BUGREPORT "https://github.com/XiaoxiaoPu/sans/issues"
| #define PACKAGE_URL "https://github.com/XiaoxiaoPu/sans"
| #define PACKAGE "sans"
| #define VERSION "0.1.0"
| /* end confdefs.h.  */
| #include <ac_nonexistent.h>
configure:7743: result: gcc -E
configure:7763: gcc -E  conftest.c
configure:7763: $? = 0
configure:7777: gcc -E  conftest.c
conftest.c:11:28: fatal error: ac_nonexistent.h: No such file or directory
compilation terminated.
configure:7777: $? = 1
configure: failed program was:
| /* confdefs.h */
| #define PACKAGE_NAME "sans"
| #define PACKAGE_TARNAME "sans"
| #define PACKAGE_VERSION "0.1.0"
| #define PACKAGE_STRING "sans 0.1.0"
| #define PACKAGE_BUGREPORT "https://github.com/XiaoxiaoPu/sans/issues"
| #define PACKAGE_URL "https://github.com/XiaoxiaoPu/sans"
| #define PACKAGE "sans"
| #define VERSION "0.1.0"
| /* end confdefs.h.  */
| #include <ac_nonexistent.h>
configure:7806: checking for ANSI C header files
configure:7826: gcc -c -g -O2  conftest.c >&5
configure:7826: $? = 0
configure:7899: gcc -o conftest -g -O2   conftest.c  >&5
configure:7899: $? = 0
configure:7899: ./conftest
configure:7899: $? = 0
configure:7910: result: yes
configure:7923: checking for sys/types.h
configure:7923: gcc -c -g -O2  conftest.c >&5
configure:7923: $? = 0
configure:7923: result: yes
configure:7923: checking for sys/stat.h
configure:7923: gcc -c -g -O2  conftest.c >&5
configure:7923: $? = 0
configure:7923: result: yes
configure:7923: checking for stdlib.h
configure:7923: gcc -c -g -O2  conftest.c >&5
configure:7923: $? = 0
configure:7923: result: yes
configure:7923: checking for string.h
configure:7923: gcc -c -g -O2  conftest.c >&5
configure:7923: $? = 0
configure:7923: result: yes
configure:7923: checking for memory.h
configure:7923: gcc -c -g -O2  conftest.c >&5
configure:7923: $? = 0
configure:7923: result: yes
configure:7923: checking for strings.h
configure:7923: gcc -c -g -O2  conftest.c >&5
configure:7923: $? = 0
configure:7923: result: yes
configure:7923: checking for inttypes.h
configure:7923: gcc -c -g -O2  conftest.c >&5
configure:7923: $? = 0
configure:7923: result: yes
configure:7923: checking for stdint.h
configure:7923: gcc -c -g -O2  conftest.c >&5
configure:7923: $? = 0
configure:7923: result: yes
configure:7923: checking for unistd.h
configure:7923: gcc -c -g -O2  conftest.c >&5
configure:7923: $? = 0
configure:7923: result: yes
configure:7937: checking for dlfcn.h
configure:7937: gcc -c -g -O2  conftest.c >&5
configure:7937: $? = 0
configure:7937: result: yes
configure:8193: checking for objdir
configure:8208: result: .libs
configure:8472: checking if gcc supports -fno-rtti -fno-exceptions
configure:8490: gcc -c -g -O2  -fno-rtti -fno-exceptions conftest.c >&5
cc1: warning: command line option '-fno-rtti' is valid for C++/ObjC++ but not for C
configure:8494: $? = 0
configure:8507: result: no
configure:8865: checking for gcc option to produce PIC
configure:8872: result: -fPIC -DPIC
configure:8880: checking if gcc PIC flag -fPIC -DPIC works
configure:8898: gcc -c -g -O2  -fPIC -DPIC -DPIC conftest.c >&5
configure:8902: $? = 0
configure:8915: result: yes
configure:8944: checking if gcc static flag -static works
configure:8972: result: yes
configure:8987: checking if gcc supports -c -o file.o
configure:9008: gcc -c -g -O2  -o out/conftest2.o conftest.c >&5
configure:9012: $? = 0
configure:9034: result: yes
configure:9042: checking if gcc supports -c -o file.o
configure:9089: result: yes
configure:9122: checking whether the gcc linker (/usr/bin/ld -m elf_x86_64) supports shared libraries
configure:10385: result: yes
configure:10422: checking whether -lc should be explicitly linked in
configure:10430: gcc -c -g -O2  conftest.c >&5
configure:10433: $? = 0
configure:10448: gcc -shared  -fPIC -DPIC conftest.o  -v -Wl,-soname -Wl,conftest -o conftest 2\>\&1 \| /bin/grep  -lc  \>/dev/null 2\>\&1
configure:10451: $? = 0
configure:10465: result: no
configure:10625: checking dynamic linker characteristics
configure:11206: gcc -o conftest -g -O2   -Wl,-rpath -Wl,/foo conftest.c  >&5
configure:11206: $? = 0
configure:11455: result: GNU/Linux ld.so
configure:11577: checking how to hardcode library paths into programs
configure:11602: result: immediate
configure:12150: checking whether stripping libraries is possible
configure:12155: result: yes
configure:12190: checking if libtool supports shared libraries
configure:12192: result: yes
configure:12195: checking whether to build shared libraries
configure:12220: result: yes
configure:12223: checking whether to build static libraries
configure:12227: result: yes
configure:12313: checking whether to enable assertions
configure:12331: result: yes
configure:12337: checking arpa/inet.h usability
configure:12337: gcc -c -g -O2  conftest.c >&5
configure:12337: $? = 0
configure:12337: result: yes
configure:12337: checking arpa/inet.h presence
configure:12337: gcc -E  conftest.c
configure:12337: $? = 0
configure:12337: result: yes
configure:12337: checking for arpa/inet.h
configure:12337: result: yes
configure:12337: checking fcntl.h usability
configure:12337: gcc -c -g -O2  conftest.c >&5
configure:12337: $? = 0
configure:12337: result: yes
configure:12337: checking fcntl.h presence
configure:12337: gcc -E  conftest.c
configure:12337: $? = 0
configure:12337: result: yes
configure:12337: checking for fcntl.h
configure:12337: result: yes
configure:12337: checking grp.h usability
configure:12337: gcc -c -g -O2  conftest.c >&5
configure:12337: $? = 0
configure:12337: result: yes
configure:12337: checking grp.h presence
configure:12337: gcc -E  conftest.c
configure:12337: $? = 0
configure:12337: result: yes
configure:12337: checking for grp.h
configure:12337: result: yes
configure:12337: checking netdb.h usability
configure:12337: gcc -c -g -O2  conftest.c >&5
configure:12337: $? = 0
configure:12337: result: yes
configure:12337: checking netdb.h presence
configure:12337: gcc -E  conftest.c
configure:12337: $? = 0
configure:12337: result: yes
configure:12337: checking for netdb.h
configure:12337: result: yes
configure:12337: checking netinet/in.h usability
configure:12337: gcc -c -g -O2  conftest.c >&5
configure:12337: $? = 0
configure:12337: result: yes
configure:12337: checking netinet/in.h presence
configure:12337: gcc -E  conftest.c
configure:12337: $? = 0
configure:12337: result: yes
configure:12337: checking for netinet/in.h
configure:12337: result: yes
configure:12337: checking pwd.h usability
configure:12337: gcc -c -g -O2  conftest.c >&5
configure:12337: $? = 0
configure:12337: result: yes
configure:12337: checking pwd.h presence
configure:12337: gcc -E  conftest.c
configure:12337: $? = 0
configure:12337: result: yes
configure:12337: checking for pwd.h
configure:12337: result: yes
configure:12337: checking stddef.h usability
configure:12337: gcc -c -g -O2  conftest.c >&5
configure:12337: $? = 0
configure:12337: result: yes
configure:12337: checking stddef.h presence
configure:12337: gcc -E  conftest.c
configure:12337: $? = 0
configure:12337: result: yes
configure:12337: checking for stddef.h
configure:12337: result: yes
configure:12337: checking for stdint.h
configure:12337: result: yes
configure:12337: checking for stdlib.h
configure:12337: result: yes
configure:12337: checking for string.h
configure:12337: result: yes
configure:12337: checking sys/socket.h usability
configure:12337: gcc -c -g -O2  conftest.c >&5
configure:12337: $? = 0
configure:12337: result: yes
configure:12337: checking sys/socket.h presence
configure:12337: gcc -E  conftest.c
configure:12337: $? = 0
configure:12337: result: yes
configure:12337: checking for sys/socket.h
configure:12337: result: yes
configure:12337: checking sys/time.h usability
configure:12337: gcc -c -g -O2  conftest.c >&5
configure:12337: $? = 0
configure:12337: result: yes
configure:12337: checking sys/time.h presence
configure:12337: gcc -E  conftest.c
configure:12337: $? = 0
configure:12337: result: yes
configure:12337: checking for sys/time.h
configure:12337: result: yes
configure:12337: checking for unistd.h
configure:12337: result: yes
configure:12370: checking for inline
configure:12386: gcc -c -g -O2  conftest.c >&5
configure:12386: $? = 0
configure:12394: result: inline
configure:12412: checking for pid_t
configure:12412: gcc -c -g -O2  conftest.c >&5
configure:12412: $? = 0
configure:12412: gcc -c -g -O2  conftest.c >&5
conftest.c: In function 'main':
conftest.c:72:20: error: expected expression before ')' token
 if (sizeof ((pid_t)))
                    ^
configure:12412: $? = 1
configure: failed program was:
| /* confdefs.h */
| #define PACKAGE_NAME "sans"
| #define PACKAGE_TARNAME "sans"
| #define PACKAGE_VERSION "0.1.0"
| #define PACKAGE_STRING "sans 0.1.0"
| #define PACKAGE_BUGREPORT "https://github.com/XiaoxiaoPu/sans/issues"
| #define PACKAGE_URL "https://github.com/XiaoxiaoPu/sans"
| #define PACKAGE "sans"
| #define VERSION "0.1.0"
| #define STDC_HEADERS 1
| #define HAVE_SYS_TYPES_H 1
| #define HAVE_SYS_STAT_H 1
| #define HAVE_STDLIB_H 1
| #define HAVE_STRING_H 1
| #define HAVE_MEMORY_H 1
| #define HAVE_STRINGS_H 1
| #define HAVE_INTTYPES_H 1
| #define HAVE_STDINT_H 1
| #define HAVE_UNISTD_H 1
| #define HAVE_DLFCN_H 1
| #define LT_OBJDIR ".libs/"
| #define HAVE_ARPA_INET_H 1
| #define HAVE_FCNTL_H 1
| #define HAVE_GRP_H 1
| #define HAVE_NETDB_H 1
| #define HAVE_NETINET_IN_H 1
| #define HAVE_PWD_H 1
| #define HAVE_STDDEF_H 1
| #define HAVE_STDINT_H 1
| #define HAVE_STDLIB_H 1
| #define HAVE_STRING_H 1
| #define HAVE_SYS_SOCKET_H 1
| #define HAVE_SYS_TIME_H 1
| #define HAVE_UNISTD_H 1
| /* end confdefs.h.  */
| #include <stdio.h>
| #ifdef HAVE_SYS_TYPES_H
| # include <sys/types.h>
| #endif
| #ifdef HAVE_SYS_STAT_H
| # include <sys/stat.h>
| #endif
| #ifdef STDC_HEADERS
| # include <stdlib.h>
| # include <stddef.h>
| #else
| # ifdef HAVE_STDLIB_H
| #  include <stdlib.h>
| # endif
| #endif
| #ifdef HAVE_STRING_H
| # if !defined STDC_HEADERS && defined HAVE_MEMORY_H
| #  include <memory.h>
| # endif
| # include <string.h>
| #endif
| #ifdef HAVE_STRINGS_H
| # include <strings.h>
| #endif
| #ifdef HAVE_INTTYPES_H
| # include <inttypes.h>
| #endif
| #ifdef HAVE_STDINT_H
| # include <stdint.h>
| #endif
| #ifdef HAVE_UNISTD_H
| # include <unistd.h>
| #endif
| int
| main ()
| {
| if (sizeof ((pid_t)))
| 	    return 0;
|   ;
|   return 0;
| }
configure:12412: result: yes
configure:12423: checking for size_t
configure:12423: gcc -c -g -O2  conftest.c >&5
configure:12423: $? = 0
configure:12423: gcc -c -g -O2  conftest.c >&5
conftest.c: In function 'main':
conftest.c:72:21: error: expected expression before ')' token
 if (sizeof ((size_t)))
                     ^
configure:12423: $? = 1
configure: failed program was:
| /* confdefs.h */
| #define PACKAGE_NAME "sans"
| #define PACKAGE_TARNAME "sans"
| #define PACKAGE_VERSION "0.1.0"
| #define PACKAGE_STRING "sans 0.1.0"
| #define PACKAGE_BUGREPORT "https://github.com/XiaoxiaoPu/sans/issues"
| #define PACKAGE_URL "https://github.com/XiaoxiaoPu/sans"
| #define PACKAGE "sans"
| #define VERSION "0.1.0"
| #define STDC_HEADERS 1
| #define HAVE_SYS_TYPES_H 1
| #define HAVE_SYS_STAT_H 1
| #define HAVE_STDLIB_H 1
| #define HAVE_STRING_H 1
| #define HAVE_MEMORY_H 1
| #define HAVE_STRINGS_H 1
| #define HAVE_INTTYPES_H 1
| #define HAVE_STDINT_H 1
| #define HAVE_UNISTD_H 1
| #define HAVE_DLFCN_H 1
| #define LT_OBJDIR ".libs/"
| #define HAVE_ARPA_INET_H 1
| #define HAVE_FCNTL_H 1
| #define HAVE_GRP_H 1
| #define HAVE_NETDB_H 1
| #define HAVE_NETINET_IN_H 1
| #define HAVE_PWD_H 1
| #define HAVE_STDDEF_H 1
| #define HAVE_STDINT_H 1
| #define HAVE_STDLIB_H 1
| #define HAVE_STRING_H 1
| #define HAVE_SYS_SOCKET_H 1
| #define HAVE_SYS_TIME_H 1
| #define HAVE_UNISTD_H 1
| /* end confdefs.h.  */
| #include <stdio.h>
| #ifdef HAVE_SYS_TYPES_H
| # include <sys/types.h>
| #endif
| #ifdef HAVE_SYS_STAT_H
| # include <sys/stat.h>
| #endif
| #ifdef STDC_HEADERS
| # include <stdlib.h>
| # include <stddef.h>
| #else
| # ifdef HAVE_STDLIB_H
| #  include <stdlib.h>
| # endif
| #endif
| #ifdef HAVE_STRING_H
| # if !defined STDC_HEADERS && defined HAVE_MEMORY_H
| #  include <memory.h>
| # endif
| # include <string.h>
| #endif
| #ifdef HAVE_STRINGS_H
| # include <strings.h>
| #endif
| #ifdef HAVE_INTTYPES_H
| # include <inttypes.h>
| #endif
| #ifdef HAVE_STDINT_H
| # include <stdint.h>
| #endif
| #ifdef HAVE_UNISTD_H
| # include <unistd.h>
| #endif
| int
| main ()
| {
| if (sizeof ((size_t)))
| 	    return 0;
|   ;
|   return 0;
| }
configure:12423: result: yes
configure:12434: checking for ssize_t
configure:12434: gcc -c -g -O2  conftest.c >&5
configure:12434: $? = 0
configure:12434: gcc -c -g -O2  conftest.c >&5
conftest.c: In function 'main':
conftest.c:72:22: error: expected expression before ')' token
 if (sizeof ((ssize_t)))
                      ^
configure:12434: $? = 1
configure: failed program was:
| /* confdefs.h */
| #define PACKAGE_NAME "sans"
| #define PACKAGE_TARNAME "sans"
| #define PACKAGE_VERSION "0.1.0"
| #define PACKAGE_STRING "sans 0.1.0"
| #define PACKAGE_BUGREPORT "https://github.com/XiaoxiaoPu/sans/issues"
| #define PACKAGE_URL "https://github.com/XiaoxiaoPu/sans"
| #define PACKAGE "sans"
| #define VERSION "0.1.0"
| #define STDC_HEADERS 1
| #define HAVE_SYS_TYPES_H 1
| #define HAVE_SYS_STAT_H 1
| #define HAVE_STDLIB_H 1
| #define HAVE_STRING_H 1
| #define HAVE_MEMORY_H 1
| #define HAVE_STRINGS_H 1
| #define HAVE_INTTYPES_H 1
| #define HAVE_STDINT_H 1
| #define HAVE_UNISTD_H 1
| #define HAVE_DLFCN_H 1
| #define LT_OBJDIR ".libs/"
| #define HAVE_ARPA_INET_H 1
| #define HAVE_FCNTL_H 1
| #define HAVE_GRP_H 1
| #define HAVE_NETDB_H 1
| #define HAVE_NETINET_IN_H 1
| #define HAVE_PWD_H 1
| #define HAVE_STDDEF_H 1
| #define HAVE_STDINT_H 1
| #define HAVE_STDLIB_H 1
| #define HAVE_STRING_H 1
| #define HAVE_SYS_SOCKET_H 1
| #define HAVE_SYS_TIME_H 1
| #define HAVE_UNISTD_H 1
| /* end confdefs.h.  */
| #include <stdio.h>
| #ifdef HAVE_SYS_TYPES_H
| # include <sys/types.h>
| #endif
| #ifdef HAVE_SYS_STAT_H
| # include <sys/stat.h>
| #endif
| #ifdef STDC_HEADERS
| # include <stdlib.h>
| # include <stddef.h>
| #else
| # ifdef HAVE_STDLIB_H
| #  include <stdlib.h>
| # endif
| #endif
| #ifdef HAVE_STRING_H
| # if !defined STDC_HEADERS && defined HAVE_MEMORY_H
| #  include <memory.h>
| # endif
| # include <string.h>
| #endif
| #ifdef HAVE_STRINGS_H
| # include <strings.h>
| #endif
| #ifdef HAVE_INTTYPES_H
| # include <inttypes.h>
| #endif
| #ifdef HAVE_STDINT_H
| # include <stdint.h>
| #endif
| #ifdef HAVE_UNISTD_H
| # include <unistd.h>
| #endif
| int
| main ()
| {
| if (sizeof ((ssize_t)))
| 	    return 0;
|   ;
|   return 0;
| }
configure:12434: result: yes
configure:12445: checking for uid_t in sys/types.h
configure:12464: result: yes
configure:12475: checking for uint8_t
configure:12475: gcc -c -g -O2  conftest.c >&5
configure:12475: $? = 0
configure:12475: result: yes
configure:12489: checking for uint16_t
configure:12489: gcc -c -g -O2  conftest.c >&5
configure:12489: $? = 0
configure:12489: result: yes
configure:12501: checking for uint32_t
configure:12501: gcc -c -g -O2  conftest.c >&5
configure:12501: $? = 0
configure:12501: result: yes
configure:12519: checking vfork.h usability
configure:12519: gcc -c -g -O2  conftest.c >&5
conftest.c:69:19: fatal error: vfork.h: No such file or directory
compilation terminated.
configure:12519: $? = 1
configure: failed program was:
| /* confdefs.h */
| #define PACKAGE_NAME "sans"
| #define PACKAGE_TARNAME "sans"
| #define PACKAGE_VERSION "0.1.0"
| #define PACKAGE_STRING "sans 0.1.0"
| #define PACKAGE_BUGREPORT "https://github.com/XiaoxiaoPu/sans/issues"
| #define PACKAGE_URL "https://github.com/XiaoxiaoPu/sans"
| #define PACKAGE "sans"
| #define VERSION "0.1.0"
| #define STDC_HEADERS 1
| #define HAVE_SYS_TYPES_H 1
| #define HAVE_SYS_STAT_H 1
| #define HAVE_STDLIB_H 1
| #define HAVE_STRING_H 1
| #define HAVE_MEMORY_H 1
| #define HAVE_STRINGS_H 1
| #define HAVE_INTTYPES_H 1
| #define HAVE_STDINT_H 1
| #define HAVE_UNISTD_H 1
| #define HAVE_DLFCN_H 1
| #define LT_OBJDIR ".libs/"
| #define HAVE_ARPA_INET_H 1
| #define HAVE_FCNTL_H 1
| #define HAVE_GRP_H 1
| #define HAVE_NETDB_H 1
| #define HAVE_NETINET_IN_H 1
| #define HAVE_PWD_H 1
| #define HAVE_STDDEF_H 1
| #define HAVE_STDINT_H 1
| #define HAVE_STDLIB_H 1
| #define HAVE_STRING_H 1
| #define HAVE_SYS_SOCKET_H 1
| #define HAVE_SYS_TIME_H 1
| #define HAVE_UNISTD_H 1
| /* end confdefs.h.  */
| #include <stdio.h>
| #ifdef HAVE_SYS_TYPES_H
| # include <sys/types.h>
| #endif
| #ifdef HAVE_SYS_STAT_H
| # include <sys/stat.h>
| #endif
| #ifdef STDC_HEADERS
| # include <stdlib.h>
| # include <stddef.h>
| #else
| # ifdef HAVE_STDLIB_H
| #  include <stdlib.h>
| # endif
| #endif
| #ifdef HAVE_STRING_H
| # if !defined STDC_HEADERS && defined HAVE_MEMORY_H
| #  include <memory.h>
| # endif
| # include <string.h>
| #endif
| #ifdef HAVE_STRINGS_H
| # include <strings.h>
| #endif
| #ifdef HAVE_INTTYPES_H
| # include <inttypes.h>
| #endif
| #ifdef HAVE_STDINT_H
| # include <stdint.h>
| #endif
| #ifdef HAVE_UNISTD_H
| # include <unistd.h>
| #endif
| #include <vfork.h>
configure:12519: result: no
configure:12519: checking vfork.h presence
configure:12519: gcc -E  conftest.c
conftest.c:36:19: fatal error: vfork.h: No such file or directory
compilation terminated.
configure:12519: $? = 1
configure: failed program was:
| /* confdefs.h */
| #define PACKAGE_NAME "sans"
| #define PACKAGE_TARNAME "sans"
| #define PACKAGE_VERSION "0.1.0"
| #define PACKAGE_STRING "sans 0.1.0"
| #define PACKAGE_BUGREPORT "https://github.com/XiaoxiaoPu/sans/issues"
| #define PACKAGE_URL "https://github.com/XiaoxiaoPu/sans"
| #define PACKAGE "sans"
| #define VERSION "0.1.0"
| #define STDC_HEADERS 1
| #define HAVE_SYS_TYPES_H 1
| #define HAVE_SYS_STAT_H 1
| #define HAVE_STDLIB_H 1
| #define HAVE_STRING_H 1
| #define HAVE_MEMORY_H 1
| #define HAVE_STRINGS_H 1
| #define HAVE_INTTYPES_H 1
| #define HAVE_STDINT_H 1
| #define HAVE_UNISTD_H 1
| #define HAVE_DLFCN_H 1
| #define LT_OBJDIR ".libs/"
| #define HAVE_ARPA_INET_H 1
| #define HAVE_FCNTL_H 1
| #define HAVE_GRP_H 1
| #define HAVE_NETDB_H 1
| #define HAVE_NETINET_IN_H 1
| #define HAVE_PWD_H 1
| #define HAVE_STDDEF_H 1
| #define HAVE_STDINT_H 1
| #define HAVE_STDLIB_H 1
| #define HAVE_STRING_H 1
| #define HAVE_SYS_SOCKET_H 1
| #define HAVE_SYS_TIME_H 1
| #define HAVE_UNISTD_H 1
| /* end confdefs.h.  */
| #include <vfork.h>
configure:12519: result: no
configure:12519: checking for vfork.h
configure:12519: result: no
configure:12532: checking for fork
configure:12532: gcc -o conftest -g -O2   -static conftest.c  >&5
conftest.c:59:6: warning: conflicting types for built-in function 'fork'
 char fork ();
      ^
configure:12532: $? = 0
configure:12532: result: yes
configure:12532: checking for vfork
configure:12532: gcc -o conftest -g -O2   -static conftest.c  >&5
configure:12532: $? = 0
configure:12532: result: yes
configure:12542: checking for working fork
configure:12564: gcc -o conftest -g -O2   -static conftest.c  >&5
configure:12564: $? = 0
configure:12564: ./conftest
configure:12564: $? = 0
configure:12574: result: yes
configure:12595: checking for working vfork
configure:12705: result: yes
configure:12732: checking for stdlib.h
configure:12732: result: yes
configure:12742: checking for GNU libc compatible malloc
configure:12766: gcc -o conftest -g -O2   -static conftest.c  >&5
configure:12766: $? = 0
configure:12766: ./conftest
configure:12766: $? = 0
configure:12776: result: yes
configure:12800: checking for bzero
configure:12800: gcc -o conftest -g -O2   -static conftest.c  >&5
conftest.c:65:6: warning: conflicting types for built-in function 'bzero'
 char bzero ();
      ^
configure:12800: $? = 0
configure:12800: result: yes
configure:12800: checking for gettimeofday
configure:12800: gcc -o conftest -g -O2   -static conftest.c  >&5
configure:12800: $? = 0
configure:12800: result: yes
configure:12800: checking for memset
configure:12800: gcc -o conftest -g -O2   -static conftest.c  >&5
conftest.c:67:6: warning: conflicting types for built-in function 'memset'
 char memset ();
      ^
configure:12800: $? = 0
configure:12800: result: yes
configure:12800: checking for setegid
configure:12800: gcc -o conftest -g -O2   -static conftest.c  >&5
configure:12800: $? = 0
configure:12800: result: yes
configure:12800: checking for seteuid
configure:12800: gcc -o conftest -g -O2   -static conftest.c  >&5
configure:12800: $? = 0
configure:12800: result: yes
configure:12800: checking for sigaction
configure:12800: gcc -o conftest -g -O2   -static conftest.c  >&5
configure:12800: $? = 0
configure:12800: result: yes
configure:12800: checking for select
configure:12800: gcc -o conftest -g -O2   -static conftest.c  >&5
configure:12800: $? = 0
configure:12800: result: yes
configure:12800: checking for socket
configure:12800: gcc -o conftest -g -O2   -static conftest.c  >&5
configure:12800: $? = 0
configure:12800: result: yes
configure:12800: checking for strchr
configure:12800: gcc -o conftest -g -O2   -static conftest.c  >&5
conftest.c:73:6: warning: conflicting types for built-in function 'strchr'
 char strchr ();
      ^
configure:12800: $? = 0
configure:12800: result: yes
configure:12800: checking for strdup
configure:12800: gcc -o conftest -g -O2   -static conftest.c  >&5
conftest.c:74:6: warning: conflicting types for built-in function 'strdup'
 char strdup ();
      ^
configure:12800: $? = 0
configure:12800: result: yes
configure:12800: checking for strerror
configure:12800: gcc -o conftest -g -O2   -static conftest.c  >&5
configure:12800: $? = 0
configure:12800: result: yes
configure:12800: checking for strrchr
configure:12800: gcc -o conftest -g -O2   -static conftest.c  >&5
conftest.c:76:6: warning: conflicting types for built-in function 'strrchr'
 char strrchr ();
      ^
configure:12800: $? = 0
configure:12800: result: yes
configure:12800: checking for strtol
configure:12800: gcc -o conftest -g -O2   -static conftest.c  >&5
configure:12800: $? = 0
configure:12800: result: yes
configure:12921: checking that generated files are newer than configure
configure:12927: result: done
configure:12958: creating ./config.status

## ---------------------- ##
## Running config.status. ##
## ---------------------- ##

This file was extended by sans config.status 0.1.0, which was
generated by GNU Autoconf 2.69.  Invocation command line was

  CONFIG_FILES    = 
  CONFIG_HEADERS  = 
  CONFIG_LINKS    = 
  CONFIG_COMMANDS = 
  $ ./config.status 

on ubuntu

config.status:1122: creating Makefile
config.status:1122: creating src/Makefile
config.status:1122: creating config.h
config.status:1351: executing depfiles commands
config.status:1351: executing libtool commands

## ---------------- ##
## Cache variables. ##
## ---------------- ##

ac_cv_build=x86_64-pc-linux-gnu
ac_cv_c_compiler_gnu=yes
ac_cv_c_inline=inline
ac_cv_c_uint16_t=yes
ac_cv_c_uint32_t=yes
ac_cv_c_uint8_t=yes
ac_cv_env_CC_set=
ac_cv_env_CC_value=
ac_cv_env_CFLAGS_set=
ac_cv_env_CFLAGS_value=
ac_cv_env_CPPFLAGS_set=
ac_cv_env_CPPFLAGS_value=
ac_cv_env_CPP_set=
ac_cv_env_CPP_value=
ac_cv_env_LDFLAGS_set=
ac_cv_env_LDFLAGS_value=
ac_cv_env_LIBS_set=
ac_cv_env_LIBS_value=
ac_cv_env_LT_SYS_LIBRARY_PATH_set=
ac_cv_env_LT_SYS_LIBRARY_PATH_value=
ac_cv_env_build_alias_set=
ac_cv_env_build_alias_value=
ac_cv_env_host_alias_set=
ac_cv_env_host_alias_value=
ac_cv_env_target_alias_set=
ac_cv_env_target_alias_value=
ac_cv_func_bzero=yes
ac_cv_func_fork=yes
ac_cv_func_fork_works=yes
ac_cv_func_gettimeofday=yes
ac_cv_func_malloc_0_nonnull=yes
ac_cv_func_memset=yes
ac_cv_func_select=yes
ac_cv_func_setegid=yes
ac_cv_func_seteuid=yes
ac_cv_func_sigaction=yes
ac_cv_func_socket=yes
ac_cv_func_strchr=yes
ac_cv_func_strdup=yes
ac_cv_func_strerror=yes
ac_cv_func_strrchr=yes
ac_cv_func_strtol=yes
ac_cv_func_vfork=yes
ac_cv_func_vfork_works=yes
ac_cv_header_arpa_inet_h=yes
ac_cv_header_dlfcn_h=yes
ac_cv_header_fcntl_h=yes
ac_cv_header_grp_h=yes
ac_cv_header_inttypes_h=yes
ac_cv_header_memory_h=yes
ac_cv_header_netdb_h=yes
ac_cv_header_netinet_in_h=yes
ac_cv_header_pwd_h=yes
ac_cv_header_stdc=yes
ac_cv_header_stddef_h=yes
ac_cv_header_stdint_h=yes
ac_cv_header_stdlib_h=yes
ac_cv_header_string_h=yes
ac_cv_header_strings_h=yes
ac_cv_header_sys_socket_h=yes
ac_cv_header_sys_stat_h=yes
ac_cv_header_sys_time_h=yes
ac_cv_header_sys_types_h=yes
ac_cv_header_unistd_h=yes
ac_cv_header_vfork_h=no
ac_cv_host=x86_64-pc-linux-gnu
ac_cv_objext=o
ac_cv_path_EGREP='/bin/grep -E'
ac_cv_path_FGREP='/bin/grep -F'
ac_cv_path_GREP=/bin/grep
ac_cv_path_SED=/bin/sed
ac_cv_path_install='/usr/bin/install -c'
ac_cv_path_lt_DD=/bin/dd
ac_cv_path_mkdir=/bin/mkdir
ac_cv_prog_AWK=mawk
ac_cv_prog_CPP='gcc -E'
ac_cv_prog_ac_ct_AR=ar
ac_cv_prog_ac_ct_CC=gcc
ac_cv_prog_ac_ct_MANIFEST_TOOL=mt
ac_cv_prog_ac_ct_OBJDUMP=objdump
ac_cv_prog_ac_ct_RANLIB=ranlib
ac_cv_prog_ac_ct_STRIP=strip
ac_cv_prog_cc_c89=
ac_cv_prog_cc_c99=
ac_cv_prog_cc_g=yes
ac_cv_prog_make_make_set=yes
ac_cv_type_pid_t=yes
ac_cv_type_size_t=yes
ac_cv_type_ssize_t=yes
ac_cv_type_uid_t=yes
am_cv_CC_dependencies_compiler_type=gcc3
am_cv_make_support_nested_variables=yes
am_cv_prog_cc_c_o=yes
lt_cv_ar_at_file=@
lt_cv_archive_cmds_need_lc=no
lt_cv_deplibs_check_method=pass_all
lt_cv_file_magic_cmd='$MAGIC_CMD'
lt_cv_file_magic_test_file=
lt_cv_ld_reload_flag=-r
lt_cv_nm_interface='BSD nm'
lt_cv_objdir=.libs
lt_cv_path_LD=/usr/bin/ld
lt_cv_path_NM='/usr/bin/nm -B'
lt_cv_path_mainfest_tool=no
lt_cv_prog_compiler_c_o=yes
lt_cv_prog_compiler_pic='-fPIC -DPIC'
lt_cv_prog_compiler_pic_works=yes
lt_cv_prog_compiler_rtti_exceptions=no
lt_cv_prog_compiler_static_works=yes
lt_cv_prog_gnu_ld=yes
lt_cv_sharedlib_from_linklib_cmd='printf %s\n'
lt_cv_shlibpath_overrides_runpath=no
lt_cv_sys_global_symbol_pipe='sed -n -e '\''s/^.*[	 ]\([ABCDGIRSTW][ABCDGIRSTW]*\)[	 ][	 ]*\([_A-Za-z][_A-Za-z0-9]*\)$/\1 \2 \2/p'\'' | sed '\''/ __gnu_lto/d'\'''
lt_cv_sys_global_symbol_to_c_name_address='sed -n -e '\''s/^: \(.*\) .*$/  {"\1", (void *) 0},/p'\'' -e '\''s/^[ABCDGIRSTW][ABCDGIRSTW]* .* \(.*\)$/  {"\1", (void *) \&\1},/p'\'''
lt_cv_sys_global_symbol_to_c_name_address_lib_prefix='sed -n -e '\''s/^: \(.*\) .*$/  {"\1", (void *) 0},/p'\'' -e '\''s/^[ABCDGIRSTW][ABCDGIRSTW]* .* \(lib.*\)$/  {"\1", (void *) \&\1},/p'\'' -e '\''s/^[ABCDGIRSTW][ABCDGIRSTW]* .* \(.*\)$/  {"lib\1", (void *) \&\1},/p'\'''
lt_cv_sys_global_symbol_to_cdecl='sed -n -e '\''s/^T .* \(.*\)$/extern int \1();/p'\'' -e '\''s/^[ABCDGIRSTW][ABCDGIRSTW]* .* \(.*\)$/extern char \1;/p'\'''
lt_cv_sys_global_symbol_to_import=
lt_cv_sys_max_cmd_len=1572864
lt_cv_to_host_file_cmd=func_convert_file_noop
lt_cv_to_tool_file_cmd=func_convert_file_noop
lt_cv_truncate_bin='/bin/dd bs=4096 count=1'

## ----------------- ##
## Output variables. ##
## ----------------- ##

ACLOCAL='${SHELL} /home/aatiranum/Downloads/sans/missing aclocal-1.15'
AMDEPBACKSLASH='\'
AMDEP_FALSE='#'
AMDEP_TRUE=''
AMTAR='$${TAR-tar}'
AM_BACKSLASH='\'
AM_DEFAULT_V='$(AM_DEFAULT_VERBOSITY)'
AM_DEFAULT_VERBOSITY='1'
AM_V='$(V)'
AR='ar'
AUTOCONF='${SHELL} /home/aatiranum/Downloads/sans/missing autoconf'
AUTOHEADER='${SHELL} /home/aatiranum/Downloads/sans/missing autoheader'
AUTOMAKE='${SHELL} /home/aatiranum/Downloads/sans/missing automake-1.15'
AWK='mawk'
CC='gcc'
CCDEPMODE='depmode=gcc3'
CFLAGS='-g -O2'
CPP='gcc -E'
CPPFLAGS=''
CYGPATH_W='echo'
DEBUG_FALSE=''
DEBUG_TRUE='#'
DEFS='-DHAVE_CONFIG_H'
DEPDIR='.deps'
DLLTOOL='false'
DSYMUTIL=''
DUMPBIN=''
ECHO_C=''
ECHO_N='-n'
ECHO_T=''
EGREP='/bin/grep -E'
EXEEXT=''
FGREP='/bin/grep -F'
GREP='/bin/grep'
INSTALL_DATA='${INSTALL} -m 644'
INSTALL_PROGRAM='${INSTALL}'
INSTALL_SCRIPT='${INSTALL}'
INSTALL_STRIP_PROGRAM='$(install_sh) -c -s'
LD='/usr/bin/ld -m elf_x86_64'
LDFLAGS=' -static'
LIBOBJS=''
LIBS=''
LIBTOOL='$(SHELL) $(top_builddir)/libtool'
LIPO=''
LN_S='ln -s'
LTLIBOBJS=''
LT_SYS_LIBRARY_PATH=''
MAKEINFO='${SHELL} /home/aatiranum/Downloads/sans/missing makeinfo'
MANIFEST_TOOL=':'
MKDIR_P='/bin/mkdir -p'
NM='/usr/bin/nm -B'
NMEDIT=''
OBJDUMP='objdump'
OBJEXT='o'
OTOOL64=''
OTOOL=''
PACKAGE='sans'
PACKAGE_BUGREPORT='https://github.com/XiaoxiaoPu/sans/issues'
PACKAGE_NAME='sans'
PACKAGE_STRING='sans 0.1.0'
PACKAGE_TARNAME='sans'
PACKAGE_URL='https://github.com/XiaoxiaoPu/sans'
PACKAGE_VERSION='0.1.0'
PATH_SEPARATOR=':'
RANLIB='ranlib'
SED='/bin/sed'
SET_MAKE=''
SHELL='/bin/bash'
STATIC_FALSE=''
STATIC_TRUE='#'
STRIP='strip'
VERSION='0.1.0'
ac_ct_AR='ar'
ac_ct_CC='gcc'
ac_ct_DUMPBIN=''
am__EXEEXT_FALSE=''
am__EXEEXT_TRUE='#'
am__fastdepCC_FALSE='#'
am__fastdepCC_TRUE=''
am__include='include'
am__isrc=''
am__leading_dot='.'
am__nodep='_no'
am__quote=''
am__tar='$${TAR-tar} chof - "$$tardir"'
am__untar='$${TAR-tar} xf -'
bindir='${exec_prefix}/bin'
build='x86_64-pc-linux-gnu'
build_alias=''
build_cpu='x86_64'
build_os='linux-gnu'
build_vendor='pc'
datadir='${datarootdir}'
datarootdir='${prefix}/share'
docdir='${datarootdir}/doc/${PACKAGE_TARNAME}'
dvidir='${docdir}'
exec_prefix='${prefix}'
host='x86_64-pc-linux-gnu'
host_alias=''
host_cpu='x86_64'
host_os='linux-gnu'
host_vendor='pc'
htmldir='${docdir}'
includedir='${prefix}/include'
infodir='${datarootdir}/info'
install_sh='${SHELL} /home/aatiranum/Downloads/sans/install-sh'
libdir='${exec_prefix}/lib'
libexecdir='${exec_prefix}/libexec'
localedir='${datarootdir}/locale'
localstatedir='${prefix}/var'
mandir='${datarootdir}/man'
mkdir_p='$(MKDIR_P)'
oldincludedir='/usr/include'
pdfdir='${docdir}'
prefix='/usr/local'
program_transform_name='s,x,x,'
psdir='${docdir}'
runstatedir='${localstatedir}/run'
sbindir='${exec_prefix}/sbin'
sharedstatedir='${prefix}/com'
sysconfdir='${prefix}/etc'
target_alias=''

## ----------- ##
## confdefs.h. ##
## ----------- ##

/* confdefs.h */
#define PACKAGE_NAME "sans"
#define PACKAGE_TARNAME "sans"
#define PACKAGE_VERSION "0.1.0"
#define PACKAGE_STRING "sans 0.1.0"
#define PACKAGE_BUGREPORT "https://github.com/XiaoxiaoPu/sans/issues"
#define PACKAGE_URL "https://github.com/XiaoxiaoPu/sans"
#define PACKAGE "sans"
#define VERSION "0.1.0"
#define STDC_HEADERS 1
#define HAVE_SYS_TYPES_H 1
#define HAVE_SYS_STAT_H 1
#define HAVE_STDLIB_H 1
#define HAVE_STRING_H 1
#define HAVE_MEMORY_H 1
#define HAVE_STRINGS_H 1
#define HAVE_INTTYPES_H 1
#define HAVE_STDINT_H 1
#define HAVE_UNISTD_H 1
#define HAVE_DLFCN_H 1
#define LT_OBJDIR ".libs/"
#define HAVE_ARPA_INET_H 1
#define HAVE_FCNTL_H 1
#define HAVE_GRP_H 1
#define HAVE_NETDB_H 1
#define HAVE_NETINET_IN_H 1
#define HAVE_PWD_H 1
#define HAVE_STDDEF_H 1
#define HAVE_STDINT_H 1
#define HAVE_STDLIB_H 1
#define HAVE_STRING_H 1
#define HAVE_SYS_SOCKET_H 1
#define HAVE_SYS_TIME_H 1
#define HAVE_UNISTD_H 1
#define HAVE_FORK 1
#define HAVE_VFORK 1
#define HAVE_WORKING_VFORK 1
#define HAVE_WORKING_FORK 1
#define HAVE_STDLIB_H 1
#define HAVE_MALLOC 1
#define HAVE_BZERO 1
#define HAVE_GETTIMEOFDAY 1
#define HAVE_MEMSET 1
#define HAVE_SETEGID 1
#define HAVE_SETEUID 1
#define HAVE_SIGACTION 1
#define HAVE_SELECT 1
#define HAVE_SOCKET 1
#define HAVE_STRCHR 1
#define HAVE_STRDUP 1
#define HAVE_STRERROR 1
#define HAVE_STRRCHR 1
#define HAVE_STRTOL 1

configure: exit 0
