This file contains any messages produced by compilers while
running configure, to aid debugging if configure makes a mistake.

It was created by ld configure 2.28, which was
generated by GNU Autoconf 2.64.  Invocation command line was

  $ /home/aatiranum/Downloads/binutils-2.28/ld/configure --srcdir=.././ld --cache-file=./config.cache --with-gnu-as --with-gnu-ld --program-transform-name=s,y,y, --disable-option-checking --build=x86_64-pc-linux-gnu --host=x86_64-pc-linux-gnu --target=x86_64-pc-linux-gnu

## --------- ##
## Platform. ##
## --------- ##

hostname = ubuntu
uname -m = x86_64
uname -r = 4.15.0-47-generic
uname -s = Linux
uname -v = #50~16.04.1-Ubuntu SMP Fri Mar 15 16:06:21 UTC 2019

/usr/bin/uname -p = unknown
/bin/uname -X     = unknown

/bin/arch              = unknown
/usr/bin/arch -k       = unknown
/usr/convex/getsysinfo = unknown
/usr/bin/hostinfo      = unknown
/bin/machine           = unknown
/usr/bin/oslevel       = unknown
/bin/universe          = unknown

PATH: /home/aatiranum/bin
PATH: /home/aatiranum/.local/bin
PATH: /usr/local/sbin
PATH: /usr/local/bin
PATH: /usr/sbin
PATH: /usr/bin
PATH: /sbin
PATH: /bin
PATH: /usr/games
PATH: /usr/local/games
PATH: /snap/bin
PATH: /usr/lib/jvm/java-8-oracle/bin
PATH: /usr/lib/jvm/java-8-oracle/db/bin
PATH: /usr/lib/jvm/java-8-oracle/jre/bin


## ----------- ##
## Core tests. ##
## ----------- ##

configure:2536: creating cache ./config.cache
configure:2641: checking build system type
configure:2655: result: x86_64-pc-linux-gnu
configure:2675: checking host system type
configure:2688: result: x86_64-pc-linux-gnu
configure:2708: checking target system type
configure:2721: result: x86_64-pc-linux-gnu
configure:2756: checking for x86_64-pc-linux-gnu-gcc
configure:2783: result: wllvm
configure:3052: checking for C compiler version
configure:3061: wllvm --version >&5
clang version 4.0.0-1ubuntu1~16.04.2 (tags/RELEASE_400/rc1)
Target: x86_64-pc-linux-gnu
Thread model: posix
InstalledDir: /usr/bin
configure:3072: $? = 0
configure:3061: wllvm -v >&5
clang version 4.0.0-1ubuntu1~16.04.2 (tags/RELEASE_400/rc1)
Target: x86_64-pc-linux-gnu
Thread model: posix
InstalledDir: /usr/bin
Found candidate GCC installation: /usr/bin/../lib/gcc/x86_64-linux-gnu/5
Found candidate GCC installation: /usr/bin/../lib/gcc/x86_64-linux-gnu/5.4.0
Found candidate GCC installation: /usr/bin/../lib/gcc/x86_64-linux-gnu/6
Found candidate GCC installation: /usr/bin/../lib/gcc/x86_64-linux-gnu/6.0.0
Found candidate GCC installation: /usr/bin/../lib/gcc/x86_64-linux-gnu/7
Found candidate GCC installation: /usr/bin/../lib/gcc/x86_64-linux-gnu/7.1.0
... rest of stderr output deleted ...
configure:3072: $? = 0
configure:3061: wllvm -V >&5
WARNING:Did not recognize the compiler flag "-V"
clang: error: argument to '-V' is missing (expected 1 value)
clang: error: no input files
ERROR:Failed to compile using given arguments: [-V]
configure:3072: $? = 1
configure:3061: wllvm -qversion >&5
WARNING:Did not recognize the compiler flag "-qversion"
clang: error: unknown argument: '-qversion'
clang: error: no input files
ERROR:Failed to compile using given arguments: [-qversion]
configure:3072: $? = 1
configure:3092: checking for C compiler default output file name
configure:3114: wllvm   -static-libstdc++ -static-libgcc  conftest.c  >&5
WARNING:Did not recognize the compiler flag "-static-libstdc++"
WARNING:Did not recognize the compiler flag "-static-libgcc"
clang: warning: argument unused during compilation: '-static-libstdc++' [-Wunused-command-line-argument]
clang: warning: argument unused during compilation: '-static-libstdc++' [-Wunused-command-line-argument]
clang: warning: argument unused during compilation: '-static-libgcc' [-Wunused-command-line-argument]
clang: warning: argument unused during compilation: '-static-libstdc++' [-Wunused-command-line-argument]
clang: warning: argument unused during compilation: '-static-libgcc' [-Wunused-command-line-argument]
configure:3118: $? = 0
configure:3155: result: a.out
configure:3171: checking whether the C compiler works
configure:3180: ./a.out
configure:3184: $? = 0
configure:3199: result: yes
configure:3206: checking whether we are cross compiling
configure:3208: result: no
configure:3211: checking for suffix of executables
configure:3218: wllvm -o conftest   -static-libstdc++ -static-libgcc  conftest.c  >&5
WARNING:Did not recognize the compiler flag "-static-libstdc++"
WARNING:Did not recognize the compiler flag "-static-libgcc"
clang: warning: argument unused during compilation: '-static-libstdc++' [-Wunused-command-line-argument]
clang: warning: argument unused during compilation: '-static-libstdc++' [-Wunused-command-line-argument]
clang: warning: argument unused during compilation: '-static-libgcc' [-Wunused-command-line-argument]
clang: warning: argument unused during compilation: '-static-libstdc++' [-Wunused-command-line-argument]
clang: warning: argument unused during compilation: '-static-libgcc' [-Wunused-command-line-argument]
configure:3222: $? = 0
configure:3244: result: 
configure:3250: checking for suffix of object files
configure:3272: wllvm -c   conftest.c >&5
configure:3276: $? = 0
configure:3297: result: o
configure:3301: checking whether we are using the GNU C compiler
configure:3320: wllvm -c   conftest.c >&5
configure:3320: $? = 0
configure:3329: result: yes
configure:3338: checking whether wllvm accepts -g
configure:3358: wllvm -c -g  conftest.c >&5
configure:3358: $? = 0
configure:3399: result: yes
configure:3416: checking for wllvm option to accept ISO C89
configure:3480: wllvm  -c   conftest.c >&5
configure:3480: $? = 0
configure:3493: result: none needed
configure:3514: checking for library containing strerror
configure:3545: wllvm -o conftest   -static-libstdc++ -static-libgcc  conftest.c  >&5
WARNING:Did not recognize the compiler flag "-static-libstdc++"
WARNING:Did not recognize the compiler flag "-static-libgcc"
clang: warning: argument unused during compilation: '-static-libstdc++' [-Wunused-command-line-argument]
conftest.c:16:6: warning: incompatible redeclaration of library function 'strerror' [-Wincompatible-library-redeclaration]
char strerror ();
     ^
conftest.c:16:6: note: 'strerror' is a builtin with type 'char *(int)'
1 warning generated.
clang: warning: argument unused during compilation: '-static-libstdc++' [-Wunused-command-line-argument]
clang: warning: argument unused during compilation: '-static-libgcc' [-Wunused-command-line-argument]
conftest.c:16:6: warning: incompatible redeclaration of library function 'strerror' [-Wincompatible-library-redeclaration]
char strerror ();
     ^
conftest.c:16:6: note: 'strerror' is a builtin with type 'char *(int)'
1 warning generated.
clang: warning: argument unused during compilation: '-static-libstdc++' [-Wunused-command-line-argument]
clang: warning: argument unused during compilation: '-static-libgcc' [-Wunused-command-line-argument]
conftest.c:16:6: warning: incompatible redeclaration of library function 'strerror' [-Wincompatible-library-redeclaration]
char strerror ();
     ^
conftest.c:16:6: note: 'strerror' is a builtin with type 'char *(int)'
1 warning generated.
configure:3545: $? = 0
configure:3562: result: none required
configure:3587: checking for a BSD-compatible install
configure:3655: result: /usr/bin/install -c
configure:3666: checking whether build environment is sane
configure:3716: result: yes
configure:3857: checking for a thread-safe mkdir -p
configure:3896: result: /bin/mkdir -p
configure:3909: checking for gawk
configure:3936: result: mawk
configure:3947: checking whether make sets $(MAKE)
configure:3969: result: yes
configure:3999: checking for style of include used by make
configure:4027: result: GNU
configure:4113: checking dependency style of wllvm
configure:4224: result: gcc3
configure:4241: checking whether to enable maintainer-specific portions of Makefiles
configure:4250: result: no
configure:4272: checking for x86_64-pc-linux-gnu-gcc
configure:4299: result: wllvm
configure:4568: checking for C compiler version
configure:4577: wllvm --version >&5
clang version 4.0.0-1ubuntu1~16.04.2 (tags/RELEASE_400/rc1)
Target: x86_64-pc-linux-gnu
Thread model: posix
InstalledDir: /usr/bin
configure:4588: $? = 0
configure:4577: wllvm -v >&5
clang version 4.0.0-1ubuntu1~16.04.2 (tags/RELEASE_400/rc1)
Target: x86_64-pc-linux-gnu
Thread model: posix
InstalledDir: /usr/bin
Found candidate GCC installation: /usr/bin/../lib/gcc/x86_64-linux-gnu/5
Found candidate GCC installation: /usr/bin/../lib/gcc/x86_64-linux-gnu/5.4.0
Found candidate GCC installation: /usr/bin/../lib/gcc/x86_64-linux-gnu/6
Found candidate GCC installation: /usr/bin/../lib/gcc/x86_64-linux-gnu/6.0.0
Found candidate GCC installation: /usr/bin/../lib/gcc/x86_64-linux-gnu/7
Found candidate GCC installation: /usr/bin/../lib/gcc/x86_64-linux-gnu/7.1.0
... rest of stderr output deleted ...
configure:4588: $? = 0
configure:4577: wllvm -V >&5
WARNING:Did not recognize the compiler flag "-V"
clang: error: argument to '-V' is missing (expected 1 value)
clang: error: no input files
ERROR:Failed to compile using given arguments: [-V]
configure:4588: $? = 1
configure:4577: wllvm -qversion >&5
WARNING:Did not recognize the compiler flag "-qversion"
clang: error: unknown argument: '-qversion'
clang: error: no input files
ERROR:Failed to compile using given arguments: [-qversion]
configure:4588: $? = 1
configure:4592: checking whether we are using the GNU C compiler
configure:4620: result: yes
configure:4629: checking whether wllvm accepts -g
configure:4690: result: yes
configure:4707: checking for wllvm option to accept ISO C89
configure:4784: result: none needed
configure:4916: checking for C++ compiler version
configure:4925: g++ --version >&5
g++ (Ubuntu 5.4.0-6ubuntu1~16.04.11) 5.4.0 20160609
Copyright (C) 2015 Free Software Foundation, Inc.
This is free software; see the source for copying conditions.  There is NO
warranty; not even for MERCHANTABILITY or FITNESS FOR A PARTICULAR PURPOSE.

configure:4936: $? = 0
configure:4925: g++ -v >&5
Using built-in specs.
COLLECT_GCC=g++
COLLECT_LTO_WRAPPER=/usr/lib/gcc/x86_64-linux-gnu/5/lto-wrapper
Target: x86_64-linux-gnu
Configured with: ../src/configure -v --with-pkgversion='Ubuntu 5.4.0-6ubuntu1~16.04.11' --with-bugurl=file:///usr/share/doc/gcc-5/README.Bugs --enable-languages=c,ada,c++,java,go,d,fortran,objc,obj-c++ --prefix=/usr --program-suffix=-5 --enable-shared --enable-linker-build-id --libexecdir=/usr/lib --without-included-gettext --enable-threads=posix --libdir=/usr/lib --enable-nls --with-sysroot=/ --enable-clocale=gnu --enable-libstdcxx-debug --enable-libstdcxx-time=yes --with-default-libstdcxx-abi=new --enable-gnu-unique-object --disable-vtable-verify --enable-libmpx --enable-plugin --with-system-zlib --disable-browser-plugin --enable-java-awt=gtk --enable-gtk-cairo --with-java-home=/usr/lib/jvm/java-1.5.0-gcj-5-amd64/jre --enable-java-home --with-jvm-root-dir=/usr/lib/jvm/java-1.5.0-gcj-5-amd64 --with-jvm-jar-dir=/usr/lib/jvm-exports/java-1.5.0-gcj-5-amd64 --with-arch-directory=amd64 --with-ecj-jar=/usr/share/java/eclipse-ecj.jar --enable-objc-gc --enable-multiarch --disable-werror --with-arch-32=i686 --with-abi=m64 --with-multilib-list=m32,m64,mx32 --enable-multilib --with-tune=generic --enable-checking=release --build=x86_64-linux-gnu --host=x86_64-linux-gnu --target=x86_64-linux-gnu
Thread model: posix
gcc version 5.4.0 20160609 (Ubuntu 5.4.0-6ubuntu1~16.04.11) 
configure:4936: $? = 0
configure:4925: g++ -V >&5
g++: error: unrecognized command line option '-V'
g++: fatal error: no input files
compilation terminated.
configure:4936: $? = 1
configure:4925: g++ -qversion >&5
g++: error: unrecognized command line option '-qversion'
g++: fatal error: no input files
compilation terminated.
configure:4936: $? = 1
configure:4940: checking whether we are using the GNU C++ compiler
configure:4959: g++ -c   conftest.cpp >&5
configure:4959: $? = 0
configure:4968: result: yes
configure:4977: checking whether g++ accepts -g
configure:4997: g++ -c -g  conftest.cpp >&5
configure:4997: $? = 0
configure:5038: result: yes
configure:5063: checking dependency style of g++
configure:5174: result: gcc3
configure:5189: checking for grep that handles long lines and -e
configure:5247: result: /bin/grep
configure:5257: checking how to run the C preprocessor
configure:5288: wllvm -E  conftest.c
configure:5288: $? = 0
configure:5302: wllvm -E  conftest.c
conftest.c:11:10: fatal error: 'ac_nonexistent.h' file not found
#include <ac_nonexistent.h>
         ^~~~~~~~~~~~~~~~~~
1 error generated.
ERROR:Failed to compile using given arguments: [-E conftest.c]
configure:5302: $? = 1
configure: failed program was:
| /* confdefs.h */
| #define PACKAGE_NAME "ld"
| #define PACKAGE_TARNAME "ld"
| #define PACKAGE_VERSION "2.28"
| #define PACKAGE_STRING "ld 2.28"
| #define PACKAGE_BUGREPORT ""
| #define PACKAGE_URL ""
| #define PACKAGE "ld"
| #define VERSION "2.28"
| /* end confdefs.h.  */
| #include <ac_nonexistent.h>
configure:5327: result: wllvm -E
configure:5347: wllvm -E  conftest.c
configure:5347: $? = 0
configure:5361: wllvm -E  conftest.c
conftest.c:11:10: fatal error: 'ac_nonexistent.h' file not found
#include <ac_nonexistent.h>
         ^~~~~~~~~~~~~~~~~~
1 error generated.
ERROR:Failed to compile using given arguments: [-E conftest.c]
configure:5361: $? = 1
configure: failed program was:
| /* confdefs.h */
| #define PACKAGE_NAME "ld"
| #define PACKAGE_TARNAME "ld"
| #define PACKAGE_VERSION "2.28"
| #define PACKAGE_STRING "ld 2.28"
| #define PACKAGE_BUGREPORT ""
| #define PACKAGE_URL ""
| #define PACKAGE "ld"
| #define VERSION "2.28"
| /* end confdefs.h.  */
| #include <ac_nonexistent.h>
configure:5390: checking for egrep
configure:5452: result: /bin/grep -E
configure:5457: checking for ANSI C header files
configure:5477: wllvm -c   conftest.c >&5
configure:5477: $? = 0
configure:5550: wllvm -o conftest   -static-libstdc++ -static-libgcc  conftest.c  >&5
WARNING:Did not recognize the compiler flag "-static-libstdc++"
WARNING:Did not recognize the compiler flag "-static-libgcc"
clang: warning: argument unused during compilation: '-static-libstdc++' [-Wunused-command-line-argument]
clang: warning: argument unused during compilation: '-static-libstdc++' [-Wunused-command-line-argument]
clang: warning: argument unused during compilation: '-static-libgcc' [-Wunused-command-line-argument]
clang: warning: argument unused during compilation: '-static-libstdc++' [-Wunused-command-line-argument]
clang: warning: argument unused during compilation: '-static-libgcc' [-Wunused-command-line-argument]
configure:5550: $? = 0
configure:5550: ./conftest
configure:5550: $? = 0
configure:5561: result: yes
configure:5574: checking for sys/types.h
configure:5574: wllvm -c   conftest.c >&5
configure:5574: $? = 0
configure:5574: result: yes
configure:5574: checking for sys/stat.h
configure:5574: wllvm -c   conftest.c >&5
configure:5574: $? = 0
configure:5574: result: yes
configure:5574: checking for stdlib.h
configure:5574: wllvm -c   conftest.c >&5
configure:5574: $? = 0
configure:5574: result: yes
configure:5574: checking for string.h
configure:5574: wllvm -c   conftest.c >&5
configure:5574: $? = 0
configure:5574: result: yes
configure:5574: checking for memory.h
configure:5574: wllvm -c   conftest.c >&5
configure:5574: $? = 0
configure:5574: result: yes
configure:5574: checking for strings.h
configure:5574: wllvm -c   conftest.c >&5
configure:5574: $? = 0
configure:5574: result: yes
configure:5574: checking for inttypes.h
configure:5574: wllvm -c   conftest.c >&5
configure:5574: $? = 0
configure:5574: result: yes
configure:5574: checking for stdint.h
configure:5574: wllvm -c   conftest.c >&5
configure:5574: $? = 0
configure:5574: result: yes
configure:5574: checking for unistd.h
configure:5574: wllvm -c   conftest.c >&5
configure:5574: $? = 0
configure:5574: result: yes
configure:5588: checking minix/config.h usability
configure:5588: wllvm -c   conftest.c >&5
conftest.c:54:10: fatal error: 'minix/config.h' file not found
#include <minix/config.h>
         ^~~~~~~~~~~~~~~~
1 error generated.
ERROR:Failed to compile using given arguments: [-c conftest.c]
configure:5588: $? = 1
configure: failed program was:
| /* confdefs.h */
| #define PACKAGE_NAME "ld"
| #define PACKAGE_TARNAME "ld"
| #define PACKAGE_VERSION "2.28"
| #define PACKAGE_STRING "ld 2.28"
| #define PACKAGE_BUGREPORT ""
| #define PACKAGE_URL ""
| #define PACKAGE "ld"
| #define VERSION "2.28"
| #define STDC_HEADERS 1
| #define HAVE_SYS_TYPES_H 1
| #define HAVE_SYS_STAT_H 1
| #define HAVE_STDLIB_H 1
| #define HAVE_STRING_H 1
| #define HAVE_MEMORY_H 1
| #define HAVE_STRINGS_H 1
| #define HAVE_INTTYPES_H 1
| #define HAVE_STDINT_H 1
| #define HAVE_UNISTD_H 1
| /* end confdefs.h.  */
| #include <stdio.h>
| #ifdef HAVE_SYS_TYPES_H
| # include <sys/types.h>
| #endif
| #ifdef HAVE_SYS_STAT_H
| # include <sys/stat.h>
| #endif
| #ifdef STDC_HEADERS
| # include <stdlib.h>
| # include <stddef.h>
| #else
| # ifdef HAVE_STDLIB_H
| #  include <stdlib.h>
| # endif
| #endif
| #ifdef HAVE_STRING_H
| # if !defined STDC_HEADERS && defined HAVE_MEMORY_H
| #  include <memory.h>
| # endif
| # include <string.h>
| #endif
| #ifdef HAVE_STRINGS_H
| # include <strings.h>
| #endif
| #ifdef HAVE_INTTYPES_H
| # include <inttypes.h>
| #endif
| #ifdef HAVE_STDINT_H
| # include <stdint.h>
| #endif
| #ifdef HAVE_UNISTD_H
| # include <unistd.h>
| #endif
| #include <minix/config.h>
configure:5588: result: no
configure:5588: checking minix/config.h presence
configure:5588: wllvm -E  conftest.c
conftest.c:21:10: fatal error: 'minix/config.h' file not found
#include <minix/config.h>
         ^~~~~~~~~~~~~~~~
1 error generated.
ERROR:Failed to compile using given arguments: [-E conftest.c]
configure:5588: $? = 1
configure: failed program was:
| /* confdefs.h */
| #define PACKAGE_NAME "ld"
| #define PACKAGE_TARNAME "ld"
| #define PACKAGE_VERSION "2.28"
| #define PACKAGE_STRING "ld 2.28"
| #define PACKAGE_BUGREPORT ""
| #define PACKAGE_URL ""
| #define PACKAGE "ld"
| #define VERSION "2.28"
| #define STDC_HEADERS 1
| #define HAVE_SYS_TYPES_H 1
| #define HAVE_SYS_STAT_H 1
| #define HAVE_STDLIB_H 1
| #define HAVE_STRING_H 1
| #define HAVE_MEMORY_H 1
| #define HAVE_STRINGS_H 1
| #define HAVE_INTTYPES_H 1
| #define HAVE_STDINT_H 1
| #define HAVE_UNISTD_H 1
| /* end confdefs.h.  */
| #include <minix/config.h>
configure:5588: result: no
configure:5588: checking for minix/config.h
configure:5588: result: no
configure:5609: checking whether it is safe to define __EXTENSIONS__
configure:5627: wllvm -c   conftest.c >&5
configure:5627: $? = 0
configure:5634: result: yes
configure:5698: checking how to print strings
configure:5725: result: printf
configure:5746: checking for a sed that does not truncate output
configure:5810: result: /bin/sed
configure:5828: checking for fgrep
configure:5890: result: /bin/grep -F
configure:5925: checking for ld used by wllvm
configure:5992: result: ld
configure:5999: checking if the linker (ld) is GNU ld
configure:6014: result: yes
configure:6026: checking for BSD- or MS-compatible name lister (nm)
configure:6075: result: nm
configure:6205: checking the name lister (nm) interface
configure:6212: wllvm -c   conftest.c >&5
configure:6215: nm "conftest.o"
configure:6218: output
0000000000000000 B some_variable
configure:6225: result: BSD nm
configure:6228: checking whether ln -s works
configure:6232: result: yes
configure:6240: checking the maximum length of command line arguments
configure:6365: result: 1572864
configure:6382: checking whether the shell understands some XSI constructs
configure:6392: result: yes
configure:6396: checking whether the shell understands "+="
configure:6402: result: yes
configure:6437: checking for ld option to reload object files
configure:6444: result: -r
configure:6473: checking for x86_64-pc-linux-gnu-objdump
configure:6500: result: objdump
configure:6572: checking how to recognize dependent libraries
configure:6773: result: pass_all
configure:6793: checking for x86_64-pc-linux-gnu-ar
configure:6820: result: ar
configure:6898: checking for x86_64-pc-linux-gnu-strip
configure:6928: result: no
configure:6938: checking for strip
configure:6954: found /usr/bin/strip
configure:6965: result: strip
configure:6997: checking for x86_64-pc-linux-gnu-ranlib
configure:7024: result: ranlib
configure:7166: checking command to parse nm output from wllvm object
configure:7284: wllvm -c   conftest.c >&5
configure:7287: $? = 0
configure:7291: nm conftest.o \| sed -n -e 's/^.*[ ]\([ABCDGIRSTW][ABCDGIRSTW]*\)[ ][ ]*\([_A-Za-z][_A-Za-z0-9]*\)$/\1 \2 \2/p' \> conftest.nm
configure:7294: $? = 0
configure:7348: wllvm -o conftest   -static-libstdc++ -static-libgcc  conftest.c conftstm.o >&5
WARNING:Did not recognize the compiler flag "-static-libstdc++"
WARNING:Did not recognize the compiler flag "-static-libgcc"
clang: warning: argument unused during compilation: '-static-libstdc++' [-Wunused-command-line-argument]
clang: warning: argument unused during compilation: '-static-libstdc++' [-Wunused-command-line-argument]
clang: warning: argument unused during compilation: '-static-libgcc' [-Wunused-command-line-argument]
clang: warning: argument unused during compilation: '-static-libstdc++' [-Wunused-command-line-argument]
clang: warning: argument unused during compilation: '-static-libgcc' [-Wunused-command-line-argument]
configure:7351: $? = 0
configure:7389: result: ok
configure:7484: wllvm -c   conftest.c >&5
configure:7487: $? = 0
configure:8237: checking for dlfcn.h
configure:8237: wllvm -c   conftest.c >&5
configure:8237: $? = 0
configure:8237: result: yes
configure:8425: checking for objdir
configure:8440: result: .libs
configure:8711: checking if wllvm supports -fno-rtti -fno-exceptions
configure:8729: wllvm -c   -fno-rtti -fno-exceptions conftest.c >&5
configure:8733: $? = 0
configure:8746: result: yes
configure:8766: checking for wllvm option to produce PIC
configure:9052: result: -fPIC -DPIC
configure:9064: checking if wllvm PIC flag -fPIC -DPIC works
configure:9082: wllvm -c   -fPIC -DPIC -DPIC conftest.c >&5
configure:9086: $? = 0
configure:9099: result: yes
configure:9123: checking if wllvm static flag -static works
WARNING:Did not recognize the compiler flag "-static-libstdc++"
WARNING:Did not recognize the compiler flag "-static-libgcc"
clang: warning: argument unused during compilation: '-static-libstdc++' [-Wunused-command-line-argument]
clang: warning: argument unused during compilation: '-static-libstdc++' [-Wunused-command-line-argument]
clang: warning: argument unused during compilation: '-static-libgcc' [-Wunused-command-line-argument]
clang: warning: argument unused during compilation: '-static-libstdc++' [-Wunused-command-line-argument]
clang: warning: argument unused during compilation: '-static-libgcc' [-Wunused-command-line-argument]
configure:9151: result: yes
configure:9166: checking if wllvm supports -c -o file.o
configure:9187: wllvm -c   -o out/conftest2.o conftest.c >&5
configure:9191: $? = 0
configure:9213: result: yes
configure:9221: checking if wllvm supports -c -o file.o
configure:9268: result: yes
configure:9301: checking whether the wllvm linker (ld -m elf_x86_64) supports shared libraries
configure:10372: result: yes
configure:10409: checking whether -lc should be explicitly linked in
configure:10417: wllvm -c   conftest.c >&5
configure:10420: $? = 0
configure:10435: wllvm -shared  -fPIC -DPIC conftest.o  -v -Wl,-soname -Wl,conftest -o conftest 2\>\&1 \| /bin/grep  -lc  \>/dev/null 2\>\&1
configure:10438: $? = 0
configure:10452: result: no
configure:10617: checking dynamic linker characteristics
configure:11068: wllvm -o conftest   -static-libstdc++ -static-libgcc  -Wl,-rpath -Wl,/foo conftest.c  >&5
WARNING:Did not recognize the compiler flag "-static-libstdc++"
WARNING:Did not recognize the compiler flag "-static-libgcc"
clang: warning: argument unused during compilation: '-static-libstdc++' [-Wunused-command-line-argument]
clang: warning: argument unused during compilation: '-static-libstdc++' [-Wunused-command-line-argument]
clang: warning: argument unused during compilation: '-static-libgcc' [-Wunused-command-line-argument]
clang: warning: argument unused during compilation: '-static-libstdc++' [-Wunused-command-line-argument]
clang: warning: argument unused during compilation: '-static-libgcc' [-Wunused-command-line-argument]
configure:11068: $? = 0
configure:11290: result: GNU/Linux ld.so
configure:11397: checking how to hardcode library paths into programs
configure:11422: result: immediate
configure:11962: checking whether stripping libraries is possible
configure:11967: result: yes
configure:12002: checking if libtool supports shared libraries
configure:12004: result: yes
configure:12007: checking whether to build shared libraries
configure:12028: result: yes
configure:12031: checking whether to build static libraries
configure:12035: result: yes
configure:12058: checking how to run the C++ preprocessor
configure:12085: g++ -E  conftest.cpp
configure:12085: $? = 0
configure:12099: g++ -E  conftest.cpp
conftest.cpp:28:28: fatal error: ac_nonexistent.h: No such file or directory
compilation terminated.
configure:12099: $? = 1
configure: failed program was:
| /* confdefs.h */
| #define PACKAGE_NAME "ld"
| #define PACKAGE_TARNAME "ld"
| #define PACKAGE_VERSION "2.28"
| #define PACKAGE_STRING "ld 2.28"
| #define PACKAGE_BUGREPORT ""
| #define PACKAGE_URL ""
| #define PACKAGE "ld"
| #define VERSION "2.28"
| #define STDC_HEADERS 1
| #define HAVE_SYS_TYPES_H 1
| #define HAVE_SYS_STAT_H 1
| #define HAVE_STDLIB_H 1
| #define HAVE_STRING_H 1
| #define HAVE_MEMORY_H 1
| #define HAVE_STRINGS_H 1
| #define HAVE_INTTYPES_H 1
| #define HAVE_STDINT_H 1
| #define HAVE_UNISTD_H 1
| #define __EXTENSIONS__ 1
| #define _ALL_SOURCE 1
| #define _GNU_SOURCE 1
| #define _POSIX_PTHREAD_SEMANTICS 1
| #define _TANDEM_SOURCE 1
| #define HAVE_DLFCN_H 1
| #define LT_OBJDIR ".libs/"
| /* end confdefs.h.  */
| #include <ac_nonexistent.h>
configure:12124: result: g++ -E
configure:12144: g++ -E  conftest.cpp
configure:12144: $? = 0
configure:12158: g++ -E  conftest.cpp
conftest.cpp:28:28: fatal error: ac_nonexistent.h: No such file or directory
compilation terminated.
configure:12158: $? = 1
configure: failed program was:
| /* confdefs.h */
| #define PACKAGE_NAME "ld"
| #define PACKAGE_TARNAME "ld"
| #define PACKAGE_VERSION "2.28"
| #define PACKAGE_STRING "ld 2.28"
| #define PACKAGE_BUGREPORT ""
| #define PACKAGE_URL ""
| #define PACKAGE "ld"
| #define VERSION "2.28"
| #define STDC_HEADERS 1
| #define HAVE_SYS_TYPES_H 1
| #define HAVE_SYS_STAT_H 1
| #define HAVE_STDLIB_H 1
| #define HAVE_STRING_H 1
| #define HAVE_MEMORY_H 1
| #define HAVE_STRINGS_H 1
| #define HAVE_INTTYPES_H 1
| #define HAVE_STDINT_H 1
| #define HAVE_UNISTD_H 1
| #define __EXTENSIONS__ 1
| #define _ALL_SOURCE 1
| #define _GNU_SOURCE 1
| #define _POSIX_PTHREAD_SEMANTICS 1
| #define _TANDEM_SOURCE 1
| #define HAVE_DLFCN_H 1
| #define LT_OBJDIR ".libs/"
| /* end confdefs.h.  */
| #include <ac_nonexistent.h>
configure:12326: checking for ld used by g++
configure:12393: result: ld -m elf_x86_64
configure:12400: checking if the linker (ld -m elf_x86_64) is GNU ld
configure:12415: result: yes
configure:12470: checking whether the g++ linker (ld -m elf_x86_64) supports shared libraries
configure:13402: result: yes
configure:13430: g++ -c   conftest.cpp >&5
configure:13433: $? = 0
configure:13615: checking for g++ option to produce PIC
configure:13938: result: -fPIC -DPIC
configure:13947: checking if g++ PIC flag -fPIC -DPIC works
configure:13965: g++ -c   -fPIC -DPIC -DPIC conftest.cpp >&5
configure:13969: $? = 0
configure:13982: result: yes
configure:14003: checking if g++ static flag -static works
configure:14031: result: yes
configure:14043: checking if g++ supports -c -o file.o
configure:14064: g++ -c   -o out/conftest2.o conftest.cpp >&5
configure:14068: $? = 0
configure:14090: result: yes
configure:14095: checking if g++ supports -c -o file.o
configure:14142: result: yes
configure:14172: checking whether the g++ linker (ld -m elf_x86_64) supports shared libraries
configure:14200: result: yes
configure:14343: checking dynamic linker characteristics
configure:14950: result: GNU/Linux ld.so
configure:15003: checking how to hardcode library paths into programs
configure:15028: result: immediate
configure:15099: checking for dlfcn.h
configure:15099: result: yes
configure:15112: checking for windows.h
configure:15112: wllvm -c   conftest.c >&5
conftest.c:63:10: fatal error: 'windows.h' file not found
#include <windows.h>
         ^~~~~~~~~~~
1 error generated.
ERROR:Failed to compile using given arguments: [-c conftest.c]
configure:15112: $? = 1
configure: failed program was:
| /* confdefs.h */
| #define PACKAGE_NAME "ld"
| #define PACKAGE_TARNAME "ld"
| #define PACKAGE_VERSION "2.28"
| #define PACKAGE_STRING "ld 2.28"
| #define PACKAGE_BUGREPORT ""
| #define PACKAGE_URL ""
| #define PACKAGE "ld"
| #define VERSION "2.28"
| #define STDC_HEADERS 1
| #define HAVE_SYS_TYPES_H 1
| #define HAVE_SYS_STAT_H 1
| #define HAVE_STDLIB_H 1
| #define HAVE_STRING_H 1
| #define HAVE_MEMORY_H 1
| #define HAVE_STRINGS_H 1
| #define HAVE_INTTYPES_H 1
| #define HAVE_STDINT_H 1
| #define HAVE_UNISTD_H 1
| #define __EXTENSIONS__ 1
| #define _ALL_SOURCE 1
| #define _GNU_SOURCE 1
| #define _POSIX_PTHREAD_SEMANTICS 1
| #define _TANDEM_SOURCE 1
| #define HAVE_DLFCN_H 1
| #define LT_OBJDIR ".libs/"
| #define HAVE_DLFCN_H 1
| /* end confdefs.h.  */
| #include <stdio.h>
| #ifdef HAVE_SYS_TYPES_H
| # include <sys/types.h>
| #endif
| #ifdef HAVE_SYS_STAT_H
| # include <sys/stat.h>
| #endif
| #ifdef STDC_HEADERS
| # include <stdlib.h>
| # include <stddef.h>
| #else
| # ifdef HAVE_STDLIB_H
| #  include <stdlib.h>
| # endif
| #endif
| #ifdef HAVE_STRING_H
| # if !defined STDC_HEADERS && defined HAVE_MEMORY_H
| #  include <memory.h>
| # endif
| # include <string.h>
| #endif
| #ifdef HAVE_STRINGS_H
| # include <strings.h>
| #endif
| #ifdef HAVE_INTTYPES_H
| # include <inttypes.h>
| #endif
| #ifdef HAVE_STDINT_H
| # include <stdint.h>
| #endif
| #ifdef HAVE_UNISTD_H
| # include <unistd.h>
| #endif
| 
| #include <windows.h>
configure:15112: result: no
configure:15139: checking for library containing dlopen
configure:15170: wllvm -o conftest   -static-libstdc++ -static-libgcc  conftest.c  >&5
WARNING:Did not recognize the compiler flag "-static-libstdc++"
WARNING:Did not recognize the compiler flag "-static-libgcc"
clang: warning: argument unused during compilation: '-static-libstdc++' [-Wunused-command-line-argument]
/tmp/conftest-3bec0b.o: In function `main':
conftest.c:(.text+0x12): undefined reference to `dlopen'
clang: error: linker command failed with exit code 1 (use -v to see invocation)
ERROR:Failed to compile using given arguments: [-o conftest -static-libstdc++ -static-libgcc conftest.c]
configure:15170: $? = 1
configure: failed program was:
| /* confdefs.h */
| #define PACKAGE_NAME "ld"
| #define PACKAGE_TARNAME "ld"
| #define PACKAGE_VERSION "2.28"
| #define PACKAGE_STRING "ld 2.28"
| #define PACKAGE_BUGREPORT ""
| #define PACKAGE_URL ""
| #define PACKAGE "ld"
| #define VERSION "2.28"
| #define STDC_HEADERS 1
| #define HAVE_SYS_TYPES_H 1
| #define HAVE_SYS_STAT_H 1
| #define HAVE_STDLIB_H 1
| #define HAVE_STRING_H 1
| #define HAVE_MEMORY_H 1
| #define HAVE_STRINGS_H 1
| #define HAVE_INTTYPES_H 1
| #define HAVE_STDINT_H 1
| #define HAVE_UNISTD_H 1
| #define __EXTENSIONS__ 1
| #define _ALL_SOURCE 1
| #define _GNU_SOURCE 1
| #define _POSIX_PTHREAD_SEMANTICS 1
| #define _TANDEM_SOURCE 1
| #define HAVE_DLFCN_H 1
| #define LT_OBJDIR ".libs/"
| #define HAVE_DLFCN_H 1
| /* end confdefs.h.  */
| 
| /* Override any GCC internal prototype to avoid an error.
|    Use char because int might match the return type of a GCC
|    builtin and then its argument prototype would still apply.  */
| #ifdef __cplusplus
| extern "C"
| #endif
| char dlopen ();
| int
| main ()
| {
| return dlopen ();
|   ;
|   return 0;
| }
configure:15170: wllvm -o conftest   -static-libstdc++ -static-libgcc  conftest.c -ldl   >&5
WARNING:Did not recognize the compiler flag "-static-libstdc++"
WARNING:Did not recognize the compiler flag "-static-libgcc"
clang: warning: argument unused during compilation: '-static-libstdc++' [-Wunused-command-line-argument]
clang: warning: argument unused during compilation: '-static-libstdc++' [-Wunused-command-line-argument]
clang: warning: argument unused during compilation: '-static-libgcc' [-Wunused-command-line-argument]
clang: warning: argument unused during compilation: '-static-libstdc++' [-Wunused-command-line-argument]
clang: warning: argument unused during compilation: '-static-libgcc' [-Wunused-command-line-argument]
configure:15170: $? = 0
configure:15187: result: -ldl
configure:15218: checking for special C compiler options needed for large files
configure:15263: result: no
configure:15269: checking for _FILE_OFFSET_BITS value needed for large files
configure:15294: wllvm -c   conftest.c >&5
configure:15294: $? = 0
configure:15326: result: no
configure:15712: checking for LC_MESSAGES
configure:15728: wllvm -o conftest   -static-libstdc++ -static-libgcc  conftest.c -ldl  >&5
WARNING:Did not recognize the compiler flag "-static-libstdc++"
WARNING:Did not recognize the compiler flag "-static-libgcc"
clang: warning: argument unused during compilation: '-static-libstdc++' [-Wunused-command-line-argument]
clang: warning: argument unused during compilation: '-static-libstdc++' [-Wunused-command-line-argument]
clang: warning: argument unused during compilation: '-static-libgcc' [-Wunused-command-line-argument]
clang: warning: argument unused during compilation: '-static-libstdc++' [-Wunused-command-line-argument]
clang: warning: argument unused during compilation: '-static-libgcc' [-Wunused-command-line-argument]
configure:15728: $? = 0
configure:15736: result: yes
configure:15774: checking whether NLS is requested
configure:15780: result: yes
configure:15786: checking for catalogs to be installed
configure:15818: result:  bg da es fi fr ga id it ja sv tr uk vi zh_CN zh_TW bg da es fi fr ga id it ja sv tr uk vi zh_CN zh_TW
configure:15845: checking whether NLS is requested
configure:15854: result: yes
configure:15892: checking for msgfmt
configure:15923: result: /usr/bin/msgfmt
configure:15932: checking for gmsgfmt
configure:15963: result: /usr/bin/msgfmt
configure:16003: checking for xgettext
configure:16034: result: /usr/bin/xgettext
configure:16074: checking for msgmerge
configure:16104: result: /usr/bin/msgmerge
configure:16146: checking for bison
configure:16173: result: /home/aatiranum/Downloads/binutils-2.28/missing bison -y
configure:16189: checking for flex
configure:16216: result: /home/aatiranum/Downloads/binutils-2.28/missing flex
configure:16348: checking whether to enable maintainer-specific portions of Makefiles
configure:16357: result: no
configure:16378: checking how to compare bootstrapped objects
configure:16403: result: cmp --ignore-initial=16 $$f1 $$f2
configure:16421: checking for string.h
configure:16421: result: yes
configure:16421: checking for strings.h
configure:16421: result: yes
configure:16421: checking for stdlib.h
configure:16421: result: yes
configure:16421: checking for unistd.h
configure:16421: result: yes
configure:16421: checking elf-hints.h usability
configure:16421: wllvm -c   conftest.c >&5
conftest.c:69:10: fatal error: 'elf-hints.h' file not found
#include <elf-hints.h>
         ^~~~~~~~~~~~~
1 error generated.
ERROR:Failed to compile using given arguments: [-c conftest.c]
configure:16421: $? = 1
configure: failed program was:
| /* confdefs.h */
| #define PACKAGE_NAME "ld"
| #define PACKAGE_TARNAME "ld"
| #define PACKAGE_VERSION "2.28"
| #define PACKAGE_STRING "ld 2.28"
| #define PACKAGE_BUGREPORT ""
| #define PACKAGE_URL ""
| #define PACKAGE "ld"
| #define VERSION "2.28"
| #define STDC_HEADERS 1
| #define HAVE_SYS_TYPES_H 1
| #define HAVE_SYS_STAT_H 1
| #define HAVE_STDLIB_H 1
| #define HAVE_STRING_H 1
| #define HAVE_MEMORY_H 1
| #define HAVE_STRINGS_H 1
| #define HAVE_INTTYPES_H 1
| #define HAVE_STDINT_H 1
| #define HAVE_UNISTD_H 1
| #define __EXTENSIONS__ 1
| #define _ALL_SOURCE 1
| #define _GNU_SOURCE 1
| #define _POSIX_PTHREAD_SEMANTICS 1
| #define _TANDEM_SOURCE 1
| #define HAVE_DLFCN_H 1
| #define LT_OBJDIR ".libs/"
| #define HAVE_DLFCN_H 1
| #define GOT_HANDLING_DEFAULT GOT_HANDLING_TARGET_DEFAULT
| #define HAVE_LC_MESSAGES 1
| #define ENABLE_NLS 1
| #define HAVE_STRING_H 1
| #define HAVE_STRINGS_H 1
| #define HAVE_STDLIB_H 1
| #define HAVE_UNISTD_H 1
| /* end confdefs.h.  */
| #include <stdio.h>
| #ifdef HAVE_SYS_TYPES_H
| # include <sys/types.h>
| #endif
| #ifdef HAVE_SYS_STAT_H
| # include <sys/stat.h>
| #endif
| #ifdef STDC_HEADERS
| # include <stdlib.h>
| # include <stddef.h>
| #else
| # ifdef HAVE_STDLIB_H
| #  include <stdlib.h>
| # endif
| #endif
| #ifdef HAVE_STRING_H
| # if !defined STDC_HEADERS && defined HAVE_MEMORY_H
| #  include <memory.h>
| # endif
| # include <string.h>
| #endif
| #ifdef HAVE_STRINGS_H
| # include <strings.h>
| #endif
| #ifdef HAVE_INTTYPES_H
| # include <inttypes.h>
| #endif
| #ifdef HAVE_STDINT_H
| # include <stdint.h>
| #endif
| #ifdef HAVE_UNISTD_H
| # include <unistd.h>
| #endif
| #include <elf-hints.h>
configure:16421: result: no
configure:16421: checking elf-hints.h presence
configure:16421: wllvm -E  conftest.c
conftest.c:36:10: fatal error: 'elf-hints.h' file not found
#include <elf-hints.h>
         ^~~~~~~~~~~~~
1 error generated.
ERROR:Failed to compile using given arguments: [-E conftest.c]
configure:16421: $? = 1
configure: failed program was:
| /* confdefs.h */
| #define PACKAGE_NAME "ld"
| #define PACKAGE_TARNAME "ld"
| #define PACKAGE_VERSION "2.28"
| #define PACKAGE_STRING "ld 2.28"
| #define PACKAGE_BUGREPORT ""
| #define PACKAGE_URL ""
| #define PACKAGE "ld"
| #define VERSION "2.28"
| #define STDC_HEADERS 1
| #define HAVE_SYS_TYPES_H 1
| #define HAVE_SYS_STAT_H 1
| #define HAVE_STDLIB_H 1
| #define HAVE_STRING_H 1
| #define HAVE_MEMORY_H 1
| #define HAVE_STRINGS_H 1
| #define HAVE_INTTYPES_H 1
| #define HAVE_STDINT_H 1
| #define HAVE_UNISTD_H 1
| #define __EXTENSIONS__ 1
| #define _ALL_SOURCE 1
| #define _GNU_SOURCE 1
| #define _POSIX_PTHREAD_SEMANTICS 1
| #define _TANDEM_SOURCE 1
| #define HAVE_DLFCN_H 1
| #define LT_OBJDIR ".libs/"
| #define HAVE_DLFCN_H 1
| #define GOT_HANDLING_DEFAULT GOT_HANDLING_TARGET_DEFAULT
| #define HAVE_LC_MESSAGES 1
| #define ENABLE_NLS 1
| #define HAVE_STRING_H 1
| #define HAVE_STRINGS_H 1
| #define HAVE_STDLIB_H 1
| #define HAVE_UNISTD_H 1
| /* end confdefs.h.  */
| #include <elf-hints.h>
configure:16421: result: no
configure:16421: checking for elf-hints.h
configure:16421: result: no
configure:16421: checking limits.h usability
configure:16421: wllvm -c   conftest.c >&5
configure:16421: $? = 0
configure:16421: result: yes
configure:16421: checking limits.h presence
configure:16421: wllvm -E  conftest.c
configure:16421: $? = 0
configure:16421: result: yes
configure:16421: checking for limits.h
configure:16421: result: yes
configure:16421: checking locale.h usability
configure:16421: wllvm -c   conftest.c >&5
configure:16421: $? = 0
configure:16421: result: yes
configure:16421: checking locale.h presence
configure:16421: wllvm -E  conftest.c
configure:16421: $? = 0
configure:16421: result: yes
configure:16421: checking for locale.h
configure:16421: result: yes
configure:16421: checking sys/param.h usability
configure:16421: wllvm -c   conftest.c >&5
configure:16421: $? = 0
configure:16421: result: yes
configure:16421: checking sys/param.h presence
configure:16421: wllvm -E  conftest.c
configure:16421: $? = 0
configure:16421: result: yes
configure:16421: checking for sys/param.h
configure:16421: result: yes
configure:16435: checking fcntl.h usability
configure:16435: wllvm -c   conftest.c >&5
configure:16435: $? = 0
configure:16435: result: yes
configure:16435: checking fcntl.h presence
configure:16435: wllvm -E  conftest.c
configure:16435: $? = 0
configure:16435: result: yes
configure:16435: checking for fcntl.h
configure:16435: result: yes
configure:16435: checking sys/file.h usability
configure:16435: wllvm -c   conftest.c >&5
configure:16435: $? = 0
configure:16435: result: yes
configure:16435: checking sys/file.h presence
configure:16435: wllvm -E  conftest.c
configure:16435: $? = 0
configure:16435: result: yes
configure:16435: checking for sys/file.h
configure:16435: result: yes
configure:16435: checking sys/time.h usability
configure:16435: wllvm -c   conftest.c >&5
configure:16435: $? = 0
configure:16435: result: yes
configure:16435: checking sys/time.h presence
configure:16435: wllvm -E  conftest.c
configure:16435: $? = 0
configure:16435: result: yes
configure:16435: checking for sys/time.h
configure:16435: result: yes
configure:16435: checking for sys/stat.h
configure:16435: result: yes
configure:16446: checking whether string.h and strings.h may both be included
configure:16463: wllvm -c   conftest.c >&5
configure:16463: $? = 0
configure:16470: result: yes
configure:16481: checking for glob
configure:16481: wllvm -o conftest   -static-libstdc++ -static-libgcc  conftest.c -ldl  >&5
WARNING:Did not recognize the compiler flag "-static-libstdc++"
WARNING:Did not recognize the compiler flag "-static-libgcc"
clang: warning: argument unused during compilation: '-static-libstdc++' [-Wunused-command-line-argument]
clang: warning: argument unused during compilation: '-static-libstdc++' [-Wunused-command-line-argument]
clang: warning: argument unused during compilation: '-static-libgcc' [-Wunused-command-line-argument]
clang: warning: argument unused during compilation: '-static-libstdc++' [-Wunused-command-line-argument]
clang: warning: argument unused during compilation: '-static-libgcc' [-Wunused-command-line-argument]
configure:16481: $? = 0
configure:16481: result: yes
configure:16481: checking for mkstemp
configure:16481: wllvm -o conftest   -static-libstdc++ -static-libgcc  conftest.c -ldl  >&5
WARNING:Did not recognize the compiler flag "-static-libstdc++"
WARNING:Did not recognize the compiler flag "-static-libgcc"
clang: warning: argument unused during compilation: '-static-libstdc++' [-Wunused-command-line-argument]
clang: warning: argument unused during compilation: '-static-libstdc++' [-Wunused-command-line-argument]
clang: warning: argument unused during compilation: '-static-libgcc' [-Wunused-command-line-argument]
clang: warning: argument unused during compilation: '-static-libstdc++' [-Wunused-command-line-argument]
clang: warning: argument unused during compilation: '-static-libgcc' [-Wunused-command-line-argument]
configure:16481: $? = 0
configure:16481: result: yes
configure:16481: checking for realpath
configure:16481: wllvm -o conftest   -static-libstdc++ -static-libgcc  conftest.c -ldl  >&5
WARNING:Did not recognize the compiler flag "-static-libstdc++"
WARNING:Did not recognize the compiler flag "-static-libgcc"
clang: warning: argument unused during compilation: '-static-libstdc++' [-Wunused-command-line-argument]
clang: warning: argument unused during compilation: '-static-libstdc++' [-Wunused-command-line-argument]
clang: warning: argument unused during compilation: '-static-libgcc' [-Wunused-command-line-argument]
clang: warning: argument unused during compilation: '-static-libstdc++' [-Wunused-command-line-argument]
clang: warning: argument unused during compilation: '-static-libgcc' [-Wunused-command-line-argument]
configure:16481: $? = 0
configure:16481: result: yes
configure:16481: checking for sbrk
configure:16481: wllvm -o conftest   -static-libstdc++ -static-libgcc  conftest.c -ldl  >&5
WARNING:Did not recognize the compiler flag "-static-libstdc++"
WARNING:Did not recognize the compiler flag "-static-libgcc"
clang: warning: argument unused during compilation: '-static-libstdc++' [-Wunused-command-line-argument]
clang: warning: argument unused during compilation: '-static-libstdc++' [-Wunused-command-line-argument]
clang: warning: argument unused during compilation: '-static-libgcc' [-Wunused-command-line-argument]
clang: warning: argument unused during compilation: '-static-libstdc++' [-Wunused-command-line-argument]
clang: warning: argument unused during compilation: '-static-libgcc' [-Wunused-command-line-argument]
configure:16481: $? = 0
configure:16481: result: yes
configure:16481: checking for setlocale
configure:16481: wllvm -o conftest   -static-libstdc++ -static-libgcc  conftest.c -ldl  >&5
WARNING:Did not recognize the compiler flag "-static-libstdc++"
WARNING:Did not recognize the compiler flag "-static-libgcc"
clang: warning: argument unused during compilation: '-static-libstdc++' [-Wunused-command-line-argument]
clang: warning: argument unused during compilation: '-static-libstdc++' [-Wunused-command-line-argument]
clang: warning: argument unused during compilation: '-static-libgcc' [-Wunused-command-line-argument]
clang: warning: argument unused during compilation: '-static-libstdc++' [-Wunused-command-line-argument]
clang: warning: argument unused during compilation: '-static-libgcc' [-Wunused-command-line-argument]
configure:16481: $? = 0
configure:16481: result: yes
configure:16481: checking for waitpid
configure:16481: wllvm -o conftest   -static-libstdc++ -static-libgcc  conftest.c -ldl  >&5
WARNING:Did not recognize the compiler flag "-static-libstdc++"
WARNING:Did not recognize the compiler flag "-static-libgcc"
clang: warning: argument unused during compilation: '-static-libstdc++' [-Wunused-command-line-argument]
clang: warning: argument unused during compilation: '-static-libstdc++' [-Wunused-command-line-argument]
clang: warning: argument unused during compilation: '-static-libgcc' [-Wunused-command-line-argument]
clang: warning: argument unused during compilation: '-static-libstdc++' [-Wunused-command-line-argument]
clang: warning: argument unused during compilation: '-static-libgcc' [-Wunused-command-line-argument]
configure:16481: $? = 0
configure:16481: result: yes
configure:16494: checking for open
configure:16494: wllvm -o conftest   -static-libstdc++ -static-libgcc  conftest.c -ldl  >&5
WARNING:Did not recognize the compiler flag "-static-libstdc++"
WARNING:Did not recognize the compiler flag "-static-libgcc"
clang: warning: argument unused during compilation: '-static-libstdc++' [-Wunused-command-line-argument]
clang: warning: argument unused during compilation: '-static-libstdc++' [-Wunused-command-line-argument]
clang: warning: argument unused during compilation: '-static-libgcc' [-Wunused-command-line-argument]
clang: warning: argument unused during compilation: '-static-libstdc++' [-Wunused-command-line-argument]
clang: warning: argument unused during compilation: '-static-libgcc' [-Wunused-command-line-argument]
configure:16494: $? = 0
configure:16494: result: yes
configure:16494: checking for lseek
configure:16494: wllvm -o conftest   -static-libstdc++ -static-libgcc  conftest.c -ldl  >&5
WARNING:Did not recognize the compiler flag "-static-libstdc++"
WARNING:Did not recognize the compiler flag "-static-libgcc"
clang: warning: argument unused during compilation: '-static-libstdc++' [-Wunused-command-line-argument]
clang: warning: argument unused during compilation: '-static-libstdc++' [-Wunused-command-line-argument]
clang: warning: argument unused during compilation: '-static-libgcc' [-Wunused-command-line-argument]
clang: warning: argument unused during compilation: '-static-libstdc++' [-Wunused-command-line-argument]
clang: warning: argument unused during compilation: '-static-libgcc' [-Wunused-command-line-argument]
configure:16494: $? = 0
configure:16494: result: yes
configure:16494: checking for close
configure:16494: wllvm -o conftest   -static-libstdc++ -static-libgcc  conftest.c -ldl  >&5
WARNING:Did not recognize the compiler flag "-static-libstdc++"
WARNING:Did not recognize the compiler flag "-static-libgcc"
clang: warning: argument unused during compilation: '-static-libstdc++' [-Wunused-command-line-argument]
clang: warning: argument unused during compilation: '-static-libstdc++' [-Wunused-command-line-argument]
clang: warning: argument unused during compilation: '-static-libgcc' [-Wunused-command-line-argument]
clang: warning: argument unused during compilation: '-static-libstdc++' [-Wunused-command-line-argument]
clang: warning: argument unused during compilation: '-static-libgcc' [-Wunused-command-line-argument]
configure:16494: $? = 0
configure:16494: result: yes
configure:16507: checking for dirent.h that defines DIR
configure:16526: wllvm -c   conftest.c >&5
configure:16526: $? = 0
configure:16534: result: yes
configure:16548: checking for library containing opendir
configure:16579: wllvm -o conftest   -static-libstdc++ -static-libgcc  conftest.c -ldl  >&5
WARNING:Did not recognize the compiler flag "-static-libstdc++"
WARNING:Did not recognize the compiler flag "-static-libgcc"
clang: warning: argument unused during compilation: '-static-libstdc++' [-Wunused-command-line-argument]
clang: warning: argument unused during compilation: '-static-libstdc++' [-Wunused-command-line-argument]
clang: warning: argument unused during compilation: '-static-libgcc' [-Wunused-command-line-argument]
clang: warning: argument unused during compilation: '-static-libstdc++' [-Wunused-command-line-argument]
clang: warning: argument unused during compilation: '-static-libgcc' [-Wunused-command-line-argument]
configure:16579: $? = 0
configure:16596: result: none required
configure:16667: checking for stdlib.h
configure:16667: result: yes
configure:16667: checking for unistd.h
configure:16667: result: yes
configure:16680: checking for getpagesize
configure:16680: wllvm -o conftest   -static-libstdc++ -static-libgcc  conftest.c -ldl  >&5
WARNING:Did not recognize the compiler flag "-static-libstdc++"
WARNING:Did not recognize the compiler flag "-static-libgcc"
clang: warning: argument unused during compilation: '-static-libstdc++' [-Wunused-command-line-argument]
clang: warning: argument unused during compilation: '-static-libstdc++' [-Wunused-command-line-argument]
clang: warning: argument unused during compilation: '-static-libgcc' [-Wunused-command-line-argument]
clang: warning: argument unused during compilation: '-static-libstdc++' [-Wunused-command-line-argument]
clang: warning: argument unused during compilation: '-static-libgcc' [-Wunused-command-line-argument]
configure:16680: $? = 0
configure:16680: result: yes
configure:16689: checking for working mmap
configure:16826: wllvm -o conftest   -static-libstdc++ -static-libgcc  conftest.c -ldl  >&5
WARNING:Did not recognize the compiler flag "-static-libstdc++"
WARNING:Did not recognize the compiler flag "-static-libgcc"
clang: warning: argument unused during compilation: '-static-libstdc++' [-Wunused-command-line-argument]
clang: warning: argument unused during compilation: '-static-libstdc++' [-Wunused-command-line-argument]
clang: warning: argument unused during compilation: '-static-libgcc' [-Wunused-command-line-argument]
clang: warning: argument unused during compilation: '-static-libstdc++' [-Wunused-command-line-argument]
clang: warning: argument unused during compilation: '-static-libgcc' [-Wunused-command-line-argument]
configure:16826: $? = 0
configure:16826: ./conftest
configure:16826: $? = 0
configure:16836: result: yes
configure:16846: checking for library containing dlopen
configure:16894: result: -ldl
configure:16928: checking for a known getopt prototype in unistd.h
configure:16944: wllvm -c   conftest.c >&5
configure:16944: $? = 0
configure:16952: result: yes
configure:16968: checking whether strstr is declared
configure:16968: wllvm -c   conftest.c >&5
configure:16968: $? = 0
configure:16968: result: yes
configure:16978: checking whether free is declared
configure:16978: wllvm -c   conftest.c >&5
configure:16978: $? = 0
configure:16978: result: yes
configure:16988: checking whether sbrk is declared
configure:16988: wllvm -c   conftest.c >&5
configure:16988: $? = 0
configure:16988: result: yes
configure:16998: checking whether getenv is declared
configure:16998: wllvm -c   conftest.c >&5
configure:16998: $? = 0
configure:16998: result: yes
configure:17008: checking whether environ is declared
configure:17008: wllvm -c   conftest.c >&5
configure:17008: $? = 0
configure:17008: result: yes
configure:17026: checking whether ANSI C string concatenation works
configure:17042: wllvm -c   conftest.c >&5
configure:17042: $? = 0
configure:17050: result: yes
configure:17076: checking size of void *
configure:17081: wllvm -o conftest   -static-libstdc++ -static-libgcc  conftest.c -ldl -ldl  >&5
WARNING:Did not recognize the compiler flag "-static-libstdc++"
WARNING:Did not recognize the compiler flag "-static-libgcc"
clang: warning: argument unused during compilation: '-static-libstdc++' [-Wunused-command-line-argument]
clang: warning: argument unused during compilation: '-static-libstdc++' [-Wunused-command-line-argument]
clang: warning: argument unused during compilation: '-static-libgcc' [-Wunused-command-line-argument]
clang: warning: argument unused during compilation: '-static-libstdc++' [-Wunused-command-line-argument]
clang: warning: argument unused during compilation: '-static-libgcc' [-Wunused-command-line-argument]
configure:17081: $? = 0
configure:17081: ./conftest
configure:17081: $? = 0
configure:17096: result: 8
configure:17340: updating cache ./config.cache
configure:17413: creating ./config.status

## ---------------------- ##
## Running config.status. ##
## ---------------------- ##

This file was extended by ld config.status 2.28, which was
generated by GNU Autoconf 2.64.  Invocation command line was

  CONFIG_FILES    = 
  CONFIG_HEADERS  = 
  CONFIG_LINKS    = 
  CONFIG_COMMANDS = 
  $ ./config.status 

on ubuntu

config.status:1278: creating Makefile
config.status:1278: creating po/Makefile.in
config.status:1278: creating config.h
config.status:1503: executing depfiles commands
config.status:1503: executing libtool commands
config.status:1503: executing default-1 commands

## ---------------- ##
## Cache variables. ##
## ---------------- ##

ac_cv_build=x86_64-pc-linux-gnu
ac_cv_c_compiler_gnu=yes
ac_cv_cxx_compiler_gnu=yes
ac_cv_env_CCC_set=
ac_cv_env_CCC_value=
ac_cv_env_CC_set=set
ac_cv_env_CC_value=wllvm
ac_cv_env_CFLAGS_set=set
ac_cv_env_CFLAGS_value=
ac_cv_env_CPPFLAGS_set=
ac_cv_env_CPPFLAGS_value=
ac_cv_env_CPP_set=
ac_cv_env_CPP_value=
ac_cv_env_CXXCPP_set=
ac_cv_env_CXXCPP_value=
ac_cv_env_CXXFLAGS_set=set
ac_cv_env_CXXFLAGS_value=
ac_cv_env_CXX_set=set
ac_cv_env_CXX_value=g++
ac_cv_env_LDFLAGS_set=set
ac_cv_env_LDFLAGS_value='-static-libstdc++ -static-libgcc '
ac_cv_env_LIBS_set=
ac_cv_env_LIBS_value=
ac_cv_env_YACC_set=set
ac_cv_env_YACC_value='/home/aatiranum/Downloads/binutils-2.28/missing bison -y'
ac_cv_env_YFLAGS_set=
ac_cv_env_YFLAGS_value=
ac_cv_env_build_alias_set=set
ac_cv_env_build_alias_value=x86_64-pc-linux-gnu
ac_cv_env_host_alias_set=set
ac_cv_env_host_alias_value=x86_64-pc-linux-gnu
ac_cv_env_target_alias_set=set
ac_cv_env_target_alias_value=x86_64-pc-linux-gnu
ac_cv_func_close=yes
ac_cv_func_getpagesize=yes
ac_cv_func_glob=yes
ac_cv_func_lseek=yes
ac_cv_func_mkstemp=yes
ac_cv_func_mmap_fixed_mapped=yes
ac_cv_func_open=yes
ac_cv_func_realpath=yes
ac_cv_func_sbrk=yes
ac_cv_func_setlocale=yes
ac_cv_func_waitpid=yes
ac_cv_have_decl_environ=yes
ac_cv_have_decl_free=yes
ac_cv_have_decl_getenv=yes
ac_cv_have_decl_sbrk=yes
ac_cv_have_decl_strstr=yes
ac_cv_header_dirent_dirent_h=yes
ac_cv_header_dlfcn_h=yes
ac_cv_header_elf_hints_h=no
ac_cv_header_fcntl_h=yes
ac_cv_header_inttypes_h=yes
ac_cv_header_limits_h=yes
ac_cv_header_locale_h=yes
ac_cv_header_memory_h=yes
ac_cv_header_minix_config_h=no
ac_cv_header_stdc=yes
ac_cv_header_stdint_h=yes
ac_cv_header_stdlib_h=yes
ac_cv_header_string_h=yes
ac_cv_header_strings_h=yes
ac_cv_header_sys_file_h=yes
ac_cv_header_sys_param_h=yes
ac_cv_header_sys_stat_h=yes
ac_cv_header_sys_time_h=yes
ac_cv_header_sys_types_h=yes
ac_cv_header_unistd_h=yes
ac_cv_header_windows_h=no
ac_cv_host=x86_64-pc-linux-gnu
ac_cv_objext=o
ac_cv_path_EGREP='/bin/grep -E'
ac_cv_path_FGREP='/bin/grep -F'
ac_cv_path_GMSGFMT=/usr/bin/msgfmt
ac_cv_path_GREP=/bin/grep
ac_cv_path_MSGFMT=/usr/bin/msgfmt
ac_cv_path_MSGMERGE=/usr/bin/msgmerge
ac_cv_path_SED=/bin/sed
ac_cv_path_XGETTEXT=/usr/bin/xgettext
ac_cv_path_mkdir=/bin/mkdir
ac_cv_prog_AR=ar
ac_cv_prog_AWK=mawk
ac_cv_prog_CC=wllvm
ac_cv_prog_CPP='wllvm -E'
ac_cv_prog_CXXCPP='g++ -E'
ac_cv_prog_LEX='/home/aatiranum/Downloads/binutils-2.28/missing flex'
ac_cv_prog_OBJDUMP=objdump
ac_cv_prog_RANLIB=ranlib
ac_cv_prog_YACC='/home/aatiranum/Downloads/binutils-2.28/missing bison -y'
ac_cv_prog_ac_ct_STRIP=strip
ac_cv_prog_cc_c89=
ac_cv_prog_cc_g=yes
ac_cv_prog_cxx_g=yes
ac_cv_prog_make_make_set=yes
ac_cv_safe_to_define___extensions__=yes
ac_cv_search_dlopen=-ldl
ac_cv_search_opendir='none required'
ac_cv_search_strerror='none required'
ac_cv_sizeof_void_p=8
ac_cv_sys_file_offset_bits=no
ac_cv_sys_largefile_CC=no
ac_cv_target=x86_64-pc-linux-gnu
am_cv_CC_dependencies_compiler_type=gcc3
am_cv_CXX_dependencies_compiler_type=gcc3
am_cv_val_LC_MESSAGES=yes
gcc_cv_header_string=yes
gcc_cv_prog_cmp_skip='cmp --ignore-initial=16 $$f1 $$f2'
ld_cv_decl_getopt_unistd_h=yes
ld_cv_string_concatenation=yes
lt_cv_archive_cmds_need_lc=no
lt_cv_deplibs_check_method=pass_all
lt_cv_file_magic_cmd='$MAGIC_CMD'
lt_cv_file_magic_test_file=
lt_cv_ld_reload_flag=-r
lt_cv_nm_interface='BSD nm'
lt_cv_objdir=.libs
lt_cv_path_LD=ld
lt_cv_path_LDCXX='ld -m elf_x86_64'
lt_cv_path_NM=nm
lt_cv_prog_compiler_c_o=yes
lt_cv_prog_compiler_c_o_CXX=yes
lt_cv_prog_compiler_pic_works=yes
lt_cv_prog_compiler_pic_works_CXX=yes
lt_cv_prog_compiler_rtti_exceptions=yes
lt_cv_prog_compiler_static_works=yes
lt_cv_prog_compiler_static_works_CXX=yes
lt_cv_prog_gnu_ld=yes
lt_cv_prog_gnu_ldcxx=yes
lt_cv_shlibpath_overrides_runpath=no
lt_cv_sys_global_symbol_pipe='sed -n -e '\''s/^.*[	 ]\([ABCDGIRSTW][ABCDGIRSTW]*\)[	 ][	 ]*\([_A-Za-z][_A-Za-z0-9]*\)$/\1 \2 \2/p'\'''
lt_cv_sys_global_symbol_to_c_name_address='sed -n -e '\''s/^: \([^ ]*\) $/  {\"\1\", (void *) 0},/p'\'' -e '\''s/^[ABCDGIRSTW]* \([^ ]*\) \([^ ]*\)$/  {"\2", (void *) \&\2},/p'\'''
lt_cv_sys_global_symbol_to_c_name_address_lib_prefix='sed -n -e '\''s/^: \([^ ]*\) $/  {\"\1\", (void *) 0},/p'\'' -e '\''s/^[ABCDGIRSTW]* \([^ ]*\) \(lib[^ ]*\)$/  {"\2", (void *) \&\2},/p'\'' -e '\''s/^[ABCDGIRSTW]* \([^ ]*\) \([^ ]*\)$/  {"lib\2", (void *) \&\2},/p'\'''
lt_cv_sys_global_symbol_to_cdecl='sed -n -e '\''s/^T .* \(.*\)$/extern int \1();/p'\'' -e '\''s/^[ABCDGIRSTW]* .* \(.*\)$/extern char \1;/p'\'''
lt_cv_sys_max_cmd_len=1572864

## ----------------- ##
## Output variables. ##
## ----------------- ##

ACLOCAL='${SHELL} /home/aatiranum/Downloads/binutils-2.28/missing --run aclocal-1.11'
AMDEPBACKSLASH='\'
AMDEP_FALSE='#'
AMDEP_TRUE=''
AMTAR='$${TAR-tar}'
AR='ar'
AUTOCONF='${SHELL} /home/aatiranum/Downloads/binutils-2.28/missing --run autoconf'
AUTOHEADER='${SHELL} /home/aatiranum/Downloads/binutils-2.28/missing --run autoheader'
AUTOMAKE='${SHELL} /home/aatiranum/Downloads/binutils-2.28/missing --run automake-1.11'
AWK='mawk'
CATALOGS=' bg.gmo da.gmo es.gmo fi.gmo fr.gmo ga.gmo id.gmo it.gmo ja.gmo sv.gmo tr.gmo uk.gmo vi.gmo zh_CN.gmo zh_TW.gmo bg.gmo da.gmo es.gmo fi.gmo fr.gmo ga.gmo id.gmo it.gmo ja.gmo sv.gmo tr.gmo uk.gmo vi.gmo zh_CN.gmo zh_TW.gmo'
CATOBJEXT='.gmo'
CC='wllvm'
CCDEPMODE='depmode=gcc3'
CFLAGS=''
CPP='wllvm -E'
CPPFLAGS=''
CXX='g++'
CXXCPP='g++ -E'
CXXDEPMODE='depmode=gcc3'
CXXFLAGS=''
CYGPATH_W='echo'
DATADIRNAME='share'
DEFS='-DHAVE_CONFIG_H'
DEPDIR='.deps'
DSYMUTIL=''
DUMPBIN=''
ECHO_C=''
ECHO_N='-n'
ECHO_T=''
EGREP='/bin/grep -E'
EMUL='elf_x86_64'
EMULATION_LIBPATH='elf_x86_64 elf_i386 elf32_x86_64 elf_l1om elf_k1om'
EMULATION_OFILES=' eelf_x86_64.o eelf32_x86_64.o eelf_i386.o eelf_iamcu.o ei386linux.o eelf_l1om.o eelf_k1om.o'
EMUL_EXTRA_OFILES=''
ENABLE_PLUGINS_FALSE='#'
ENABLE_PLUGINS_TRUE=''
EXEEXT=''
FGREP='/bin/grep -F'
GENCAT='gencat'
GENINSRC_NEVER_FALSE=''
GENINSRC_NEVER_TRUE='#'
GMSGFMT='/usr/bin/msgfmt'
GREP='/bin/grep'
HDEFINES=''
HOSTING_CRT0='-dynamic-linker `${CC} --help --verbose 2>&1 | egrep "ld[^ ]*\.so" | sed -e "s,.*-dynamic-linker[ 	][ 	]*\(.*/ld[^ ]*\.so..\).*,\1,"` `${CC} --print-file-name=crt1.o` `${CC} --print-file-name=crti.o` `if [ -f ../gcc/crtbegin.o ]; then echo ../gcc/crtbegin.o; else ${CC} --print-file-name=crtbegin.o; fi`'
HOSTING_LIBS='-L`dirname \`${CC} --print-file-name=libc.so\`` `if [ -f ../gcc/libgcc.a ]; then libgcc=../gcc/libgcc.a; else libgcc=\`${CC} -print-libgcc-file-name\`; fi; if [ -f ../gcc/libgcc_eh.a ]; then libgcc="$$libgcc ../gcc/libgcc_eh.a"; else libgcc_eh=\`${CC} -print-file-name=libgcc_eh.a\`; if [ x"$$libgcc_eh" != xlibgcc_eh.a ]; then libgcc="$$libgcc $$libgcc_eh"; fi; fi; if [ -f ../gcc/libunwind.a ]; then libgcc="$$libgcc ../gcc/libunwind.a"; else libunwind=\`${CC} -print-file-name=libunwind.a\`; if [ x"$$libunwind" != xlibunwind.a ]; then libgcc="$$libgcc $$libunwind"; fi; fi; echo --start-group $$libgcc -lc --end-group` `if [ -f ../gcc/crtend.o ]; then echo ../gcc/crtend.o; else ${CC} --print-file-name=crtend.o; fi` `${CC} --print-file-name=crtn.o`'
HOSTING_SCRT0='-dynamic-linker `${CC} --help --verbose 2>&1 | egrep "ld[^ ]*\.so" | sed -e "s,.*-dynamic-linker[ 	][ 	]*\(.*/ld[^ ]*\.so..\).*,\1,"` `${CC} --print-file-name=Scrt1.o` `${CC} --print-file-name=crti.o` `if [ -f ../gcc/crtbeginS.o ]; then echo ../gcc/crtbeginS.o; else ${CC} --print-file-name=crtbeginS.o; fi`'
HOSTING_SLIBS='-L`dirname \`${CC} --print-file-name=libc.so\`` `if [ -f ../gcc/libgcc.a ]; then libgcc=../gcc/libgcc.a; else libgcc=\`${CC} -print-libgcc-file-name\`; fi; if [ -f ../gcc/libgcc_eh.a ]; then libgcc="$$libgcc ../gcc/libgcc_eh.a"; else libgcc_eh=\`${CC} -print-file-name=libgcc_eh.a\`; if [ x"$$libgcc_eh" != xlibgcc_eh.a ]; then libgcc="$$libgcc $$libgcc_eh"; fi; fi; if [ -f ../gcc/libunwind.a ]; then libgcc="$$libgcc ../gcc/libunwind.a"; else libunwind=\`${CC} -print-file-name=libunwind.a\`; if [ x"$$libunwind" != xlibunwind.a ]; then libgcc="$$libgcc $$libunwind"; fi; fi; echo --start-group $$libgcc -lc --end-group` `if [ -f ../gcc/crtendS.o ]; then echo ../gcc/crtendS.o; else ${CC} --print-file-name=crtendS.o; fi` `${CC} --print-file-name=crtn.o`'
INCINTL=''
INSTALL_DATA='/usr/bin/install -c -m 644'
INSTALL_PROGRAM='/usr/bin/install -c'
INSTALL_SCRIPT='/usr/bin/install -c'
INSTALL_STRIP_PROGRAM='$(install_sh) -c -s'
INSTOBJEXT='.mo'
LD='ld -m elf_x86_64'
LDFLAGS='-static-libstdc++ -static-libgcc '
LEX='/home/aatiranum/Downloads/binutils-2.28/missing flex'
LEXLIB=''
LEX_OUTPUT_ROOT=''
LIBINTL=''
LIBINTL_DEP=''
LIBOBJS=''
LIBS='-ldl -ldl '
LIBTOOL='$(SHELL) $(top_builddir)/libtool'
LIB_PATH=''
LIPO=''
LN_S='ln -s'
LTLIBOBJS=''
MAINT='#'
MAINTAINER_MODE_FALSE=''
MAINTAINER_MODE_TRUE='#'
MAKEINFO='makeinfo --split-size=5000000'
MKDIR_P='/bin/mkdir -p'
MKINSTALLDIRS='$(top_builddir)/./../mkinstalldirs'
MSGFMT='/usr/bin/msgfmt'
MSGMERGE='/usr/bin/msgmerge'
NATIVE_LIB_DIRS='/usr/local/lib /lib /usr/lib'
NM='nm'
NMEDIT=''
NO_WERROR=''
OBJDUMP='objdump'
OBJEXT='o'
OTOOL64=''
OTOOL=''
PACKAGE='ld'
PACKAGE_BUGREPORT=''
PACKAGE_NAME='ld'
PACKAGE_STRING='ld 2.28'
PACKAGE_TARNAME='ld'
PACKAGE_URL=''
PACKAGE_VERSION='2.28'
PATH_SEPARATOR=':'
POSUB='po'
RANLIB='ranlib'
SED='/bin/sed'
SET_MAKE=''
SHELL='/bin/bash'
STRINGIFY='astring.sed'
STRIP='strip'
TARGET_SYSTEM_ROOT=''
TARGET_SYSTEM_ROOT_DEFINE='-DTARGET_SYSTEM_ROOT=\"\"'
TESTBFDLIB='../bfd/.libs/libbfd.a'
USE_NLS='yes'
VERSION='2.28'
WARN_CFLAGS='-W -Wall -Wstrict-prototypes -Wmissing-prototypes -Wshadow'
WARN_CFLAGS_FOR_BUILD='-W -Wall -Wstrict-prototypes -Wmissing-prototypes -Wshadow'
WARN_WRITE_STRINGS='-Wwrite-strings'
XGETTEXT='/usr/bin/xgettext'
YACC='/home/aatiranum/Downloads/binutils-2.28/missing bison -y'
YFLAGS=''
ac_ct_CC=''
ac_ct_CXX=''
ac_ct_DUMPBIN=''
am__EXEEXT_FALSE=''
am__EXEEXT_TRUE='#'
am__fastdepCC_FALSE='#'
am__fastdepCC_TRUE=''
am__fastdepCXX_FALSE='#'
am__fastdepCXX_TRUE=''
am__include='include'
am__isrc=''
am__leading_dot='.'
am__nodep='_no'
am__quote=''
am__tar='$${TAR-tar} chof - "$$tardir"'
am__untar='$${TAR-tar} xf -'
bindir='${exec_prefix}/bin'
build='x86_64-pc-linux-gnu'
build_alias='x86_64-pc-linux-gnu'
build_cpu='x86_64'
build_os='linux-gnu'
build_vendor='pc'
datadir='${datarootdir}'
datarootdir='${prefix}/share'
do_compare='cmp --ignore-initial=16 $$f1 $$f2'
docdir='${datarootdir}/doc/${PACKAGE_TARNAME}'
dvidir='${docdir}'
elf_list_options='TRUE'
elf_plt_unwind_list_options='TRUE'
elf_shlib_list_options='TRUE'
enable_initfini_array='yes'
exec_prefix='${prefix}'
host='x86_64-pc-linux-gnu'
host_alias='x86_64-pc-linux-gnu'
host_cpu='x86_64'
host_os='linux-gnu'
host_vendor='pc'
htmldir='${docdir}'
includedir='${prefix}/include'
infodir='${datarootdir}/info'
install_as_default='yes'
install_sh='${SHELL} /home/aatiranum/Downloads/binutils-2.28/install-sh'
installed_linker='ld.bfd'
libdir='${exec_prefix}/lib'
libexecdir='${exec_prefix}/libexec'
localedir='${datarootdir}/locale'
localstatedir='${prefix}/var'
mandir='${datarootdir}/man'
mkdir_p='/bin/mkdir -p'
oldincludedir='/usr/include'
pdfdir='${docdir}'
prefix='/usr/local'
program_transform_name='s,y,y,'
psdir='${docdir}'
sbindir='${exec_prefix}/sbin'
sharedstatedir='${prefix}/com'
sysconfdir='${prefix}/etc'
target='x86_64-pc-linux-gnu'
target_alias='x86_64-pc-linux-gnu'
target_cpu='x86_64'
target_os='linux-gnu'
target_vendor='pc'
use_sysroot='no'

## ------------------- ##
## File substitutions. ##
## ------------------- ##

TDIRS='tdirs'

## ----------- ##
## confdefs.h. ##
## ----------- ##

/* confdefs.h */
#define PACKAGE_NAME "ld"
#define PACKAGE_TARNAME "ld"
#define PACKAGE_VERSION "2.28"
#define PACKAGE_STRING "ld 2.28"
#define PACKAGE_BUGREPORT ""
#define PACKAGE_URL ""
#define PACKAGE "ld"
#define VERSION "2.28"
#define STDC_HEADERS 1
#define HAVE_SYS_TYPES_H 1
#define HAVE_SYS_STAT_H 1
#define HAVE_STDLIB_H 1
#define HAVE_STRING_H 1
#define HAVE_MEMORY_H 1
#define HAVE_STRINGS_H 1
#define HAVE_INTTYPES_H 1
#define HAVE_STDINT_H 1
#define HAVE_UNISTD_H 1
#define __EXTENSIONS__ 1
#define _ALL_SOURCE 1
#define _GNU_SOURCE 1
#define _POSIX_PTHREAD_SEMANTICS 1
#define _TANDEM_SOURCE 1
#define HAVE_DLFCN_H 1
#define LT_OBJDIR ".libs/"
#define HAVE_DLFCN_H 1
#define GOT_HANDLING_DEFAULT GOT_HANDLING_TARGET_DEFAULT
#define HAVE_LC_MESSAGES 1
#define ENABLE_NLS 1
#define HAVE_STRING_H 1
#define HAVE_STRINGS_H 1
#define HAVE_STDLIB_H 1
#define HAVE_UNISTD_H 1
#define HAVE_LIMITS_H 1
#define HAVE_LOCALE_H 1
#define HAVE_SYS_PARAM_H 1
#define HAVE_FCNTL_H 1
#define HAVE_SYS_FILE_H 1
#define HAVE_SYS_TIME_H 1
#define HAVE_SYS_STAT_H 1
#define STRING_WITH_STRINGS 1
#define HAVE_GLOB 1
#define HAVE_MKSTEMP 1
#define HAVE_REALPATH 1
#define HAVE_SBRK 1
#define HAVE_SETLOCALE 1
#define HAVE_WAITPID 1
#define HAVE_OPEN 1
#define HAVE_LSEEK 1
#define HAVE_CLOSE 1
#define HAVE_DIRENT_H 1
#define HAVE_STDLIB_H 1
#define HAVE_UNISTD_H 1
#define HAVE_GETPAGESIZE 1
#define HAVE_MMAP 1
#define HAVE_INITFINI_ARRAY 1
#define HAVE_DECL_GETOPT 1
#define HAVE_DECL_STRSTR 1
#define HAVE_DECL_FREE 1
#define HAVE_DECL_SBRK 1
#define HAVE_DECL_GETENV 1
#define HAVE_DECL_ENVIRON 1
#define SIZEOF_VOID_P 8
#define DEFAULT_LD_Z_RELRO 1

configure: exit 0
