This file contains any messages produced by compilers while
running configure, to aid debugging if configure makes a mistake.

It was created by gprof configure 2.28, which was
generated by GNU Autoconf 2.64.  Invocation command line was

  $ /home/aatiranum/Downloads/binutils-2.28/gprof/configure --srcdir=.././gprof --cache-file=./config.cache --with-gnu-as --with-gnu-ld --program-transform-name=s,y,y, --disable-option-checking --build=x86_64-pc-linux-gnu --host=x86_64-pc-linux-gnu --target=x86_64-pc-linux-gnu

## --------- ##
## Platform. ##
## --------- ##

hostname = ubuntu
uname -m = x86_64
uname -r = 4.15.0-47-generic
uname -s = Linux
uname -v = #50~16.04.1-Ubuntu SMP Fri Mar 15 16:06:21 UTC 2019

/usr/bin/uname -p = unknown
/bin/uname -X     = unknown

/bin/arch              = unknown
/usr/bin/arch -k       = unknown
/usr/convex/getsysinfo = unknown
/usr/bin/hostinfo      = unknown
/bin/machine           = unknown
/usr/bin/oslevel       = unknown
/bin/universe          = unknown

PATH: /home/aatiranum/bin
PATH: /home/aatiranum/.local/bin
PATH: /usr/local/sbin
PATH: /usr/local/bin
PATH: /usr/sbin
PATH: /usr/bin
PATH: /sbin
PATH: /bin
PATH: /usr/games
PATH: /usr/local/games
PATH: /snap/bin
PATH: /usr/lib/jvm/java-8-oracle/bin
PATH: /usr/lib/jvm/java-8-oracle/db/bin
PATH: /usr/lib/jvm/java-8-oracle/jre/bin


## ----------- ##
## Core tests. ##
## ----------- ##

configure:2121: creating cache ./config.cache
configure:2226: checking build system type
configure:2240: result: x86_64-pc-linux-gnu
configure:2260: checking host system type
configure:2273: result: x86_64-pc-linux-gnu
configure:2293: checking target system type
configure:2306: result: x86_64-pc-linux-gnu
configure:2340: checking for x86_64-pc-linux-gnu-gcc
configure:2367: result: wllvm
configure:2636: checking for C compiler version
configure:2645: wllvm --version >&5
clang version 4.0.0-1ubuntu1~16.04.2 (tags/RELEASE_400/rc1)
Target: x86_64-pc-linux-gnu
Thread model: posix
InstalledDir: /usr/bin
configure:2656: $? = 0
configure:2645: wllvm -v >&5
clang version 4.0.0-1ubuntu1~16.04.2 (tags/RELEASE_400/rc1)
Target: x86_64-pc-linux-gnu
Thread model: posix
InstalledDir: /usr/bin
Found candidate GCC installation: /usr/bin/../lib/gcc/x86_64-linux-gnu/5
Found candidate GCC installation: /usr/bin/../lib/gcc/x86_64-linux-gnu/5.4.0
Found candidate GCC installation: /usr/bin/../lib/gcc/x86_64-linux-gnu/6
Found candidate GCC installation: /usr/bin/../lib/gcc/x86_64-linux-gnu/6.0.0
Found candidate GCC installation: /usr/bin/../lib/gcc/x86_64-linux-gnu/7
Found candidate GCC installation: /usr/bin/../lib/gcc/x86_64-linux-gnu/7.1.0
... rest of stderr output deleted ...
configure:2656: $? = 0
configure:2645: wllvm -V >&5
WARNING:Did not recognize the compiler flag "-V"
clang: error: argument to '-V' is missing (expected 1 value)
clang: error: no input files
ERROR:Failed to compile using given arguments: [-V]
configure:2656: $? = 1
configure:2645: wllvm -qversion >&5
WARNING:Did not recognize the compiler flag "-qversion"
clang: error: unknown argument: '-qversion'
clang: error: no input files
ERROR:Failed to compile using given arguments: [-qversion]
configure:2656: $? = 1
configure:2676: checking for C compiler default output file name
configure:2698: wllvm   -static-libstdc++ -static-libgcc  conftest.c  >&5
WARNING:Did not recognize the compiler flag "-static-libstdc++"
WARNING:Did not recognize the compiler flag "-static-libgcc"
clang: warning: argument unused during compilation: '-static-libstdc++' [-Wunused-command-line-argument]
clang: warning: argument unused during compilation: '-static-libstdc++' [-Wunused-command-line-argument]
clang: warning: argument unused during compilation: '-static-libgcc' [-Wunused-command-line-argument]
clang: warning: argument unused during compilation: '-static-libstdc++' [-Wunused-command-line-argument]
clang: warning: argument unused during compilation: '-static-libgcc' [-Wunused-command-line-argument]
configure:2702: $? = 0
configure:2739: result: a.out
configure:2755: checking whether the C compiler works
configure:2764: ./a.out
configure:2768: $? = 0
configure:2783: result: yes
configure:2790: checking whether we are cross compiling
configure:2792: result: no
configure:2795: checking for suffix of executables
configure:2802: wllvm -o conftest   -static-libstdc++ -static-libgcc  conftest.c  >&5
WARNING:Did not recognize the compiler flag "-static-libstdc++"
WARNING:Did not recognize the compiler flag "-static-libgcc"
clang: warning: argument unused during compilation: '-static-libstdc++' [-Wunused-command-line-argument]
clang: warning: argument unused during compilation: '-static-libstdc++' [-Wunused-command-line-argument]
clang: warning: argument unused during compilation: '-static-libgcc' [-Wunused-command-line-argument]
clang: warning: argument unused during compilation: '-static-libstdc++' [-Wunused-command-line-argument]
clang: warning: argument unused during compilation: '-static-libgcc' [-Wunused-command-line-argument]
configure:2806: $? = 0
configure:2828: result: 
configure:2834: checking for suffix of object files
configure:2856: wllvm -c   conftest.c >&5
configure:2860: $? = 0
configure:2881: result: o
configure:2885: checking whether we are using the GNU C compiler
configure:2904: wllvm -c   conftest.c >&5
configure:2904: $? = 0
configure:2913: result: yes
configure:2922: checking whether wllvm accepts -g
configure:2942: wllvm -c -g  conftest.c >&5
configure:2942: $? = 0
configure:2983: result: yes
configure:3000: checking for wllvm option to accept ISO C89
configure:3064: wllvm  -c   conftest.c >&5
configure:3064: $? = 0
configure:3077: result: none needed
configure:3098: checking for library containing strerror
configure:3129: wllvm -o conftest   -static-libstdc++ -static-libgcc  conftest.c  >&5
WARNING:Did not recognize the compiler flag "-static-libstdc++"
WARNING:Did not recognize the compiler flag "-static-libgcc"
clang: warning: argument unused during compilation: '-static-libstdc++' [-Wunused-command-line-argument]
conftest.c:16:6: warning: incompatible redeclaration of library function 'strerror' [-Wincompatible-library-redeclaration]
char strerror ();
     ^
conftest.c:16:6: note: 'strerror' is a builtin with type 'char *(int)'
1 warning generated.
clang: warning: argument unused during compilation: '-static-libstdc++' [-Wunused-command-line-argument]
clang: warning: argument unused during compilation: '-static-libgcc' [-Wunused-command-line-argument]
conftest.c:16:6: warning: incompatible redeclaration of library function 'strerror' [-Wincompatible-library-redeclaration]
char strerror ();
     ^
conftest.c:16:6: note: 'strerror' is a builtin with type 'char *(int)'
1 warning generated.
clang: warning: argument unused during compilation: '-static-libstdc++' [-Wunused-command-line-argument]
clang: warning: argument unused during compilation: '-static-libgcc' [-Wunused-command-line-argument]
conftest.c:16:6: warning: incompatible redeclaration of library function 'strerror' [-Wincompatible-library-redeclaration]
char strerror ();
     ^
conftest.c:16:6: note: 'strerror' is a builtin with type 'char *(int)'
1 warning generated.
configure:3129: $? = 0
configure:3146: result: none required
configure:3171: checking for a BSD-compatible install
configure:3239: result: /usr/bin/install -c
configure:3250: checking whether build environment is sane
configure:3300: result: yes
configure:3441: checking for a thread-safe mkdir -p
configure:3480: result: /bin/mkdir -p
configure:3493: checking for gawk
configure:3520: result: mawk
configure:3531: checking whether make sets $(MAKE)
configure:3553: result: yes
configure:3583: checking for style of include used by make
configure:3611: result: GNU
configure:3697: checking dependency style of wllvm
configure:3808: result: gcc3
configure:3836: checking for x86_64-pc-linux-gnu-gcc
configure:3863: result: wllvm
configure:4132: checking for C compiler version
configure:4141: wllvm --version >&5
clang version 4.0.0-1ubuntu1~16.04.2 (tags/RELEASE_400/rc1)
Target: x86_64-pc-linux-gnu
Thread model: posix
InstalledDir: /usr/bin
configure:4152: $? = 0
configure:4141: wllvm -v >&5
clang version 4.0.0-1ubuntu1~16.04.2 (tags/RELEASE_400/rc1)
Target: x86_64-pc-linux-gnu
Thread model: posix
InstalledDir: /usr/bin
Found candidate GCC installation: /usr/bin/../lib/gcc/x86_64-linux-gnu/5
Found candidate GCC installation: /usr/bin/../lib/gcc/x86_64-linux-gnu/5.4.0
Found candidate GCC installation: /usr/bin/../lib/gcc/x86_64-linux-gnu/6
Found candidate GCC installation: /usr/bin/../lib/gcc/x86_64-linux-gnu/6.0.0
Found candidate GCC installation: /usr/bin/../lib/gcc/x86_64-linux-gnu/7
Found candidate GCC installation: /usr/bin/../lib/gcc/x86_64-linux-gnu/7.1.0
... rest of stderr output deleted ...
configure:4152: $? = 0
configure:4141: wllvm -V >&5
WARNING:Did not recognize the compiler flag "-V"
clang: error: argument to '-V' is missing (expected 1 value)
clang: error: no input files
ERROR:Failed to compile using given arguments: [-V]
configure:4152: $? = 1
configure:4141: wllvm -qversion >&5
WARNING:Did not recognize the compiler flag "-qversion"
clang: error: unknown argument: '-qversion'
clang: error: no input files
ERROR:Failed to compile using given arguments: [-qversion]
configure:4152: $? = 1
configure:4156: checking whether we are using the GNU C compiler
configure:4184: result: yes
configure:4193: checking whether wllvm accepts -g
configure:4254: result: yes
configure:4271: checking for wllvm option to accept ISO C89
configure:4348: result: none needed
configure:4373: checking how to run the C preprocessor
configure:4404: wllvm -E  conftest.c
configure:4404: $? = 0
configure:4418: wllvm -E  conftest.c
conftest.c:11:10: fatal error: 'ac_nonexistent.h' file not found
#include <ac_nonexistent.h>
         ^~~~~~~~~~~~~~~~~~
1 error generated.
ERROR:Failed to compile using given arguments: [-E conftest.c]
configure:4418: $? = 1
configure: failed program was:
| /* confdefs.h */
| #define PACKAGE_NAME "gprof"
| #define PACKAGE_TARNAME "gprof"
| #define PACKAGE_VERSION "2.28"
| #define PACKAGE_STRING "gprof 2.28"
| #define PACKAGE_BUGREPORT ""
| #define PACKAGE_URL ""
| #define PACKAGE "gprof"
| #define VERSION "2.28"
| /* end confdefs.h.  */
| #include <ac_nonexistent.h>
configure:4443: result: wllvm -E
configure:4463: wllvm -E  conftest.c
configure:4463: $? = 0
configure:4477: wllvm -E  conftest.c
conftest.c:11:10: fatal error: 'ac_nonexistent.h' file not found
#include <ac_nonexistent.h>
         ^~~~~~~~~~~~~~~~~~
1 error generated.
ERROR:Failed to compile using given arguments: [-E conftest.c]
configure:4477: $? = 1
configure: failed program was:
| /* confdefs.h */
| #define PACKAGE_NAME "gprof"
| #define PACKAGE_TARNAME "gprof"
| #define PACKAGE_VERSION "2.28"
| #define PACKAGE_STRING "gprof 2.28"
| #define PACKAGE_BUGREPORT ""
| #define PACKAGE_URL ""
| #define PACKAGE "gprof"
| #define VERSION "2.28"
| /* end confdefs.h.  */
| #include <ac_nonexistent.h>
configure:4506: checking for grep that handles long lines and -e
configure:4564: result: /bin/grep
configure:4569: checking for egrep
configure:4631: result: /bin/grep -E
configure:4636: checking for ANSI C header files
configure:4656: wllvm -c   conftest.c >&5
configure:4656: $? = 0
configure:4729: wllvm -o conftest   -static-libstdc++ -static-libgcc  conftest.c  >&5
WARNING:Did not recognize the compiler flag "-static-libstdc++"
WARNING:Did not recognize the compiler flag "-static-libgcc"
clang: warning: argument unused during compilation: '-static-libstdc++' [-Wunused-command-line-argument]
clang: warning: argument unused during compilation: '-static-libstdc++' [-Wunused-command-line-argument]
clang: warning: argument unused during compilation: '-static-libgcc' [-Wunused-command-line-argument]
clang: warning: argument unused during compilation: '-static-libstdc++' [-Wunused-command-line-argument]
clang: warning: argument unused during compilation: '-static-libgcc' [-Wunused-command-line-argument]
configure:4729: $? = 0
configure:4729: ./conftest
configure:4729: $? = 0
configure:4740: result: yes
configure:4753: checking for sys/types.h
configure:4753: wllvm -c   conftest.c >&5
configure:4753: $? = 0
configure:4753: result: yes
configure:4753: checking for sys/stat.h
configure:4753: wllvm -c   conftest.c >&5
configure:4753: $? = 0
configure:4753: result: yes
configure:4753: checking for stdlib.h
configure:4753: wllvm -c   conftest.c >&5
configure:4753: $? = 0
configure:4753: result: yes
configure:4753: checking for string.h
configure:4753: wllvm -c   conftest.c >&5
configure:4753: $? = 0
configure:4753: result: yes
configure:4753: checking for memory.h
configure:4753: wllvm -c   conftest.c >&5
configure:4753: $? = 0
configure:4753: result: yes
configure:4753: checking for strings.h
configure:4753: wllvm -c   conftest.c >&5
configure:4753: $? = 0
configure:4753: result: yes
configure:4753: checking for inttypes.h
configure:4753: wllvm -c   conftest.c >&5
configure:4753: $? = 0
configure:4753: result: yes
configure:4753: checking for stdint.h
configure:4753: wllvm -c   conftest.c >&5
configure:4753: $? = 0
configure:4753: result: yes
configure:4753: checking for unistd.h
configure:4753: wllvm -c   conftest.c >&5
configure:4753: $? = 0
configure:4753: result: yes
configure:4767: checking minix/config.h usability
configure:4767: wllvm -c   conftest.c >&5
conftest.c:54:10: fatal error: 'minix/config.h' file not found
#include <minix/config.h>
         ^~~~~~~~~~~~~~~~
1 error generated.
ERROR:Failed to compile using given arguments: [-c conftest.c]
configure:4767: $? = 1
configure: failed program was:
| /* confdefs.h */
| #define PACKAGE_NAME "gprof"
| #define PACKAGE_TARNAME "gprof"
| #define PACKAGE_VERSION "2.28"
| #define PACKAGE_STRING "gprof 2.28"
| #define PACKAGE_BUGREPORT ""
| #define PACKAGE_URL ""
| #define PACKAGE "gprof"
| #define VERSION "2.28"
| #define STDC_HEADERS 1
| #define HAVE_SYS_TYPES_H 1
| #define HAVE_SYS_STAT_H 1
| #define HAVE_STDLIB_H 1
| #define HAVE_STRING_H 1
| #define HAVE_MEMORY_H 1
| #define HAVE_STRINGS_H 1
| #define HAVE_INTTYPES_H 1
| #define HAVE_STDINT_H 1
| #define HAVE_UNISTD_H 1
| /* end confdefs.h.  */
| #include <stdio.h>
| #ifdef HAVE_SYS_TYPES_H
| # include <sys/types.h>
| #endif
| #ifdef HAVE_SYS_STAT_H
| # include <sys/stat.h>
| #endif
| #ifdef STDC_HEADERS
| # include <stdlib.h>
| # include <stddef.h>
| #else
| # ifdef HAVE_STDLIB_H
| #  include <stdlib.h>
| # endif
| #endif
| #ifdef HAVE_STRING_H
| # if !defined STDC_HEADERS && defined HAVE_MEMORY_H
| #  include <memory.h>
| # endif
| # include <string.h>
| #endif
| #ifdef HAVE_STRINGS_H
| # include <strings.h>
| #endif
| #ifdef HAVE_INTTYPES_H
| # include <inttypes.h>
| #endif
| #ifdef HAVE_STDINT_H
| # include <stdint.h>
| #endif
| #ifdef HAVE_UNISTD_H
| # include <unistd.h>
| #endif
| #include <minix/config.h>
configure:4767: result: no
configure:4767: checking minix/config.h presence
configure:4767: wllvm -E  conftest.c
conftest.c:21:10: fatal error: 'minix/config.h' file not found
#include <minix/config.h>
         ^~~~~~~~~~~~~~~~
1 error generated.
ERROR:Failed to compile using given arguments: [-E conftest.c]
configure:4767: $? = 1
configure: failed program was:
| /* confdefs.h */
| #define PACKAGE_NAME "gprof"
| #define PACKAGE_TARNAME "gprof"
| #define PACKAGE_VERSION "2.28"
| #define PACKAGE_STRING "gprof 2.28"
| #define PACKAGE_BUGREPORT ""
| #define PACKAGE_URL ""
| #define PACKAGE "gprof"
| #define VERSION "2.28"
| #define STDC_HEADERS 1
| #define HAVE_SYS_TYPES_H 1
| #define HAVE_SYS_STAT_H 1
| #define HAVE_STDLIB_H 1
| #define HAVE_STRING_H 1
| #define HAVE_MEMORY_H 1
| #define HAVE_STRINGS_H 1
| #define HAVE_INTTYPES_H 1
| #define HAVE_STDINT_H 1
| #define HAVE_UNISTD_H 1
| /* end confdefs.h.  */
| #include <minix/config.h>
configure:4767: result: no
configure:4767: checking for minix/config.h
configure:4767: result: no
configure:4788: checking whether it is safe to define __EXTENSIONS__
configure:4806: wllvm -c   conftest.c >&5
configure:4806: $? = 0
configure:4813: result: yes
configure:4877: checking how to print strings
configure:4904: result: printf
configure:4925: checking for a sed that does not truncate output
configure:4989: result: /bin/sed
configure:5007: checking for fgrep
configure:5069: result: /bin/grep -F
configure:5104: checking for ld used by wllvm
configure:5171: result: ld
configure:5178: checking if the linker (ld) is GNU ld
configure:5193: result: yes
configure:5205: checking for BSD- or MS-compatible name lister (nm)
configure:5254: result: nm
configure:5384: checking the name lister (nm) interface
configure:5391: wllvm -c   conftest.c >&5
configure:5394: nm "conftest.o"
configure:5397: output
0000000000000000 B some_variable
configure:5404: result: BSD nm
configure:5407: checking whether ln -s works
configure:5411: result: yes
configure:5419: checking the maximum length of command line arguments
configure:5544: result: 1572864
configure:5561: checking whether the shell understands some XSI constructs
configure:5571: result: yes
configure:5575: checking whether the shell understands "+="
configure:5581: result: yes
configure:5616: checking for ld option to reload object files
configure:5623: result: -r
configure:5652: checking for x86_64-pc-linux-gnu-objdump
configure:5679: result: objdump
configure:5751: checking how to recognize dependent libraries
configure:5952: result: pass_all
configure:5972: checking for x86_64-pc-linux-gnu-ar
configure:5999: result: ar
configure:6077: checking for x86_64-pc-linux-gnu-strip
configure:6107: result: no
configure:6117: checking for strip
configure:6133: found /usr/bin/strip
configure:6144: result: strip
configure:6176: checking for x86_64-pc-linux-gnu-ranlib
configure:6203: result: ranlib
configure:6345: checking command to parse nm output from wllvm object
configure:6463: wllvm -c   conftest.c >&5
configure:6466: $? = 0
configure:6470: nm conftest.o \| sed -n -e 's/^.*[ ]\([ABCDGIRSTW][ABCDGIRSTW]*\)[ ][ ]*\([_A-Za-z][_A-Za-z0-9]*\)$/\1 \2 \2/p' \> conftest.nm
configure:6473: $? = 0
configure:6527: wllvm -o conftest   -static-libstdc++ -static-libgcc  conftest.c conftstm.o >&5
WARNING:Did not recognize the compiler flag "-static-libstdc++"
WARNING:Did not recognize the compiler flag "-static-libgcc"
clang: warning: argument unused during compilation: '-static-libstdc++' [-Wunused-command-line-argument]
clang: warning: argument unused during compilation: '-static-libstdc++' [-Wunused-command-line-argument]
clang: warning: argument unused during compilation: '-static-libgcc' [-Wunused-command-line-argument]
clang: warning: argument unused during compilation: '-static-libstdc++' [-Wunused-command-line-argument]
clang: warning: argument unused during compilation: '-static-libgcc' [-Wunused-command-line-argument]
configure:6530: $? = 0
configure:6568: result: ok
configure:6663: wllvm -c   conftest.c >&5
configure:6666: $? = 0
configure:7416: checking for dlfcn.h
configure:7416: wllvm -c   conftest.c >&5
configure:7416: $? = 0
configure:7416: result: yes
configure:7603: checking for objdir
configure:7618: result: .libs
configure:7889: checking if wllvm supports -fno-rtti -fno-exceptions
configure:7907: wllvm -c   -fno-rtti -fno-exceptions conftest.c >&5
configure:7911: $? = 0
configure:7924: result: yes
configure:7944: checking for wllvm option to produce PIC
configure:8230: result: -fPIC -DPIC
configure:8242: checking if wllvm PIC flag -fPIC -DPIC works
configure:8260: wllvm -c   -fPIC -DPIC -DPIC conftest.c >&5
configure:8264: $? = 0
configure:8277: result: yes
configure:8301: checking if wllvm static flag -static works
WARNING:Did not recognize the compiler flag "-static-libstdc++"
WARNING:Did not recognize the compiler flag "-static-libgcc"
clang: warning: argument unused during compilation: '-static-libstdc++' [-Wunused-command-line-argument]
clang: warning: argument unused during compilation: '-static-libstdc++' [-Wunused-command-line-argument]
clang: warning: argument unused during compilation: '-static-libgcc' [-Wunused-command-line-argument]
clang: warning: argument unused during compilation: '-static-libstdc++' [-Wunused-command-line-argument]
clang: warning: argument unused during compilation: '-static-libgcc' [-Wunused-command-line-argument]
configure:8329: result: yes
configure:8344: checking if wllvm supports -c -o file.o
configure:8365: wllvm -c   -o out/conftest2.o conftest.c >&5
configure:8369: $? = 0
configure:8391: result: yes
configure:8399: checking if wllvm supports -c -o file.o
configure:8446: result: yes
configure:8479: checking whether the wllvm linker (ld -m elf_x86_64) supports shared libraries
configure:9550: result: yes
configure:9587: checking whether -lc should be explicitly linked in
configure:9595: wllvm -c   conftest.c >&5
configure:9598: $? = 0
configure:9613: wllvm -shared  -fPIC -DPIC conftest.o  -v -Wl,-soname -Wl,conftest -o conftest 2\>\&1 \| /bin/grep  -lc  \>/dev/null 2\>\&1
configure:9616: $? = 0
configure:9630: result: no
configure:9795: checking dynamic linker characteristics
configure:10246: wllvm -o conftest   -static-libstdc++ -static-libgcc  -Wl,-rpath -Wl,/foo conftest.c  >&5
WARNING:Did not recognize the compiler flag "-static-libstdc++"
WARNING:Did not recognize the compiler flag "-static-libgcc"
clang: warning: argument unused during compilation: '-static-libstdc++' [-Wunused-command-line-argument]
clang: warning: argument unused during compilation: '-static-libstdc++' [-Wunused-command-line-argument]
clang: warning: argument unused during compilation: '-static-libgcc' [-Wunused-command-line-argument]
clang: warning: argument unused during compilation: '-static-libstdc++' [-Wunused-command-line-argument]
clang: warning: argument unused during compilation: '-static-libgcc' [-Wunused-command-line-argument]
configure:10246: $? = 0
configure:10468: result: GNU/Linux ld.so
configure:10575: checking how to hardcode library paths into programs
configure:10600: result: immediate
configure:11140: checking whether stripping libraries is possible
configure:11145: result: yes
configure:11180: checking if libtool supports shared libraries
configure:11182: result: yes
configure:11185: checking whether to build shared libraries
configure:11206: result: yes
configure:11209: checking whether to build static libraries
configure:11213: result: yes
configure:11261: checking for dlfcn.h
configure:11261: result: yes
configure:11274: checking for windows.h
configure:11274: wllvm -c   conftest.c >&5
conftest.c:63:10: fatal error: 'windows.h' file not found
#include <windows.h>
         ^~~~~~~~~~~
1 error generated.
ERROR:Failed to compile using given arguments: [-c conftest.c]
configure:11274: $? = 1
configure: failed program was:
| /* confdefs.h */
| #define PACKAGE_NAME "gprof"
| #define PACKAGE_TARNAME "gprof"
| #define PACKAGE_VERSION "2.28"
| #define PACKAGE_STRING "gprof 2.28"
| #define PACKAGE_BUGREPORT ""
| #define PACKAGE_URL ""
| #define PACKAGE "gprof"
| #define VERSION "2.28"
| #define STDC_HEADERS 1
| #define HAVE_SYS_TYPES_H 1
| #define HAVE_SYS_STAT_H 1
| #define HAVE_STDLIB_H 1
| #define HAVE_STRING_H 1
| #define HAVE_MEMORY_H 1
| #define HAVE_STRINGS_H 1
| #define HAVE_INTTYPES_H 1
| #define HAVE_STDINT_H 1
| #define HAVE_UNISTD_H 1
| #define __EXTENSIONS__ 1
| #define _ALL_SOURCE 1
| #define _GNU_SOURCE 1
| #define _POSIX_PTHREAD_SEMANTICS 1
| #define _TANDEM_SOURCE 1
| #define HAVE_DLFCN_H 1
| #define LT_OBJDIR ".libs/"
| #define HAVE_DLFCN_H 1
| /* end confdefs.h.  */
| #include <stdio.h>
| #ifdef HAVE_SYS_TYPES_H
| # include <sys/types.h>
| #endif
| #ifdef HAVE_SYS_STAT_H
| # include <sys/stat.h>
| #endif
| #ifdef STDC_HEADERS
| # include <stdlib.h>
| # include <stddef.h>
| #else
| # ifdef HAVE_STDLIB_H
| #  include <stdlib.h>
| # endif
| #endif
| #ifdef HAVE_STRING_H
| # if !defined STDC_HEADERS && defined HAVE_MEMORY_H
| #  include <memory.h>
| # endif
| # include <string.h>
| #endif
| #ifdef HAVE_STRINGS_H
| # include <strings.h>
| #endif
| #ifdef HAVE_INTTYPES_H
| # include <inttypes.h>
| #endif
| #ifdef HAVE_STDINT_H
| # include <stdint.h>
| #endif
| #ifdef HAVE_UNISTD_H
| # include <unistd.h>
| #endif
| 
| #include <windows.h>
configure:11274: result: no
configure:11301: checking for library containing dlopen
configure:11332: wllvm -o conftest   -static-libstdc++ -static-libgcc  conftest.c  >&5
WARNING:Did not recognize the compiler flag "-static-libstdc++"
WARNING:Did not recognize the compiler flag "-static-libgcc"
clang: warning: argument unused during compilation: '-static-libstdc++' [-Wunused-command-line-argument]
/tmp/conftest-c7f80d.o: In function `main':
conftest.c:(.text+0x12): undefined reference to `dlopen'
clang: error: linker command failed with exit code 1 (use -v to see invocation)
ERROR:Failed to compile using given arguments: [-o conftest -static-libstdc++ -static-libgcc conftest.c]
configure:11332: $? = 1
configure: failed program was:
| /* confdefs.h */
| #define PACKAGE_NAME "gprof"
| #define PACKAGE_TARNAME "gprof"
| #define PACKAGE_VERSION "2.28"
| #define PACKAGE_STRING "gprof 2.28"
| #define PACKAGE_BUGREPORT ""
| #define PACKAGE_URL ""
| #define PACKAGE "gprof"
| #define VERSION "2.28"
| #define STDC_HEADERS 1
| #define HAVE_SYS_TYPES_H 1
| #define HAVE_SYS_STAT_H 1
| #define HAVE_STDLIB_H 1
| #define HAVE_STRING_H 1
| #define HAVE_MEMORY_H 1
| #define HAVE_STRINGS_H 1
| #define HAVE_INTTYPES_H 1
| #define HAVE_STDINT_H 1
| #define HAVE_UNISTD_H 1
| #define __EXTENSIONS__ 1
| #define _ALL_SOURCE 1
| #define _GNU_SOURCE 1
| #define _POSIX_PTHREAD_SEMANTICS 1
| #define _TANDEM_SOURCE 1
| #define HAVE_DLFCN_H 1
| #define LT_OBJDIR ".libs/"
| #define HAVE_DLFCN_H 1
| /* end confdefs.h.  */
| 
| /* Override any GCC internal prototype to avoid an error.
|    Use char because int might match the return type of a GCC
|    builtin and then its argument prototype would still apply.  */
| #ifdef __cplusplus
| extern "C"
| #endif
| char dlopen ();
| int
| main ()
| {
| return dlopen ();
|   ;
|   return 0;
| }
configure:11332: wllvm -o conftest   -static-libstdc++ -static-libgcc  conftest.c -ldl   >&5
WARNING:Did not recognize the compiler flag "-static-libstdc++"
WARNING:Did not recognize the compiler flag "-static-libgcc"
clang: warning: argument unused during compilation: '-static-libstdc++' [-Wunused-command-line-argument]
clang: warning: argument unused during compilation: '-static-libstdc++' [-Wunused-command-line-argument]
clang: warning: argument unused during compilation: '-static-libgcc' [-Wunused-command-line-argument]
clang: warning: argument unused during compilation: '-static-libstdc++' [-Wunused-command-line-argument]
clang: warning: argument unused during compilation: '-static-libgcc' [-Wunused-command-line-argument]
configure:11332: $? = 0
configure:11349: result: -ldl
configure:11380: checking for special C compiler options needed for large files
configure:11425: result: no
configure:11431: checking for _FILE_OFFSET_BITS value needed for large files
configure:11456: wllvm -c   conftest.c >&5
configure:11456: $? = 0
configure:11488: result: no
configure:11575: checking for setmode
configure:11575: wllvm -o conftest   -static-libstdc++ -static-libgcc  conftest.c -ldl  >&5
WARNING:Did not recognize the compiler flag "-static-libstdc++"
WARNING:Did not recognize the compiler flag "-static-libgcc"
clang: warning: argument unused during compilation: '-static-libstdc++' [-Wunused-command-line-argument]
/tmp/conftest-50f46a.o: In function `main':
conftest.c:(.text+0x12): undefined reference to `setmode'
clang: error: linker command failed with exit code 1 (use -v to see invocation)
ERROR:Failed to compile using given arguments: [-o conftest -static-libstdc++ -static-libgcc conftest.c -ldl]
configure:11575: $? = 1
configure: failed program was:
| /* confdefs.h */
| #define PACKAGE_NAME "gprof"
| #define PACKAGE_TARNAME "gprof"
| #define PACKAGE_VERSION "2.28"
| #define PACKAGE_STRING "gprof 2.28"
| #define PACKAGE_BUGREPORT ""
| #define PACKAGE_URL ""
| #define PACKAGE "gprof"
| #define VERSION "2.28"
| #define STDC_HEADERS 1
| #define HAVE_SYS_TYPES_H 1
| #define HAVE_SYS_STAT_H 1
| #define HAVE_STDLIB_H 1
| #define HAVE_STRING_H 1
| #define HAVE_MEMORY_H 1
| #define HAVE_STRINGS_H 1
| #define HAVE_INTTYPES_H 1
| #define HAVE_STDINT_H 1
| #define HAVE_UNISTD_H 1
| #define __EXTENSIONS__ 1
| #define _ALL_SOURCE 1
| #define _GNU_SOURCE 1
| #define _POSIX_PTHREAD_SEMANTICS 1
| #define _TANDEM_SOURCE 1
| #define HAVE_DLFCN_H 1
| #define LT_OBJDIR ".libs/"
| #define HAVE_DLFCN_H 1
| /* end confdefs.h.  */
| /* Define setmode to an innocuous variant, in case <limits.h> declares setmode.
|    For example, HP-UX 11i <limits.h> declares gettimeofday.  */
| #define setmode innocuous_setmode
| 
| /* System header to define __stub macros and hopefully few prototypes,
|     which can conflict with char setmode (); below.
|     Prefer <limits.h> to <assert.h> if __STDC__ is defined, since
|     <limits.h> exists even on freestanding compilers.  */
| 
| #ifdef __STDC__
| # include <limits.h>
| #else
| # include <assert.h>
| #endif
| 
| #undef setmode
| 
| /* Override any GCC internal prototype to avoid an error.
|    Use char because int might match the return type of a GCC
|    builtin and then its argument prototype would still apply.  */
| #ifdef __cplusplus
| extern "C"
| #endif
| char setmode ();
| /* The GNU C library defines this for functions which it implements
|     to always fail with ENOSYS.  Some functions are actually named
|     something starting with __ and the normal name is an alias.  */
| #if defined __stub_setmode || defined __stub___setmode
| choke me
| #endif
| 
| int
| main ()
| {
| return setmode ();
|   ;
|   return 0;
| }
configure:11575: result: no
configure:11599: checking whether NLS is requested
configure:11605: result: yes
configure:11611: checking for catalogs to be installed
configure:11643: result:  bg da de eo es fi fr ga hu id it ja ms nl pt_BR ro ru rw sr sv tr uk vi bg da de eo es fi fr ga hu id it ja ms nl pt_BR ro ru rw sr sv tr uk vi
configure:11670: checking whether NLS is requested
configure:11679: result: yes
configure:11717: checking for msgfmt
configure:11748: result: /usr/bin/msgfmt
configure:11757: checking for gmsgfmt
configure:11788: result: /usr/bin/msgfmt
configure:11828: checking for xgettext
configure:11859: result: /usr/bin/xgettext
configure:11899: checking for msgmerge
configure:11929: result: /usr/bin/msgmerge
configure:11966: checking whether to enable maintainer-specific portions of Makefiles
configure:11975: result: no
configure:12000: checking sys/gmon_out.h usability
configure:12000: wllvm -c   conftest.c >&5
configure:12000: $? = 0
configure:12000: result: yes
configure:12000: checking sys/gmon_out.h presence
configure:12000: wllvm -E  conftest.c
configure:12000: $? = 0
configure:12000: result: yes
configure:12000: checking for sys/gmon_out.h
configure:12000: result: yes
configure:12011: checking for a known getopt prototype in unistd.h
configure:12027: wllvm -c   conftest.c >&5
configure:12027: $? = 0
configure:12035: result: yes
configure:12044: checking for library containing fabs
configure:12075: wllvm -o conftest   -static-libstdc++ -static-libgcc  conftest.c -ldl  >&5
WARNING:Did not recognize the compiler flag "-static-libstdc++"
WARNING:Did not recognize the compiler flag "-static-libgcc"
clang: warning: argument unused during compilation: '-static-libstdc++' [-Wunused-command-line-argument]
conftest.c:39:6: warning: incompatible redeclaration of library function 'fabs' [-Wincompatible-library-redeclaration]
char fabs ();
     ^
conftest.c:39:6: note: 'fabs' is a builtin with type 'double (double)'
1 warning generated.
/tmp/conftest-f05655.o: In function `main':
conftest.c:(.text+0x16): undefined reference to `fabs'
clang: error: linker command failed with exit code 1 (use -v to see invocation)
ERROR:Failed to compile using given arguments: [-o conftest -static-libstdc++ -static-libgcc conftest.c -ldl]
configure:12075: $? = 1
configure: failed program was:
| /* confdefs.h */
| #define PACKAGE_NAME "gprof"
| #define PACKAGE_TARNAME "gprof"
| #define PACKAGE_VERSION "2.28"
| #define PACKAGE_STRING "gprof 2.28"
| #define PACKAGE_BUGREPORT ""
| #define PACKAGE_URL ""
| #define PACKAGE "gprof"
| #define VERSION "2.28"
| #define STDC_HEADERS 1
| #define HAVE_SYS_TYPES_H 1
| #define HAVE_SYS_STAT_H 1
| #define HAVE_STDLIB_H 1
| #define HAVE_STRING_H 1
| #define HAVE_MEMORY_H 1
| #define HAVE_STRINGS_H 1
| #define HAVE_INTTYPES_H 1
| #define HAVE_STDINT_H 1
| #define HAVE_UNISTD_H 1
| #define __EXTENSIONS__ 1
| #define _ALL_SOURCE 1
| #define _GNU_SOURCE 1
| #define _POSIX_PTHREAD_SEMANTICS 1
| #define _TANDEM_SOURCE 1
| #define HAVE_DLFCN_H 1
| #define LT_OBJDIR ".libs/"
| #define HAVE_DLFCN_H 1
| #define ENABLE_NLS 1
| #define HAVE_SYS_GMON_OUT_H 1
| #define HAVE_DECL_GETOPT 1
| /* end confdefs.h.  */
| 
| /* Override any GCC internal prototype to avoid an error.
|    Use char because int might match the return type of a GCC
|    builtin and then its argument prototype would still apply.  */
| #ifdef __cplusplus
| extern "C"
| #endif
| char fabs ();
| int
| main ()
| {
| return fabs ();
|   ;
|   return 0;
| }
configure:12075: wllvm -o conftest   -static-libstdc++ -static-libgcc  conftest.c -lm  -ldl  >&5
WARNING:Did not recognize the compiler flag "-static-libstdc++"
WARNING:Did not recognize the compiler flag "-static-libgcc"
clang: warning: argument unused during compilation: '-static-libstdc++' [-Wunused-command-line-argument]
conftest.c:39:6: warning: incompatible redeclaration of library function 'fabs' [-Wincompatible-library-redeclaration]
char fabs ();
     ^
conftest.c:39:6: note: 'fabs' is a builtin with type 'double (double)'
1 warning generated.
clang: warning: argument unused during compilation: '-static-libstdc++' [-Wunused-command-line-argument]
clang: warning: argument unused during compilation: '-static-libgcc' [-Wunused-command-line-argument]
conftest.c:39:6: warning: incompatible redeclaration of library function 'fabs' [-Wincompatible-library-redeclaration]
char fabs ();
     ^
conftest.c:39:6: note: 'fabs' is a builtin with type 'double (double)'
1 warning generated.
clang: warning: argument unused during compilation: '-static-libstdc++' [-Wunused-command-line-argument]
clang: warning: argument unused during compilation: '-static-libgcc' [-Wunused-command-line-argument]
conftest.c:39:6: warning: incompatible redeclaration of library function 'fabs' [-Wincompatible-library-redeclaration]
char fabs ();
     ^
conftest.c:39:6: note: 'fabs' is a builtin with type 'double (double)'
1 warning generated.
configure:12075: $? = 0
configure:12092: result: -lm
configure:12326: updating cache ./config.cache
configure:12387: creating ./config.status

## ---------------------- ##
## Running config.status. ##
## ---------------------- ##

This file was extended by gprof config.status 2.28, which was
generated by GNU Autoconf 2.64.  Invocation command line was

  CONFIG_FILES    = 
  CONFIG_HEADERS  = 
  CONFIG_LINKS    = 
  CONFIG_COMMANDS = 
  $ ./config.status 

on ubuntu

config.status:1110: creating Makefile
config.status:1110: creating po/Makefile.in
config.status:1110: creating gconfig.h
config.status:1330: executing depfiles commands
config.status:1330: executing libtool commands
config.status:1330: executing default-1 commands

## ---------------- ##
## Cache variables. ##
## ---------------- ##

ac_cv_build=x86_64-pc-linux-gnu
ac_cv_c_compiler_gnu=yes
ac_cv_env_CC_set=set
ac_cv_env_CC_value=wllvm
ac_cv_env_CFLAGS_set=set
ac_cv_env_CFLAGS_value=
ac_cv_env_CPPFLAGS_set=
ac_cv_env_CPPFLAGS_value=
ac_cv_env_CPP_set=
ac_cv_env_CPP_value=
ac_cv_env_LDFLAGS_set=set
ac_cv_env_LDFLAGS_value='-static-libstdc++ -static-libgcc '
ac_cv_env_LIBS_set=
ac_cv_env_LIBS_value=
ac_cv_env_build_alias_set=set
ac_cv_env_build_alias_value=x86_64-pc-linux-gnu
ac_cv_env_host_alias_set=set
ac_cv_env_host_alias_value=x86_64-pc-linux-gnu
ac_cv_env_target_alias_set=set
ac_cv_env_target_alias_value=x86_64-pc-linux-gnu
ac_cv_func_setmode=no
ac_cv_header_dlfcn_h=yes
ac_cv_header_inttypes_h=yes
ac_cv_header_memory_h=yes
ac_cv_header_minix_config_h=no
ac_cv_header_stdc=yes
ac_cv_header_stdint_h=yes
ac_cv_header_stdlib_h=yes
ac_cv_header_string_h=yes
ac_cv_header_strings_h=yes
ac_cv_header_sys_gmon_out_h=yes
ac_cv_header_sys_stat_h=yes
ac_cv_header_sys_types_h=yes
ac_cv_header_unistd_h=yes
ac_cv_header_windows_h=no
ac_cv_host=x86_64-pc-linux-gnu
ac_cv_objext=o
ac_cv_path_EGREP='/bin/grep -E'
ac_cv_path_FGREP='/bin/grep -F'
ac_cv_path_GMSGFMT=/usr/bin/msgfmt
ac_cv_path_GREP=/bin/grep
ac_cv_path_MSGFMT=/usr/bin/msgfmt
ac_cv_path_MSGMERGE=/usr/bin/msgmerge
ac_cv_path_SED=/bin/sed
ac_cv_path_XGETTEXT=/usr/bin/xgettext
ac_cv_path_mkdir=/bin/mkdir
ac_cv_prog_AR=ar
ac_cv_prog_AWK=mawk
ac_cv_prog_CC=wllvm
ac_cv_prog_CPP='wllvm -E'
ac_cv_prog_OBJDUMP=objdump
ac_cv_prog_RANLIB=ranlib
ac_cv_prog_ac_ct_STRIP=strip
ac_cv_prog_cc_c89=
ac_cv_prog_cc_g=yes
ac_cv_prog_make_make_set=yes
ac_cv_safe_to_define___extensions__=yes
ac_cv_search_dlopen=-ldl
ac_cv_search_fabs=-lm
ac_cv_search_strerror='none required'
ac_cv_sys_file_offset_bits=no
ac_cv_sys_largefile_CC=no
ac_cv_target=x86_64-pc-linux-gnu
am_cv_CC_dependencies_compiler_type=gcc3
gprof_cv_decl_getopt_unistd_h=yes
lt_cv_archive_cmds_need_lc=no
lt_cv_deplibs_check_method=pass_all
lt_cv_file_magic_cmd='$MAGIC_CMD'
lt_cv_file_magic_test_file=
lt_cv_ld_reload_flag=-r
lt_cv_nm_interface='BSD nm'
lt_cv_objdir=.libs
lt_cv_path_LD=ld
lt_cv_path_NM=nm
lt_cv_prog_compiler_c_o=yes
lt_cv_prog_compiler_pic_works=yes
lt_cv_prog_compiler_rtti_exceptions=yes
lt_cv_prog_compiler_static_works=yes
lt_cv_prog_gnu_ld=yes
lt_cv_shlibpath_overrides_runpath=no
lt_cv_sys_global_symbol_pipe='sed -n -e '\''s/^.*[	 ]\([ABCDGIRSTW][ABCDGIRSTW]*\)[	 ][	 ]*\([_A-Za-z][_A-Za-z0-9]*\)$/\1 \2 \2/p'\'''
lt_cv_sys_global_symbol_to_c_name_address='sed -n -e '\''s/^: \([^ ]*\) $/  {\"\1\", (void *) 0},/p'\'' -e '\''s/^[ABCDGIRSTW]* \([^ ]*\) \([^ ]*\)$/  {"\2", (void *) \&\2},/p'\'''
lt_cv_sys_global_symbol_to_c_name_address_lib_prefix='sed -n -e '\''s/^: \([^ ]*\) $/  {\"\1\", (void *) 0},/p'\'' -e '\''s/^[ABCDGIRSTW]* \([^ ]*\) \(lib[^ ]*\)$/  {"\2", (void *) \&\2},/p'\'' -e '\''s/^[ABCDGIRSTW]* \([^ ]*\) \([^ ]*\)$/  {"lib\2", (void *) \&\2},/p'\'''
lt_cv_sys_global_symbol_to_cdecl='sed -n -e '\''s/^T .* \(.*\)$/extern int \1();/p'\'' -e '\''s/^[ABCDGIRSTW]* .* \(.*\)$/extern char \1;/p'\'''
lt_cv_sys_max_cmd_len=1572864

## ----------------- ##
## Output variables. ##
## ----------------- ##

ACLOCAL='${SHELL} /home/aatiranum/Downloads/binutils-2.28/missing --run aclocal-1.11'
AMDEPBACKSLASH='\'
AMDEP_FALSE='#'
AMDEP_TRUE=''
AMTAR='$${TAR-tar}'
AR='ar'
AUTOCONF='${SHELL} /home/aatiranum/Downloads/binutils-2.28/missing --run autoconf'
AUTOHEADER='${SHELL} /home/aatiranum/Downloads/binutils-2.28/missing --run autoheader'
AUTOMAKE='${SHELL} /home/aatiranum/Downloads/binutils-2.28/missing --run automake-1.11'
AWK='mawk'
CATALOGS=' bg.gmo da.gmo de.gmo eo.gmo es.gmo fi.gmo fr.gmo ga.gmo hu.gmo id.gmo it.gmo ja.gmo ms.gmo nl.gmo pt_BR.gmo ro.gmo ru.gmo rw.gmo sr.gmo sv.gmo tr.gmo uk.gmo vi.gmo bg.gmo da.gmo de.gmo eo.gmo es.gmo fi.gmo fr.gmo ga.gmo hu.gmo id.gmo it.gmo ja.gmo ms.gmo nl.gmo pt_BR.gmo ro.gmo ru.gmo rw.gmo sr.gmo sv.gmo tr.gmo uk.gmo vi.gmo'
CATOBJEXT='.gmo'
CC='wllvm'
CCDEPMODE='depmode=gcc3'
CFLAGS=''
CPP='wllvm -E'
CPPFLAGS=''
CYGPATH_W='echo'
DATADIRNAME='share'
DEFS='-DHAVE_CONFIG_H'
DEPDIR='.deps'
DSYMUTIL=''
DUMPBIN=''
ECHO_C=''
ECHO_N='-n'
ECHO_T=''
EGREP='/bin/grep -E'
EXEEXT=''
FGREP='/bin/grep -F'
GENCAT='gencat'
GENINSRC_NEVER_FALSE=''
GENINSRC_NEVER_TRUE='#'
GMSGFMT='/usr/bin/msgfmt'
GREP='/bin/grep'
INCINTL=''
INSTALL_DATA='/usr/bin/install -c -m 644'
INSTALL_PROGRAM='/usr/bin/install -c'
INSTALL_SCRIPT='/usr/bin/install -c'
INSTALL_STRIP_PROGRAM='$(install_sh) -c -s'
INSTOBJEXT='.mo'
LD='ld -m elf_x86_64'
LDFLAGS='-static-libstdc++ -static-libgcc '
LIBINTL=''
LIBINTL_DEP=''
LIBOBJS=''
LIBS='-lm -ldl '
LIBTOOL='$(SHELL) $(top_builddir)/libtool'
LIPO=''
LN_S='ln -s'
LTLIBOBJS=''
MAINT='#'
MAINTAINER_MODE_FALSE=''
MAINTAINER_MODE_TRUE='#'
MAKEINFO='makeinfo --split-size=5000000'
MKDIR_P='/bin/mkdir -p'
MKINSTALLDIRS='$(top_builddir)/./../mkinstalldirs'
MSGFMT='/usr/bin/msgfmt'
MSGMERGE='/usr/bin/msgmerge'
NM='nm'
NMEDIT=''
NO_WERROR=''
OBJDUMP='objdump'
OBJEXT='o'
OTOOL64=''
OTOOL=''
PACKAGE='gprof'
PACKAGE_BUGREPORT=''
PACKAGE_NAME='gprof'
PACKAGE_STRING='gprof 2.28'
PACKAGE_TARNAME='gprof'
PACKAGE_URL=''
PACKAGE_VERSION='2.28'
PATH_SEPARATOR=':'
POSUB='po'
RANLIB='ranlib'
SED='/bin/sed'
SET_MAKE=''
SHELL='/bin/bash'
STRIP='strip'
USE_NLS='yes'
VERSION='2.28'
WARN_CFLAGS='-W -Wall -Wstrict-prototypes -Wmissing-prototypes -Wshadow'
WARN_CFLAGS_FOR_BUILD='-W -Wall -Wstrict-prototypes -Wmissing-prototypes -Wshadow'
WARN_WRITE_STRINGS='-Wwrite-strings'
XGETTEXT='/usr/bin/xgettext'
ac_ct_CC=''
ac_ct_DUMPBIN=''
am__EXEEXT_FALSE=''
am__EXEEXT_TRUE='#'
am__fastdepCC_FALSE='#'
am__fastdepCC_TRUE=''
am__include='include'
am__isrc=''
am__leading_dot='.'
am__nodep='_no'
am__quote=''
am__tar='$${TAR-tar} chof - "$$tardir"'
am__untar='$${TAR-tar} xf -'
bindir='${exec_prefix}/bin'
build='x86_64-pc-linux-gnu'
build_alias='x86_64-pc-linux-gnu'
build_cpu='x86_64'
build_os='linux-gnu'
build_vendor='pc'
datadir='${datarootdir}'
datarootdir='${prefix}/share'
docdir='${datarootdir}/doc/${PACKAGE_TARNAME}'
dvidir='${docdir}'
exec_prefix='${prefix}'
host='x86_64-pc-linux-gnu'
host_alias='x86_64-pc-linux-gnu'
host_cpu='x86_64'
host_os='linux-gnu'
host_vendor='pc'
htmldir='${docdir}'
includedir='${prefix}/include'
infodir='${datarootdir}/info'
install_sh='${SHELL} /home/aatiranum/Downloads/binutils-2.28/install-sh'
libdir='${exec_prefix}/lib'
libexecdir='${exec_prefix}/libexec'
localedir='${datarootdir}/locale'
localstatedir='${prefix}/var'
mandir='${datarootdir}/man'
mkdir_p='/bin/mkdir -p'
oldincludedir='/usr/include'
pdfdir='${docdir}'
prefix='/usr/local'
program_transform_name='s,y,y,'
psdir='${docdir}'
sbindir='${exec_prefix}/sbin'
sharedstatedir='${prefix}/com'
sysconfdir='${prefix}/etc'
target='x86_64-pc-linux-gnu'
target_alias='x86_64-pc-linux-gnu'
target_cpu='x86_64'
target_os='linux-gnu'
target_vendor='pc'

## ----------- ##
## confdefs.h. ##
## ----------- ##

/* confdefs.h */
#define PACKAGE_NAME "gprof"
#define PACKAGE_TARNAME "gprof"
#define PACKAGE_VERSION "2.28"
#define PACKAGE_STRING "gprof 2.28"
#define PACKAGE_BUGREPORT ""
#define PACKAGE_URL ""
#define PACKAGE "gprof"
#define VERSION "2.28"
#define STDC_HEADERS 1
#define HAVE_SYS_TYPES_H 1
#define HAVE_SYS_STAT_H 1
#define HAVE_STDLIB_H 1
#define HAVE_STRING_H 1
#define HAVE_MEMORY_H 1
#define HAVE_STRINGS_H 1
#define HAVE_INTTYPES_H 1
#define HAVE_STDINT_H 1
#define HAVE_UNISTD_H 1
#define __EXTENSIONS__ 1
#define _ALL_SOURCE 1
#define _GNU_SOURCE 1
#define _POSIX_PTHREAD_SEMANTICS 1
#define _TANDEM_SOURCE 1
#define HAVE_DLFCN_H 1
#define LT_OBJDIR ".libs/"
#define HAVE_DLFCN_H 1
#define ENABLE_NLS 1
#define HAVE_SYS_GMON_OUT_H 1
#define HAVE_DECL_GETOPT 1

configure: exit 0
