This file contains any messages produced by compilers while
running configure, to aid debugging if configure makes a mistake.

It was created by configure, which was
generated by GNU Autoconf 2.59.  Invocation command line was

  $ ./configure 

## --------- ##
## Platform. ##
## --------- ##

hostname = muhammad-HP-EliteBook-8470p
uname -m = x86_64
uname -r = 4.10.0-37-generic
uname -s = Linux
uname -v = #41~16.04.1-Ubuntu SMP Fri Oct 6 22:42:59 UTC 2017

/usr/bin/uname -p = unknown
/bin/uname -X     = unknown

/bin/arch              = unknown
/usr/bin/arch -k       = unknown
/usr/convex/getsysinfo = unknown
hostinfo               = unknown
/bin/machine           = unknown
/usr/bin/oslevel       = unknown
/bin/universe          = unknown

PATH: HOME/bin
PATH: /home/muhammad/bin
PATH: /home/muhammad/.local/bin
PATH: /usr/local/sbin
PATH: /usr/local/bin
PATH: /usr/sbin
PATH: /usr/bin
PATH: /sbin
PATH: /bin
PATH: /usr/games
PATH: /usr/local/games
PATH: /snap/bin


## ----------- ##
## Core tests. ##
## ----------- ##

configure:1346: checking build system type
configure:1364: result: x86_64-unknown-linux-gnu
configure:1372: checking host system type
configure:1386: result: x86_64-unknown-linux-gnu
configure:1394: checking target system type
configure:1408: result: x86_64-unknown-linux-gnu
configure:1436: checking for a BSD-compatible install
configure:1491: result: /usr/bin/install -c
configure:1502: checking whether build environment is sane
configure:1545: result: yes
configure:1560: checking whether make sets $(MAKE)
configure:1580: result: yes
configure:1612: checking for working aclocal-1.4
configure:1623: result: missing
configure:1627: checking for working autoconf
configure:1634: result: found
configure:1642: checking for working automake-1.4
configure:1653: result: missing
configure:1657: checking for working autoheader
configure:1664: result: found
configure:1672: checking for working makeinfo
configure:1679: result: found
configure:1742: checking for gcc
configure:1768: result: wllvm
configure:2012: checking for C compiler version
configure:2015: wllvm --version </dev/null >&5
clang version 3.8.0-2ubuntu4 (tags/RELEASE_380/final)
Target: x86_64-pc-linux-gnu
Thread model: posix
InstalledDir: /usr/bin
configure:2018: $? = 0
configure:2020: wllvm -v </dev/null >&5
clang version 3.8.0-2ubuntu4 (tags/RELEASE_380/final)
Target: x86_64-pc-linux-gnu
Thread model: posix
InstalledDir: /usr/bin
Found candidate GCC installation: /usr/bin/../lib/gcc/x86_64-linux-gnu/5.4.0
Found candidate GCC installation: /usr/bin/../lib/gcc/x86_64-linux-gnu/6.0.0
Found candidate GCC installation: /usr/lib/gcc/x86_64-linux-gnu/5.4.0
Found candidate GCC installation: /usr/lib/gcc/x86_64-linux-gnu/6.0.0
Selected GCC installation: /usr/bin/../lib/gcc/x86_64-linux-gnu/5.4.0
Candidate multilib: .;@m64
Selected multilib: .;@m64
configure:2023: $? = 0
configure:2025: wllvm -V </dev/null >&5
WARNING:Did not recognize the compiler flag "-V"
clang: error: argument to '-V' is missing (expected 1 value)
clang: error: no input files
configure:2028: $? = 1
configure:2051: checking for C compiler default output file name
configure:2054: wllvm    conftest.c  >&5
configure:2057: $? = 0
configure:2103: result: a.out
configure:2108: checking whether the C compiler works
configure:2114: ./a.out
configure:2117: $? = 0
configure:2134: result: yes
configure:2141: checking whether we are cross compiling
configure:2143: result: no
configure:2146: checking for suffix of executables
configure:2148: wllvm -o conftest    conftest.c  >&5
configure:2151: $? = 0
configure:2176: result: 
configure:2182: checking for suffix of object files
configure:2203: wllvm -c   conftest.c >&5
configure:2206: $? = 0
configure:2228: result: o
configure:2232: checking whether we are using the GNU C compiler
configure:2256: wllvm -c   conftest.c >&5
configure:2262: $? = 0
configure:2265: test -z 			 || test ! -s conftest.err
configure:2268: $? = 0
configure:2271: test -s conftest.o
configure:2274: $? = 0
configure:2287: result: yes
configure:2293: checking whether wllvm accepts -g
configure:2314: wllvm -c -g  conftest.c >&5
configure:2320: $? = 0
configure:2323: test -z 			 || test ! -s conftest.err
configure:2326: $? = 0
configure:2329: test -s conftest.o
configure:2332: $? = 0
configure:2343: result: yes
configure:2360: checking for wllvm option to accept ANSI C
configure:2430: wllvm  -c -g -O0  conftest.c >&5
configure:2436: $? = 0
configure:2439: test -z 			 || test ! -s conftest.err
configure:2442: $? = 0
configure:2445: test -s conftest.o
configure:2448: $? = 0
configure:2466: result: none needed
configure:2484: wllvm -c -g -O0  conftest.c >&5
conftest.c:2:3: error: unknown type name 'choke'
  choke me
  ^
conftest.c:2:11: error: expected ';' after top level declarator
  choke me
          ^
          ;
2 errors generated.
configure:2490: $? = 1
configure: failed program was:
| #ifndef __cplusplus
|   choke me
| #endif
configure:2626: checking how to run the C preprocessor
configure:2661: wllvm -E  conftest.c
configure:2667: $? = 0
configure:2699: wllvm -E  conftest.c
conftest.c:11:10: fatal error: 'ac_nonexistent.h' file not found
#include <ac_nonexistent.h>
         ^
1 error generated.
configure:2705: $? = 1
configure: failed program was:
| /* confdefs.h.  */
| 
| #define PACKAGE_NAME ""
| #define PACKAGE_TARNAME ""
| #define PACKAGE_VERSION ""
| #define PACKAGE_STRING ""
| #define PACKAGE_BUGREPORT ""
| #define PACKAGE "tcptraceroute"
| #define VERSION "1.5beta7"
| /* end confdefs.h.  */
| #include <ac_nonexistent.h>
configure:2744: result: wllvm -E
configure:2768: wllvm -E  conftest.c
configure:2774: $? = 0
configure:2806: wllvm -E  conftest.c
conftest.c:11:10: fatal error: 'ac_nonexistent.h' file not found
#include <ac_nonexistent.h>
         ^
1 error generated.
configure:2812: $? = 1
configure: failed program was:
| /* confdefs.h.  */
| 
| #define PACKAGE_NAME ""
| #define PACKAGE_TARNAME ""
| #define PACKAGE_VERSION ""
| #define PACKAGE_STRING ""
| #define PACKAGE_BUGREPORT ""
| #define PACKAGE "tcptraceroute"
| #define VERSION "1.5beta7"
| /* end confdefs.h.  */
| #include <ac_nonexistent.h>
configure:2856: checking for egrep
configure:2866: result: grep -E
configure:2872: checking whether wllvm needs -traditional
configure:2914: result: no
configure:2937: checking for a BSD-compatible install
configure:2992: result: /usr/bin/install -c
configure:3005: checking for gethostbyname
configure:3062: wllvm -o conftest -g -O0 -Wall   conftest.c  >&5
configure:3068: $? = 0
configure:3071: test -z 			 || test ! -s conftest.err
configure:3074: $? = 0
configure:3077: test -s conftest
configure:3080: $? = 0
configure:3092: result: yes
configure:3172: checking for socket
configure:3229: wllvm -o conftest -g -O0 -Wall   conftest.c  >&5
configure:3235: $? = 0
configure:3238: test -z 			 || test ! -s conftest.err
configure:3241: $? = 0
configure:3244: test -s conftest
configure:3247: $? = 0
configure:3259: result: yes
configure:3339: checking for connect
configure:3396: wllvm -o conftest -g -O0 -Wall   conftest.c  >&5
configure:3402: $? = 0
configure:3405: test -z 			 || test ! -s conftest.err
configure:3408: $? = 0
configure:3411: test -s conftest
configure:3414: $? = 0
configure:3426: result: yes
configure:3506: checking for inet_aton
configure:3563: wllvm -o conftest -g -O0 -Wall   conftest.c  >&5
configure:3569: $? = 0
configure:3572: test -z 			 || test ! -s conftest.err
configure:3575: $? = 0
configure:3578: test -s conftest
configure:3581: $? = 0
configure:3593: result: yes
configure:3749: checking for pcap_open_live in -lpcap
configure:3779: wllvm -o conftest -g -O0 -Wall   conftest.c -lpcap   >&5
configure:3785: $? = 0
configure:3788: test -z 			 || test ! -s conftest.err
configure:3791: $? = 0
configure:3794: test -s conftest
configure:3797: $? = 0
configure:3810: result: yes
configure:3836: checking for main in -lnet
configure:3860: wllvm -o conftest -g -O0 -Wall   conftest.c -lnet  -lpcap  >&5
conftest.c:16:1: warning: all paths through this function will call itself [-Winfinite-recursion]
{
^
1 warning generated.
conftest.c:16:1: warning: all paths through this function will call itself [-Winfinite-recursion]
{
^
1 warning generated.
conftest.c:16:1: warning: all paths through this function will call itself [-Winfinite-recursion]
{
^
1 warning generated.
configure:3866: $? = 0
configure:3869: test -z 			 || test ! -s conftest.err
configure:3872: $? = 0
configure:3875: test -s conftest
configure:3878: $? = 0
configure:3891: result: yes
configure:3906: checking for libnet_init_packet in -lnet
configure:3936: wllvm -o conftest -g -O0 -Wall   conftest.c -lnet  -lnet -lpcap  >&5
/tmp/conftest-f357ce.o: In function `main':
/home/muhammad/tcptraceroute/tcptraceroute-1.5beta7+debian/conftest.c:24: undefined reference to `libnet_init_packet'
clang: error: linker command failed with exit code 1 (use -v to see invocation)
configure:3942: $? = 1
configure: failed program was:
| /* confdefs.h.  */
| 
| #define PACKAGE_NAME ""
| #define PACKAGE_TARNAME ""
| #define PACKAGE_VERSION ""
| #define PACKAGE_STRING ""
| #define PACKAGE_BUGREPORT ""
| #define PACKAGE "tcptraceroute"
| #define VERSION "1.5beta7"
| #define HAVE_LIBPCAP 1
| #define HAVE_LIBNET 1
| /* end confdefs.h.  */
| 
| /* Override any gcc2 internal prototype to avoid an error.  */
| #ifdef __cplusplus
| extern "C"
| #endif
| /* We use char because int might match the return type of a gcc2
|    builtin and then its argument prototype would still apply.  */
| char libnet_init_packet ();
| int
| main ()
| {
| libnet_init_packet ();
|   ;
|   return 0;
| }
configure:3967: result: no
configure:3983: checking for libnet_init in -lnet
configure:4013: wllvm -o conftest -g -O0 -Wall   conftest.c -lnet  -lnet -lpcap  >&5
configure:4019: $? = 0
configure:4022: test -z 			 || test ! -s conftest.err
configure:4025: $? = 0
configure:4028: test -s conftest
configure:4031: $? = 0
configure:4044: result: yes
configure:4053: libnet version: >= 1.1.0
configure:4069: checking for ANSI C header files
configure:4094: wllvm -c -g -O0 -Wall  conftest.c >&5
configure:4100: $? = 0
configure:4103: test -z 			 || test ! -s conftest.err
configure:4106: $? = 0
configure:4109: test -s conftest.o
configure:4112: $? = 0
configure:4201: wllvm -o conftest -g -O0 -Wall   conftest.c -lnet -lpcap  >&5
conftest.c:31:7: warning: implicitly declaring library function 'exit' with type 'void (int) __attribute__((noreturn))' [-Wimplicit-function-declaration]
      exit(2);
      ^
conftest.c:31:7: note: include the header <stdlib.h> or explicitly provide a declaration for 'exit'
1 warning generated.
conftest.c:31:7: warning: implicitly declaring library function 'exit' with type 'void (int) __attribute__((noreturn))' [-Wimplicit-function-declaration]
      exit(2);
      ^
conftest.c:31:7: note: include the header <stdlib.h> or explicitly provide a declaration for 'exit'
1 warning generated.
conftest.c:31:7: warning: implicitly declaring library function 'exit' with type 'void (int) __attribute__((noreturn))' [-Wimplicit-function-declaration]
      exit(2);
      ^
conftest.c:31:7: note: include the header <stdlib.h> or explicitly provide a declaration for 'exit'
1 warning generated.
configure:4204: $? = 0
configure:4206: ./conftest
configure:4209: $? = 0
configure:4224: result: yes
configure:4248: checking for sys/types.h
configure:4264: wllvm -c -g -O0 -Wall  conftest.c >&5
configure:4270: $? = 0
configure:4273: test -z 			 || test ! -s conftest.err
configure:4276: $? = 0
configure:4279: test -s conftest.o
configure:4282: $? = 0
configure:4293: result: yes
configure:4248: checking for sys/stat.h
configure:4264: wllvm -c -g -O0 -Wall  conftest.c >&5
configure:4270: $? = 0
configure:4273: test -z 			 || test ! -s conftest.err
configure:4276: $? = 0
configure:4279: test -s conftest.o
configure:4282: $? = 0
configure:4293: result: yes
configure:4248: checking for stdlib.h
configure:4264: wllvm -c -g -O0 -Wall  conftest.c >&5
configure:4270: $? = 0
configure:4273: test -z 			 || test ! -s conftest.err
configure:4276: $? = 0
configure:4279: test -s conftest.o
configure:4282: $? = 0
configure:4293: result: yes
configure:4248: checking for string.h
configure:4264: wllvm -c -g -O0 -Wall  conftest.c >&5
configure:4270: $? = 0
configure:4273: test -z 			 || test ! -s conftest.err
configure:4276: $? = 0
configure:4279: test -s conftest.o
configure:4282: $? = 0
configure:4293: result: yes
configure:4248: checking for memory.h
configure:4264: wllvm -c -g -O0 -Wall  conftest.c >&5
configure:4270: $? = 0
configure:4273: test -z 			 || test ! -s conftest.err
configure:4276: $? = 0
configure:4279: test -s conftest.o
configure:4282: $? = 0
configure:4293: result: yes
configure:4248: checking for strings.h
configure:4264: wllvm -c -g -O0 -Wall  conftest.c >&5
configure:4270: $? = 0
configure:4273: test -z 			 || test ! -s conftest.err
configure:4276: $? = 0
configure:4279: test -s conftest.o
configure:4282: $? = 0
configure:4293: result: yes
configure:4248: checking for inttypes.h
configure:4264: wllvm -c -g -O0 -Wall  conftest.c >&5
configure:4270: $? = 0
configure:4273: test -z 			 || test ! -s conftest.err
configure:4276: $? = 0
configure:4279: test -s conftest.o
configure:4282: $? = 0
configure:4293: result: yes
configure:4248: checking for stdint.h
configure:4264: wllvm -c -g -O0 -Wall  conftest.c >&5
configure:4270: $? = 0
configure:4273: test -z 			 || test ! -s conftest.err
configure:4276: $? = 0
configure:4279: test -s conftest.o
configure:4282: $? = 0
configure:4293: result: yes
configure:4248: checking for unistd.h
configure:4264: wllvm -c -g -O0 -Wall  conftest.c >&5
configure:4270: $? = 0
configure:4273: test -z 			 || test ! -s conftest.err
configure:4276: $? = 0
configure:4279: test -s conftest.o
configure:4282: $? = 0
configure:4293: result: yes
configure:4327: checking arpa/inet.h usability
configure:4339: wllvm -c -g -O0 -Wall  conftest.c >&5
configure:4345: $? = 0
configure:4348: test -z 			 || test ! -s conftest.err
configure:4351: $? = 0
configure:4354: test -s conftest.o
configure:4357: $? = 0
configure:4367: result: yes
configure:4371: checking arpa/inet.h presence
configure:4381: wllvm -E  conftest.c
configure:4387: $? = 0
configure:4407: result: yes
configure:4442: checking for arpa/inet.h
configure:4449: result: yes
configure:4327: checking fcntl.h usability
configure:4339: wllvm -c -g -O0 -Wall  conftest.c >&5
configure:4345: $? = 0
configure:4348: test -z 			 || test ! -s conftest.err
configure:4351: $? = 0
configure:4354: test -s conftest.o
configure:4357: $? = 0
configure:4367: result: yes
configure:4371: checking fcntl.h presence
configure:4381: wllvm -E  conftest.c
configure:4387: $? = 0
configure:4407: result: yes
configure:4442: checking for fcntl.h
configure:4449: result: yes
configure:4327: checking netdb.h usability
configure:4339: wllvm -c -g -O0 -Wall  conftest.c >&5
configure:4345: $? = 0
configure:4348: test -z 			 || test ! -s conftest.err
configure:4351: $? = 0
configure:4354: test -s conftest.o
configure:4357: $? = 0
configure:4367: result: yes
configure:4371: checking netdb.h presence
configure:4381: wllvm -E  conftest.c
configure:4387: $? = 0
configure:4407: result: yes
configure:4442: checking for netdb.h
configure:4449: result: yes
configure:4327: checking netinet/in.h usability
configure:4339: wllvm -c -g -O0 -Wall  conftest.c >&5
configure:4345: $? = 0
configure:4348: test -z 			 || test ! -s conftest.err
configure:4351: $? = 0
configure:4354: test -s conftest.o
configure:4357: $? = 0
configure:4367: result: yes
configure:4371: checking netinet/in.h presence
configure:4381: wllvm -E  conftest.c
configure:4387: $? = 0
configure:4407: result: yes
configure:4442: checking for netinet/in.h
configure:4449: result: yes
configure:4318: checking for stdlib.h
configure:4323: result: yes
configure:4318: checking for string.h
configure:4323: result: yes
configure:4327: checking sys/ioctl.h usability
configure:4339: wllvm -c -g -O0 -Wall  conftest.c >&5
configure:4345: $? = 0
configure:4348: test -z 			 || test ! -s conftest.err
configure:4351: $? = 0
configure:4354: test -s conftest.o
configure:4357: $? = 0
configure:4367: result: yes
configure:4371: checking sys/ioctl.h presence
configure:4381: wllvm -E  conftest.c
configure:4387: $? = 0
configure:4407: result: yes
configure:4442: checking for sys/ioctl.h
configure:4449: result: yes
configure:4327: checking sys/socket.h usability
configure:4339: wllvm -c -g -O0 -Wall  conftest.c >&5
configure:4345: $? = 0
configure:4348: test -z 			 || test ! -s conftest.err
configure:4351: $? = 0
configure:4354: test -s conftest.o
configure:4357: $? = 0
configure:4367: result: yes
configure:4371: checking sys/socket.h presence
configure:4381: wllvm -E  conftest.c
configure:4387: $? = 0
configure:4407: result: yes
configure:4442: checking for sys/socket.h
configure:4449: result: yes
configure:4318: checking for unistd.h
configure:4323: result: yes
configure:4464: checking whether time.h and sys/time.h may both be included
configure:4489: wllvm -c -g -O0 -Wall  conftest.c >&5
configure:4495: $? = 0
configure:4498: test -z 			 || test ! -s conftest.err
configure:4501: $? = 0
configure:4504: test -s conftest.o
configure:4507: $? = 0
configure:4518: result: yes
configure:4531: checking for sockaddr.sa_len
configure:4552: wllvm -c -g -O0 -Wall  conftest.c >&5
conftest.c:41:50: error: no member named 'sa_len' in 'struct sockaddr'
 unsigned int i = sizeof(((struct sockaddr *)0)->sa_len)
                         ~~~~~~~~~~~~~~~~~~~~~~  ^
1 error generated.
configure:4558: $? = 1
configure: failed program was:
| /* confdefs.h.  */
| 
| #define PACKAGE_NAME ""
| #define PACKAGE_TARNAME ""
| #define PACKAGE_VERSION ""
| #define PACKAGE_STRING ""
| #define PACKAGE_BUGREPORT ""
| #define PACKAGE "tcptraceroute"
| #define VERSION "1.5beta7"
| #define HAVE_LIBPCAP 1
| #define HAVE_LIBNET 1
| #define LIBNET_API_VERSION 110
| #define STDC_HEADERS 1
| #define HAVE_SYS_TYPES_H 1
| #define HAVE_SYS_STAT_H 1
| #define HAVE_STDLIB_H 1
| #define HAVE_STRING_H 1
| #define HAVE_MEMORY_H 1
| #define HAVE_STRINGS_H 1
| #define HAVE_INTTYPES_H 1
| #define HAVE_STDINT_H 1
| #define HAVE_UNISTD_H 1
| #define HAVE_ARPA_INET_H 1
| #define HAVE_FCNTL_H 1
| #define HAVE_NETDB_H 1
| #define HAVE_NETINET_IN_H 1
| #define HAVE_STDLIB_H 1
| #define HAVE_STRING_H 1
| #define HAVE_SYS_IOCTL_H 1
| #define HAVE_SYS_SOCKET_H 1
| #define HAVE_UNISTD_H 1
| #define TIME_WITH_SYS_TIME 1
| /* end confdefs.h.  */
| 
| #include <sys/types.h>
| #include <sys/socket.h>
| 
| int
| main ()
| {
|  unsigned int i = sizeof(((struct sockaddr *)0)->sa_len)
|   ;
|   return 0;
| }
configure:4586: result: no
configure:4592: checking for struct sockaddr.sa_len
configure:4617: wllvm -c -g -O0 -Wall  conftest.c >&5
conftest.c:41:13: error: no member named 'sa_len' in 'struct sockaddr'
if (ac_aggr.sa_len)
    ~~~~~~~ ^
1 error generated.
configure:4623: $? = 1
configure: failed program was:
| /* confdefs.h.  */
| 
| #define PACKAGE_NAME ""
| #define PACKAGE_TARNAME ""
| #define PACKAGE_VERSION ""
| #define PACKAGE_STRING ""
| #define PACKAGE_BUGREPORT ""
| #define PACKAGE "tcptraceroute"
| #define VERSION "1.5beta7"
| #define HAVE_LIBPCAP 1
| #define HAVE_LIBNET 1
| #define LIBNET_API_VERSION 110
| #define STDC_HEADERS 1
| #define HAVE_SYS_TYPES_H 1
| #define HAVE_SYS_STAT_H 1
| #define HAVE_STDLIB_H 1
| #define HAVE_STRING_H 1
| #define HAVE_MEMORY_H 1
| #define HAVE_STRINGS_H 1
| #define HAVE_INTTYPES_H 1
| #define HAVE_STDINT_H 1
| #define HAVE_UNISTD_H 1
| #define HAVE_ARPA_INET_H 1
| #define HAVE_FCNTL_H 1
| #define HAVE_NETDB_H 1
| #define HAVE_NETINET_IN_H 1
| #define HAVE_STDLIB_H 1
| #define HAVE_STRING_H 1
| #define HAVE_SYS_IOCTL_H 1
| #define HAVE_SYS_SOCKET_H 1
| #define HAVE_UNISTD_H 1
| #define TIME_WITH_SYS_TIME 1
| /* end confdefs.h.  */
| #include <sys/types.h>
| 		#include <sys/socket.h>
| 
| int
| main ()
| {
| static struct sockaddr ac_aggr;
| if (ac_aggr.sa_len)
| return 0;
|   ;
|   return 0;
| }
configure:4662: wllvm -c -g -O0 -Wall  conftest.c >&5
conftest.c:41:20: error: no member named 'sa_len' in 'struct sockaddr'
if (sizeof ac_aggr.sa_len)
           ~~~~~~~ ^
1 error generated.
configure:4668: $? = 1
configure: failed program was:
| /* confdefs.h.  */
| 
| #define PACKAGE_NAME ""
| #define PACKAGE_TARNAME ""
| #define PACKAGE_VERSION ""
| #define PACKAGE_STRING ""
| #define PACKAGE_BUGREPORT ""
| #define PACKAGE "tcptraceroute"
| #define VERSION "1.5beta7"
| #define HAVE_LIBPCAP 1
| #define HAVE_LIBNET 1
| #define LIBNET_API_VERSION 110
| #define STDC_HEADERS 1
| #define HAVE_SYS_TYPES_H 1
| #define HAVE_SYS_STAT_H 1
| #define HAVE_STDLIB_H 1
| #define HAVE_STRING_H 1
| #define HAVE_MEMORY_H 1
| #define HAVE_STRINGS_H 1
| #define HAVE_INTTYPES_H 1
| #define HAVE_STDINT_H 1
| #define HAVE_UNISTD_H 1
| #define HAVE_ARPA_INET_H 1
| #define HAVE_FCNTL_H 1
| #define HAVE_NETDB_H 1
| #define HAVE_NETINET_IN_H 1
| #define HAVE_STDLIB_H 1
| #define HAVE_STRING_H 1
| #define HAVE_SYS_IOCTL_H 1
| #define HAVE_SYS_SOCKET_H 1
| #define HAVE_UNISTD_H 1
| #define TIME_WITH_SYS_TIME 1
| /* end confdefs.h.  */
| #include <sys/types.h>
| 		#include <sys/socket.h>
| 
| int
| main ()
| {
| static struct sockaddr ac_aggr;
| if (sizeof ac_aggr.sa_len)
| return 0;
|   ;
|   return 0;
| }
configure:4693: result: no
configure:4710: checking for stdlib.h
configure:4715: result: yes
configure:4854: checking for GNU libc compatible malloc
configure:4883: wllvm -o conftest -g -O0 -Wall   conftest.c -lnet -lpcap  >&5
configure:4886: $? = 0
configure:4888: ./conftest
configure:4891: $? = 0
configure:4905: result: yes
configure:4953: checking sys/select.h usability
configure:4965: wllvm -c -g -O0 -Wall  conftest.c >&5
configure:4971: $? = 0
configure:4974: test -z 			 || test ! -s conftest.err
configure:4977: $? = 0
configure:4980: test -s conftest.o
configure:4983: $? = 0
configure:4993: result: yes
configure:4997: checking sys/select.h presence
configure:5007: wllvm -E  conftest.c
configure:5013: $? = 0
configure:5033: result: yes
configure:5068: checking for sys/select.h
configure:5075: result: yes
configure:4944: checking for sys/socket.h
configure:4949: result: yes
configure:5088: checking types of arguments for select
configure:5121: wllvm -c -g -O0 -Wall  conftest.c >&5
configure:5127: $? = 0
configure:5130: test -z 			 || test ! -s conftest.err
configure:5133: $? = 0
configure:5136: test -s conftest.o
configure:5139: $? = 0
configure:5155: result: int,fd_set *,struct timeval *
configure:5182: checking for vprintf
configure:5239: wllvm -o conftest -g -O0 -Wall   conftest.c -lnet -lpcap  >&5
conftest.c:65:6: warning: incompatible redeclaration of library function 'vprintf' [-Wincompatible-library-redeclaration]
char vprintf ();
     ^
conftest.c:65:6: note: 'vprintf' is a builtin with type 'int (const char *, struct __va_list_tag *)'
1 warning generated.
conftest.c:65:6: warning: incompatible redeclaration of library function 'vprintf' [-Wincompatible-library-redeclaration]
char vprintf ();
     ^
conftest.c:65:6: note: 'vprintf' is a builtin with type 'int (const char *, struct __va_list_tag *)'
1 warning generated.
conftest.c:65:6: warning: incompatible redeclaration of library function 'vprintf' [-Wincompatible-library-redeclaration]
char vprintf ();
     ^
conftest.c:65:6: note: 'vprintf' is a builtin with type 'int (const char *, struct __va_list_tag *)'
1 warning generated.
configure:5245: $? = 0
configure:5248: test -z 			 || test ! -s conftest.err
configure:5251: $? = 0
configure:5254: test -s conftest
configure:5257: $? = 0
configure:5269: result: yes
configure:5276: checking for _doprnt
configure:5333: wllvm -o conftest -g -O0 -Wall   conftest.c -lnet -lpcap  >&5
/tmp/conftest-2ec94e.o: In function `main':
/home/muhammad/tcptraceroute/tcptraceroute-1.5beta7+debian/conftest.c:81: undefined reference to `_doprnt'
/tmp/conftest-2ec94e.o:(.data+0x0): undefined reference to `_doprnt'
clang: error: linker command failed with exit code 1 (use -v to see invocation)
configure:5339: $? = 1
configure: failed program was:
| /* confdefs.h.  */
| 
| #define PACKAGE_NAME ""
| #define PACKAGE_TARNAME ""
| #define PACKAGE_VERSION ""
| #define PACKAGE_STRING ""
| #define PACKAGE_BUGREPORT ""
| #define PACKAGE "tcptraceroute"
| #define VERSION "1.5beta7"
| #define HAVE_LIBPCAP 1
| #define HAVE_LIBNET 1
| #define LIBNET_API_VERSION 110
| #define STDC_HEADERS 1
| #define HAVE_SYS_TYPES_H 1
| #define HAVE_SYS_STAT_H 1
| #define HAVE_STDLIB_H 1
| #define HAVE_STRING_H 1
| #define HAVE_MEMORY_H 1
| #define HAVE_STRINGS_H 1
| #define HAVE_INTTYPES_H 1
| #define HAVE_STDINT_H 1
| #define HAVE_UNISTD_H 1
| #define HAVE_ARPA_INET_H 1
| #define HAVE_FCNTL_H 1
| #define HAVE_NETDB_H 1
| #define HAVE_NETINET_IN_H 1
| #define HAVE_STDLIB_H 1
| #define HAVE_STRING_H 1
| #define HAVE_SYS_IOCTL_H 1
| #define HAVE_SYS_SOCKET_H 1
| #define HAVE_UNISTD_H 1
| #define TIME_WITH_SYS_TIME 1
| #define HAVE_STDLIB_H 1
| #define HAVE_MALLOC 1
| #define HAVE_SYS_SELECT_H 1
| #define HAVE_SYS_SOCKET_H 1
| #define SELECT_TYPE_ARG1 int
| #define SELECT_TYPE_ARG234 (fd_set *)
| #define SELECT_TYPE_ARG5 (struct timeval *)
| #define HAVE_VPRINTF 1
| /* end confdefs.h.  */
| /* Define _doprnt to an innocuous variant, in case <limits.h> declares _doprnt.
|    For example, HP-UX 11i <limits.h> declares gettimeofday.  */
| #define _doprnt innocuous__doprnt
| 
| /* System header to define __stub macros and hopefully few prototypes,
|     which can conflict with char _doprnt (); below.
|     Prefer <limits.h> to <assert.h> if __STDC__ is defined, since
|     <limits.h> exists even on freestanding compilers.  */
| 
| #ifdef __STDC__
| # include <limits.h>
| #else
| # include <assert.h>
| #endif
| 
| #undef _doprnt
| 
| /* Override any gcc2 internal prototype to avoid an error.  */
| #ifdef __cplusplus
| extern "C"
| {
| #endif
| /* We use char because int might match the return type of a gcc2
|    builtin and then its argument prototype would still apply.  */
| char _doprnt ();
| /* The GNU C library defines this for functions which it implements
|     to always fail with ENOSYS.  Some functions are actually named
|     something starting with __ and the normal name is an alias.  */
| #if defined (__stub__doprnt) || defined (__stub____doprnt)
| choke me
| #else
| char (*f) () = _doprnt;
| #endif
| #ifdef __cplusplus
| }
| #endif
| 
| int
| main ()
| {
| return f != _doprnt;
|   ;
|   return 0;
| }
configure:5363: result: no
configure:5385: checking for gettimeofday
configure:5442: wllvm -o conftest -g -O0 -Wall   conftest.c -lnet -lpcap  >&5
configure:5448: $? = 0
configure:5451: test -z 			 || test ! -s conftest.err
configure:5454: $? = 0
configure:5457: test -s conftest
configure:5460: $? = 0
configure:5472: result: yes
configure:5385: checking for memset
configure:5442: wllvm -o conftest -g -O0 -Wall   conftest.c -lnet -lpcap  >&5
conftest.c:67:6: warning: incompatible redeclaration of library function 'memset' [-Wincompatible-library-redeclaration]
char memset ();
     ^
conftest.c:67:6: note: 'memset' is a builtin with type 'void *(void *, int, unsigned long)'
1 warning generated.
conftest.c:67:6: warning: incompatible redeclaration of library function 'memset' [-Wincompatible-library-redeclaration]
char memset ();
     ^
conftest.c:67:6: note: 'memset' is a builtin with type 'void *(void *, int, unsigned long)'
1 warning generated.
conftest.c:67:6: warning: incompatible redeclaration of library function 'memset' [-Wincompatible-library-redeclaration]
char memset ();
     ^
conftest.c:67:6: note: 'memset' is a builtin with type 'void *(void *, int, unsigned long)'
1 warning generated.
configure:5448: $? = 0
configure:5451: test -z 			 || test ! -s conftest.err
configure:5454: $? = 0
configure:5457: test -s conftest
configure:5460: $? = 0
configure:5472: result: yes
configure:5385: checking for select
configure:5442: wllvm -o conftest -g -O0 -Wall   conftest.c -lnet -lpcap  >&5
configure:5448: $? = 0
configure:5451: test -z 			 || test ! -s conftest.err
configure:5454: $? = 0
configure:5457: test -s conftest
configure:5460: $? = 0
configure:5472: result: yes
configure:5385: checking for socket
configure:5472: result: yes
configure:5385: checking for strchr
configure:5442: wllvm -o conftest -g -O0 -Wall   conftest.c -lnet -lpcap  >&5
conftest.c:70:6: warning: incompatible redeclaration of library function 'strchr' [-Wincompatible-library-redeclaration]
char strchr ();
     ^
conftest.c:70:6: note: 'strchr' is a builtin with type 'char *(const char *, int)'
1 warning generated.
conftest.c:70:6: warning: incompatible redeclaration of library function 'strchr' [-Wincompatible-library-redeclaration]
char strchr ();
     ^
conftest.c:70:6: note: 'strchr' is a builtin with type 'char *(const char *, int)'
1 warning generated.
conftest.c:70:6: warning: incompatible redeclaration of library function 'strchr' [-Wincompatible-library-redeclaration]
char strchr ();
     ^
conftest.c:70:6: note: 'strchr' is a builtin with type 'char *(const char *, int)'
1 warning generated.
configure:5448: $? = 0
configure:5451: test -z 			 || test ! -s conftest.err
configure:5454: $? = 0
configure:5457: test -s conftest
configure:5460: $? = 0
configure:5472: result: yes
configure:5484: checking for Solaris
configure:5516: wllvm -o conftest -g -O0 -Wall   conftest.c -lnet -lpcap  >&5
conftest.c:55:2: warning: implicitly declaring library function 'exit' with type 'void (int) __attribute__((noreturn))' [-Wimplicit-function-declaration]
        exit(-1);
        ^
conftest.c:55:2: note: include the header <stdlib.h> or explicitly provide a declaration for 'exit'
1 warning generated.
conftest.c:55:2: warning: implicitly declaring library function 'exit' with type 'void (int) __attribute__((noreturn))' [-Wimplicit-function-declaration]
        exit(-1);
        ^
conftest.c:55:2: note: include the header <stdlib.h> or explicitly provide a declaration for 'exit'
1 warning generated.
conftest.c:55:2: warning: implicitly declaring library function 'exit' with type 'void (int) __attribute__((noreturn))' [-Wimplicit-function-declaration]
        exit(-1);
        ^
conftest.c:55:2: note: include the header <stdlib.h> or explicitly provide a declaration for 'exit'
1 warning generated.
configure:5519: $? = 0
configure:5521: ./conftest
configure:5524: $? = 255
configure: program exited with status 255
configure: failed program was:
| /* confdefs.h.  */
| 
| #define PACKAGE_NAME ""
| #define PACKAGE_TARNAME ""
| #define PACKAGE_VERSION ""
| #define PACKAGE_STRING ""
| #define PACKAGE_BUGREPORT ""
| #define PACKAGE "tcptraceroute"
| #define VERSION "1.5beta7"
| #define HAVE_LIBPCAP 1
| #define HAVE_LIBNET 1
| #define LIBNET_API_VERSION 110
| #define STDC_HEADERS 1
| #define HAVE_SYS_TYPES_H 1
| #define HAVE_SYS_STAT_H 1
| #define HAVE_STDLIB_H 1
| #define HAVE_STRING_H 1
| #define HAVE_MEMORY_H 1
| #define HAVE_STRINGS_H 1
| #define HAVE_INTTYPES_H 1
| #define HAVE_STDINT_H 1
| #define HAVE_UNISTD_H 1
| #define HAVE_ARPA_INET_H 1
| #define HAVE_FCNTL_H 1
| #define HAVE_NETDB_H 1
| #define HAVE_NETINET_IN_H 1
| #define HAVE_STDLIB_H 1
| #define HAVE_STRING_H 1
| #define HAVE_SYS_IOCTL_H 1
| #define HAVE_SYS_SOCKET_H 1
| #define HAVE_UNISTD_H 1
| #define TIME_WITH_SYS_TIME 1
| #define HAVE_STDLIB_H 1
| #define HAVE_MALLOC 1
| #define HAVE_SYS_SELECT_H 1
| #define HAVE_SYS_SOCKET_H 1
| #define SELECT_TYPE_ARG1 int
| #define SELECT_TYPE_ARG234 (fd_set *)
| #define SELECT_TYPE_ARG5 (struct timeval *)
| #define HAVE_VPRINTF 1
| #define HAVE_GETTIMEOFDAY 1
| #define HAVE_MEMSET 1
| #define HAVE_SELECT 1
| #define HAVE_SOCKET 1
| #define HAVE_STRCHR 1
| /* end confdefs.h.  */
| 
| int
| main ()
| {
| 
| #if defined (__SVR4) && defined (__sun)
| 	exit(0);
| #else
| 	exit(-1);
| #endif
| 
|   ;
|   return 0;
| }
| 
configure:5543: result: no
configure:5551: checking for BSDI
configure:5583: wllvm -o conftest -g -O0 -Wall   conftest.c -lnet -lpcap  >&5
conftest.c:55:2: warning: implicitly declaring library function 'exit' with type 'void (int) __attribute__((noreturn))' [-Wimplicit-function-declaration]
        exit(-1);
        ^
conftest.c:55:2: note: include the header <stdlib.h> or explicitly provide a declaration for 'exit'
1 warning generated.
conftest.c:55:2: warning: implicitly declaring library function 'exit' with type 'void (int) __attribute__((noreturn))' [-Wimplicit-function-declaration]
        exit(-1);
        ^
conftest.c:55:2: note: include the header <stdlib.h> or explicitly provide a declaration for 'exit'
1 warning generated.
conftest.c:55:2: warning: implicitly declaring library function 'exit' with type 'void (int) __attribute__((noreturn))' [-Wimplicit-function-declaration]
        exit(-1);
        ^
conftest.c:55:2: note: include the header <stdlib.h> or explicitly provide a declaration for 'exit'
1 warning generated.
configure:5586: $? = 0
configure:5588: ./conftest
configure:5591: $? = 255
configure: program exited with status 255
configure: failed program was:
| /* confdefs.h.  */
| 
| #define PACKAGE_NAME ""
| #define PACKAGE_TARNAME ""
| #define PACKAGE_VERSION ""
| #define PACKAGE_STRING ""
| #define PACKAGE_BUGREPORT ""
| #define PACKAGE "tcptraceroute"
| #define VERSION "1.5beta7"
| #define HAVE_LIBPCAP 1
| #define HAVE_LIBNET 1
| #define LIBNET_API_VERSION 110
| #define STDC_HEADERS 1
| #define HAVE_SYS_TYPES_H 1
| #define HAVE_SYS_STAT_H 1
| #define HAVE_STDLIB_H 1
| #define HAVE_STRING_H 1
| #define HAVE_MEMORY_H 1
| #define HAVE_STRINGS_H 1
| #define HAVE_INTTYPES_H 1
| #define HAVE_STDINT_H 1
| #define HAVE_UNISTD_H 1
| #define HAVE_ARPA_INET_H 1
| #define HAVE_FCNTL_H 1
| #define HAVE_NETDB_H 1
| #define HAVE_NETINET_IN_H 1
| #define HAVE_STDLIB_H 1
| #define HAVE_STRING_H 1
| #define HAVE_SYS_IOCTL_H 1
| #define HAVE_SYS_SOCKET_H 1
| #define HAVE_UNISTD_H 1
| #define TIME_WITH_SYS_TIME 1
| #define HAVE_STDLIB_H 1
| #define HAVE_MALLOC 1
| #define HAVE_SYS_SELECT_H 1
| #define HAVE_SYS_SOCKET_H 1
| #define SELECT_TYPE_ARG1 int
| #define SELECT_TYPE_ARG234 (fd_set *)
| #define SELECT_TYPE_ARG5 (struct timeval *)
| #define HAVE_VPRINTF 1
| #define HAVE_GETTIMEOFDAY 1
| #define HAVE_MEMSET 1
| #define HAVE_SELECT 1
| #define HAVE_SOCKET 1
| #define HAVE_STRCHR 1
| /* end confdefs.h.  */
| 
| int
| main ()
| {
| 
| #if defined (__bsdi__)
| 	exit(0);
| #else
| 	exit(-1);
| #endif
| 
|   ;
|   return 0;
| }
| 
configure:5610: result: no
configure:5618: checking for NetBSD
configure:5650: wllvm -o conftest -g -O0 -Wall   conftest.c -lnet -lpcap  >&5
conftest.c:55:2: warning: implicitly declaring library function 'exit' with type 'void (int) __attribute__((noreturn))' [-Wimplicit-function-declaration]
        exit(-1);
        ^
conftest.c:55:2: note: include the header <stdlib.h> or explicitly provide a declaration for 'exit'
1 warning generated.
conftest.c:55:2: warning: implicitly declaring library function 'exit' with type 'void (int) __attribute__((noreturn))' [-Wimplicit-function-declaration]
        exit(-1);
        ^
conftest.c:55:2: note: include the header <stdlib.h> or explicitly provide a declaration for 'exit'
1 warning generated.
conftest.c:55:2: warning: implicitly declaring library function 'exit' with type 'void (int) __attribute__((noreturn))' [-Wimplicit-function-declaration]
        exit(-1);
        ^
conftest.c:55:2: note: include the header <stdlib.h> or explicitly provide a declaration for 'exit'
1 warning generated.
configure:5653: $? = 0
configure:5655: ./conftest
configure:5658: $? = 255
configure: program exited with status 255
configure: failed program was:
| /* confdefs.h.  */
| 
| #define PACKAGE_NAME ""
| #define PACKAGE_TARNAME ""
| #define PACKAGE_VERSION ""
| #define PACKAGE_STRING ""
| #define PACKAGE_BUGREPORT ""
| #define PACKAGE "tcptraceroute"
| #define VERSION "1.5beta7"
| #define HAVE_LIBPCAP 1
| #define HAVE_LIBNET 1
| #define LIBNET_API_VERSION 110
| #define STDC_HEADERS 1
| #define HAVE_SYS_TYPES_H 1
| #define HAVE_SYS_STAT_H 1
| #define HAVE_STDLIB_H 1
| #define HAVE_STRING_H 1
| #define HAVE_MEMORY_H 1
| #define HAVE_STRINGS_H 1
| #define HAVE_INTTYPES_H 1
| #define HAVE_STDINT_H 1
| #define HAVE_UNISTD_H 1
| #define HAVE_ARPA_INET_H 1
| #define HAVE_FCNTL_H 1
| #define HAVE_NETDB_H 1
| #define HAVE_NETINET_IN_H 1
| #define HAVE_STDLIB_H 1
| #define HAVE_STRING_H 1
| #define HAVE_SYS_IOCTL_H 1
| #define HAVE_SYS_SOCKET_H 1
| #define HAVE_UNISTD_H 1
| #define TIME_WITH_SYS_TIME 1
| #define HAVE_STDLIB_H 1
| #define HAVE_MALLOC 1
| #define HAVE_SYS_SELECT_H 1
| #define HAVE_SYS_SOCKET_H 1
| #define SELECT_TYPE_ARG1 int
| #define SELECT_TYPE_ARG234 (fd_set *)
| #define SELECT_TYPE_ARG5 (struct timeval *)
| #define HAVE_VPRINTF 1
| #define HAVE_GETTIMEOFDAY 1
| #define HAVE_MEMSET 1
| #define HAVE_SELECT 1
| #define HAVE_SOCKET 1
| #define HAVE_STRCHR 1
| /* end confdefs.h.  */
| 
| int
| main ()
| {
| 
| #if defined (__NetBSD__)
| 	exit(0);
| #else
| 	exit(-1);
| #endif
| 
|   ;
|   return 0;
| }
| 
configure:5677: result: no
configure:5685: checking for MacOS X
configure:5717: wllvm -o conftest -g -O0 -Wall   conftest.c -lnet -lpcap  >&5
conftest.c:55:2: warning: implicitly declaring library function 'exit' with type 'void (int) __attribute__((noreturn))' [-Wimplicit-function-declaration]
        exit(-1);
        ^
conftest.c:55:2: note: include the header <stdlib.h> or explicitly provide a declaration for 'exit'
1 warning generated.
conftest.c:55:2: warning: implicitly declaring library function 'exit' with type 'void (int) __attribute__((noreturn))' [-Wimplicit-function-declaration]
        exit(-1);
        ^
conftest.c:55:2: note: include the header <stdlib.h> or explicitly provide a declaration for 'exit'
1 warning generated.
conftest.c:55:2: warning: implicitly declaring library function 'exit' with type 'void (int) __attribute__((noreturn))' [-Wimplicit-function-declaration]
        exit(-1);
        ^
conftest.c:55:2: note: include the header <stdlib.h> or explicitly provide a declaration for 'exit'
1 warning generated.
configure:5720: $? = 0
configure:5722: ./conftest
configure:5725: $? = 255
configure: program exited with status 255
configure: failed program was:
| /* confdefs.h.  */
| 
| #define PACKAGE_NAME ""
| #define PACKAGE_TARNAME ""
| #define PACKAGE_VERSION ""
| #define PACKAGE_STRING ""
| #define PACKAGE_BUGREPORT ""
| #define PACKAGE "tcptraceroute"
| #define VERSION "1.5beta7"
| #define HAVE_LIBPCAP 1
| #define HAVE_LIBNET 1
| #define LIBNET_API_VERSION 110
| #define STDC_HEADERS 1
| #define HAVE_SYS_TYPES_H 1
| #define HAVE_SYS_STAT_H 1
| #define HAVE_STDLIB_H 1
| #define HAVE_STRING_H 1
| #define HAVE_MEMORY_H 1
| #define HAVE_STRINGS_H 1
| #define HAVE_INTTYPES_H 1
| #define HAVE_STDINT_H 1
| #define HAVE_UNISTD_H 1
| #define HAVE_ARPA_INET_H 1
| #define HAVE_FCNTL_H 1
| #define HAVE_NETDB_H 1
| #define HAVE_NETINET_IN_H 1
| #define HAVE_STDLIB_H 1
| #define HAVE_STRING_H 1
| #define HAVE_SYS_IOCTL_H 1
| #define HAVE_SYS_SOCKET_H 1
| #define HAVE_UNISTD_H 1
| #define TIME_WITH_SYS_TIME 1
| #define HAVE_STDLIB_H 1
| #define HAVE_MALLOC 1
| #define HAVE_SYS_SELECT_H 1
| #define HAVE_SYS_SOCKET_H 1
| #define SELECT_TYPE_ARG1 int
| #define SELECT_TYPE_ARG234 (fd_set *)
| #define SELECT_TYPE_ARG5 (struct timeval *)
| #define HAVE_VPRINTF 1
| #define HAVE_GETTIMEOFDAY 1
| #define HAVE_MEMSET 1
| #define HAVE_SELECT 1
| #define HAVE_SOCKET 1
| #define HAVE_STRCHR 1
| /* end confdefs.h.  */
| 
| int
| main ()
| {
| 
| #if defined (__APPLE__) && defined (__MACH__)
| 	exit(0);
| #else
| 	exit(-1);
| #endif
| 
|   ;
|   return 0;
| }
| 
configure:5744: result: no
configure:5958: creating ./config.status

## ---------------------- ##
## Running config.status. ##
## ---------------------- ##

This file was extended by config.status, which was
generated by GNU Autoconf 2.59.  Invocation command line was

  CONFIG_FILES    = 
  CONFIG_HEADERS  = 
  CONFIG_LINKS    = 
  CONFIG_COMMANDS = 
  $ ./config.status 

on muhammad-HP-EliteBook-8470p

config.status:720: creating Makefile
config.status:786: creating config.h
config.status:1124: executing default-1 commands

## ---------------- ##
## Cache variables. ##
## ---------------- ##

ac_cv_build=x86_64-unknown-linux-gnu
ac_cv_build_alias=x86_64-unknown-linux-gnu
ac_cv_c_compiler_gnu=yes
ac_cv_env_CC_set=set
ac_cv_env_CC_value=wllvm
ac_cv_env_CFLAGS_set=
ac_cv_env_CFLAGS_value=
ac_cv_env_CPPFLAGS_set=
ac_cv_env_CPPFLAGS_value=
ac_cv_env_CPP_set=
ac_cv_env_CPP_value=
ac_cv_env_LDFLAGS_set=
ac_cv_env_LDFLAGS_value=
ac_cv_env_build_alias_set=
ac_cv_env_build_alias_value=
ac_cv_env_host_alias_set=
ac_cv_env_host_alias_value=
ac_cv_env_target_alias_set=
ac_cv_env_target_alias_value=
ac_cv_exeext=
ac_cv_func__doprnt=no
ac_cv_func_connect=yes
ac_cv_func_gethostbyname=yes
ac_cv_func_gettimeofday=yes
ac_cv_func_inet_aton=yes
ac_cv_func_malloc_0_nonnull=yes
ac_cv_func_memset=yes
ac_cv_func_select=yes
ac_cv_func_select_args='int,fd_set *,struct timeval *'
ac_cv_func_socket=yes
ac_cv_func_strchr=yes
ac_cv_func_vprintf=yes
ac_cv_header_arpa_inet_h=yes
ac_cv_header_fcntl_h=yes
ac_cv_header_inttypes_h=yes
ac_cv_header_memory_h=yes
ac_cv_header_netdb_h=yes
ac_cv_header_netinet_in_h=yes
ac_cv_header_stdc=yes
ac_cv_header_stdint_h=yes
ac_cv_header_stdlib_h=yes
ac_cv_header_string_h=yes
ac_cv_header_strings_h=yes
ac_cv_header_sys_ioctl_h=yes
ac_cv_header_sys_select_h=yes
ac_cv_header_sys_socket_h=yes
ac_cv_header_sys_stat_h=yes
ac_cv_header_sys_types_h=yes
ac_cv_header_time=yes
ac_cv_header_unistd_h=yes
ac_cv_host=x86_64-unknown-linux-gnu
ac_cv_host_alias=x86_64-unknown-linux-gnu
ac_cv_lib_net_libnet_init=yes
ac_cv_lib_net_libnet_init_packet=no
ac_cv_lib_net_main=yes
ac_cv_lib_pcap_pcap_open_live=yes
ac_cv_member_struct_sockaddr_sa_len=no
ac_cv_objext=o
ac_cv_path_install='/usr/bin/install -c'
ac_cv_prog_CPP='wllvm -E'
ac_cv_prog_ac_ct_CC=wllvm
ac_cv_prog_cc_g=yes
ac_cv_prog_cc_stdc=
ac_cv_prog_egrep='grep -E'
ac_cv_prog_gcc_traditional=no
ac_cv_prog_make_make_set=yes
ac_cv_target=x86_64-unknown-linux-gnu
ac_cv_target_alias=x86_64-unknown-linux-gnu

## ----------------- ##
## Output variables. ##
## ----------------- ##

ACLOCAL='/home/muhammad/tcptraceroute/tcptraceroute-1.5beta7+debian/missing aclocal-1.4'
AUTOCONF='autoconf'
AUTOHEADER='autoheader'
AUTOMAKE='/home/muhammad/tcptraceroute/tcptraceroute-1.5beta7+debian/missing automake-1.4'
CC='wllvm'
CFLAGS='-g -O0 -Wall'
CPP='wllvm -E'
CPPFLAGS=''
DEFS='-DHAVE_CONFIG_H'
ECHO_C=''
ECHO_N='-n'
ECHO_T=''
EGREP='grep -E'
EXEEXT=''
INSTALL_DATA='${INSTALL} -m 644'
INSTALL_PROGRAM='${INSTALL}'
INSTALL_SCRIPT='${INSTALL}'
LDFLAGS=''
LIBOBJS=''
LIBS='-lnet -lpcap '
LTLIBOBJS=''
MAKEINFO='makeinfo'
OBJEXT='o'
PACKAGE='tcptraceroute'
PACKAGE_BUGREPORT=''
PACKAGE_NAME=''
PACKAGE_STRING=''
PACKAGE_TARNAME=''
PACKAGE_VERSION=''
PATH_SEPARATOR=':'
SET_MAKE=''
SHELL='/bin/bash'
VERSION='1.5beta7'
ac_ct_CC='wllvm'
bindir='${exec_prefix}/bin'
build='x86_64-unknown-linux-gnu'
build_alias=''
build_cpu='x86_64'
build_os='linux-gnu'
build_vendor='unknown'
datadir='${prefix}/share'
exec_prefix='${prefix}'
host='x86_64-unknown-linux-gnu'
host_alias=''
host_cpu='x86_64'
host_os='linux-gnu'
host_vendor='unknown'
includedir='${prefix}/include'
infodir='${prefix}/info'
libdir='${exec_prefix}/lib'
libexecdir='${exec_prefix}/libexec'
localstatedir='${prefix}/var'
mandir='${prefix}/man'
oldincludedir='/usr/include'
prefix='/usr/local'
program_transform_name='s,x,x,'
sbindir='${exec_prefix}/sbin'
sharedstatedir='${prefix}/com'
sysconfdir='${prefix}/etc'
target='x86_64-unknown-linux-gnu'
target_alias=''
target_cpu='x86_64'
target_os='linux-gnu'
target_vendor='unknown'

## ----------- ##
## confdefs.h. ##
## ----------- ##

#define DEFAULT_PORT 80
#define HAVE_ARPA_INET_H 1
#define HAVE_FCNTL_H 1
#define HAVE_GETTIMEOFDAY 1
#define HAVE_INTTYPES_H 1
#define HAVE_LIBNET 1
#define HAVE_LIBPCAP 1
#define HAVE_MALLOC 1
#define HAVE_MEMORY_H 1
#define HAVE_MEMSET 1
#define HAVE_NETDB_H 1
#define HAVE_NETINET_IN_H 1
#define HAVE_SELECT 1
#define HAVE_SOCKET 1
#define HAVE_STDINT_H 1
#define HAVE_STDLIB_H 1
#define HAVE_STDLIB_H 1
#define HAVE_STDLIB_H 1
#define HAVE_STRCHR 1
#define HAVE_STRINGS_H 1
#define HAVE_STRING_H 1
#define HAVE_STRING_H 1
#define HAVE_SYS_IOCTL_H 1
#define HAVE_SYS_SELECT_H 1
#define HAVE_SYS_SOCKET_H 1
#define HAVE_SYS_SOCKET_H 1
#define HAVE_SYS_STAT_H 1
#define HAVE_SYS_TYPES_H 1
#define HAVE_UNISTD_H 1
#define HAVE_UNISTD_H 1
#define HAVE_VPRINTF 1
#define LIBNET_API_VERSION 110
#define PACKAGE "tcptraceroute"
#define PACKAGE_BUGREPORT ""
#define PACKAGE_NAME ""
#define PACKAGE_STRING ""
#define PACKAGE_TARNAME ""
#define PACKAGE_VERSION ""
#define SELECT_TYPE_ARG1 int
#define SELECT_TYPE_ARG234 (fd_set *)
#define SELECT_TYPE_ARG5 (struct timeval *)
#define STDC_HEADERS 1
#define TARGET "x86_64-unknown-linux-gnu"
#define TIME_WITH_SYS_TIME 1
#define VERSION "1.5beta7"

configure: exit 0
